[0.073s] Invoking command in '/home/ros/ws_me462/build/my_robot_cell_control': AMENT_PREFIX_PATH=/home/ros/ws_me462/install/my_robot_cell_description:${AMENT_PREFIX_PATH} CMAKE_PREFIX_PATH=/home/ros/ws_me462/install/my_robot_cell_description:/opt/ros/humble /usr/bin/cmake --build /home/ros/ws_me462/build/my_robot_cell_control -- -j4 -l4
[0.350s] Invoked command in '/home/ros/ws_me462/build/my_robot_cell_control' returned '0': AMENT_PREFIX_PATH=/home/ros/ws_me462/install/my_robot_cell_description:${AMENT_PREFIX_PATH} CMAKE_PREFIX_PATH=/home/ros/ws_me462/install/my_robot_cell_description:/opt/ros/humble /usr/bin/cmake --build /home/ros/ws_me462/build/my_robot_cell_control -- -j4 -l4
[0.354s] Invoking command in '/home/ros/ws_me462/build/my_robot_cell_control': AMENT_PREFIX_PATH=/home/ros/ws_me462/install/my_robot_cell_description:${AMENT_PREFIX_PATH} CMAKE_PREFIX_PATH=/home/ros/ws_me462/install/my_robot_cell_description:/opt/ros/humble /usr/bin/cmake --install /home/ros/ws_me462/build/my_robot_cell_control
[0.399s] -- Install configuration: ""
[0.400s] -- Execute custom install script
[0.401s] -- Up-to-date symlink: /home/ros/ws_me462/install/my_robot_cell_control/share/my_robot_cell_control/launch/start_robot.launch.py
[0.401s] -- Up-to-date symlink: /home/ros/ws_me462/install/my_robot_cell_control/share/my_robot_cell_control/config/my_robot_calibration.yaml
[0.401s] -- Up-to-date symlink: /home/ros/ws_me462/install/my_robot_cell_control/share/my_robot_cell_control/config/ur5e/joint_limits.yaml
[0.401s] -- Up-to-date symlink: /home/ros/ws_me462/install/my_robot_cell_control/share/my_robot_cell_control/config/ur5e/physical_parameters.yaml
[0.401s] -- Up-to-date symlink: /home/ros/ws_me462/install/my_robot_cell_control/share/my_robot_cell_control/config/ur5e/visual_parameters.yaml
[0.402s] -- Up-to-date symlink: /home/ros/ws_me462/install/my_robot_cell_control/share/my_robot_cell_control/urdf/my_robot_cell_controlled.urdf.xacro
[0.402s] -- Up-to-date symlink: /home/ros/ws_me462/install/my_robot_cell_control/share/my_robot_cell_control/rviz/view_robot.rviz
[0.403s] -- Up-to-date symlink: /home/ros/ws_me462/install/my_robot_cell_control/share/ament_index/resource_index/package_run_dependencies/my_robot_cell_control
[0.403s] -- Up-to-date symlink: /home/ros/ws_me462/install/my_robot_cell_control/share/ament_index/resource_index/parent_prefix_path/my_robot_cell_control
[0.403s] -- Up-to-date symlink: /home/ros/ws_me462/install/my_robot_cell_control/share/my_robot_cell_control/environment/ament_prefix_path.sh
[0.404s] -- Up-to-date symlink: /home/ros/ws_me462/install/my_robot_cell_control/share/my_robot_cell_control/environment/ament_prefix_path.dsv
[0.404s] -- Up-to-date symlink: /home/ros/ws_me462/install/my_robot_cell_control/share/my_robot_cell_control/environment/path.sh
[0.407s] -- Up-to-date symlink: /home/ros/ws_me462/install/my_robot_cell_control/share/my_robot_cell_control/environment/path.dsv
[0.408s] -- Up-to-date symlink: /home/ros/ws_me462/install/my_robot_cell_control/share/my_robot_cell_control/local_setup.bash
[0.408s] -- Up-to-date symlink: /home/ros/ws_me462/install/my_robot_cell_control/share/my_robot_cell_control/local_setup.sh
[0.408s] -- Up-to-date symlink: /home/ros/ws_me462/install/my_robot_cell_control/share/my_robot_cell_control/local_setup.zsh
[0.408s] -- Up-to-date symlink: /home/ros/ws_me462/install/my_robot_cell_control/share/my_robot_cell_control/local_setup.dsv
[0.411s] -- Symlinking: /home/ros/ws_me462/install/my_robot_cell_control/share/my_robot_cell_control/package.dsv
[0.438s] -- Up-to-date symlink: /home/ros/ws_me462/install/my_robot_cell_control/share/ament_index/resource_index/packages/my_robot_cell_control
[0.443s] -- Up-to-date symlink: /home/ros/ws_me462/install/my_robot_cell_control/share/my_robot_cell_control/cmake/my_robot_cell_controlConfig.cmake
[0.444s] -- Up-to-date symlink: /home/ros/ws_me462/install/my_robot_cell_control/share/my_robot_cell_control/cmake/my_robot_cell_controlConfig-version.cmake
[0.445s] -- Up-to-date symlink: /home/ros/ws_me462/install/my_robot_cell_control/share/my_robot_cell_control/package.xml
[0.461s] Invoked command in '/home/ros/ws_me462/build/my_robot_cell_control' returned '0': AMENT_PREFIX_PATH=/home/ros/ws_me462/install/my_robot_cell_description:${AMENT_PREFIX_PATH} CMAKE_PREFIX_PATH=/home/ros/ws_me462/install/my_robot_cell_description:/opt/ros/humble /usr/bin/cmake --install /home/ros/ws_me462/build/my_robot_cell_control
