[0.179s] Invoking command in '/home/ros/ws_me462/build/my_robot_cell_control': AMENT_PREFIX_PATH=/home/ros/ws_me462/install/my_robot_cell_description:${AMENT_PREFIX_PATH} CMAKE_PREFIX_PATH=/home/ros/ws_me462/install/my_robot_cell_description:/opt/ros/humble /usr/bin/cmake --build /home/ros/ws_me462/build/my_robot_cell_control -- -j4 -l4
[0.351s] Invoked command in '/home/ros/ws_me462/build/my_robot_cell_control' returned '0': AMENT_PREFIX_PATH=/home/ros/ws_me462/install/my_robot_cell_description:${AMENT_PREFIX_PATH} CMAKE_PREFIX_PATH=/home/ros/ws_me462/install/my_robot_cell_description:/opt/ros/humble /usr/bin/cmake --build /home/ros/ws_me462/build/my_robot_cell_control -- -j4 -l4
[0.357s] Invoking command in '/home/ros/ws_me462/build/my_robot_cell_control': AMENT_PREFIX_PATH=/home/ros/ws_me462/install/my_robot_cell_description:${AMENT_PREFIX_PATH} CMAKE_PREFIX_PATH=/home/ros/ws_me462/install/my_robot_cell_description:/opt/ros/humble /usr/bin/cmake --install /home/ros/ws_me462/build/my_robot_cell_control
[0.408s] -- Install configuration: ""
[0.410s] -- Execute custom install script
[0.412s] -- Up-to-date symlink: /home/ros/ws_me462/install/my_robot_cell_control/share/my_robot_cell_control/launch/start_robot.launch.py
[0.415s] -- Up-to-date symlink: /home/ros/ws_me462/install/my_robot_cell_control/share/my_robot_cell_control/config/my_robot_calibration.yaml
[0.415s] -- Up-to-date symlink: /home/ros/ws_me462/install/my_robot_cell_control/share/my_robot_cell_control/config/ur5e/joint_limits.yaml
[0.416s] -- Up-to-date symlink: /home/ros/ws_me462/install/my_robot_cell_control/share/my_robot_cell_control/config/ur5e/physical_parameters.yaml
[0.416s] -- Up-to-date symlink: /home/ros/ws_me462/install/my_robot_cell_control/share/my_robot_cell_control/config/ur5e/visual_parameters.yaml
[0.416s] -- Up-to-date symlink: /home/ros/ws_me462/install/my_robot_cell_control/share/my_robot_cell_control/urdf/my_robot_cell_controlled.urdf.xacro
[0.416s] -- Up-to-date symlink: /home/ros/ws_me462/install/my_robot_cell_control/share/my_robot_cell_control/rviz/view_robot.rviz
[0.422s] -- Up-to-date symlink: /home/ros/ws_me462/install/my_robot_cell_control/share/ament_index/resource_index/package_run_dependencies/my_robot_cell_control
[0.422s] -- Up-to-date symlink: /home/ros/ws_me462/install/my_robot_cell_control/share/ament_index/resource_index/parent_prefix_path/my_robot_cell_control
[0.422s] -- Up-to-date symlink: /home/ros/ws_me462/install/my_robot_cell_control/share/my_robot_cell_control/environment/ament_prefix_path.sh
[0.422s] -- Up-to-date symlink: /home/ros/ws_me462/install/my_robot_cell_control/share/my_robot_cell_control/environment/ament_prefix_path.dsv
[0.425s] -- Up-to-date symlink: /home/ros/ws_me462/install/my_robot_cell_control/share/my_robot_cell_control/environment/path.sh
[0.427s] -- Up-to-date symlink: /home/ros/ws_me462/install/my_robot_cell_control/share/my_robot_cell_control/environment/path.dsv
[0.427s] -- Up-to-date symlink: /home/ros/ws_me462/install/my_robot_cell_control/share/my_robot_cell_control/local_setup.bash
[0.427s] -- Up-to-date symlink: /home/ros/ws_me462/install/my_robot_cell_control/share/my_robot_cell_control/local_setup.sh
[0.428s] -- Up-to-date symlink: /home/ros/ws_me462/install/my_robot_cell_control/share/my_robot_cell_control/local_setup.zsh
[0.428s] -- Up-to-date symlink: /home/ros/ws_me462/install/my_robot_cell_control/share/my_robot_cell_control/local_setup.dsv
[0.428s] -- Symlinking: /home/ros/ws_me462/install/my_robot_cell_control/share/my_robot_cell_control/package.dsv
[0.446s] -- Up-to-date symlink: /home/ros/ws_me462/install/my_robot_cell_control/share/ament_index/resource_index/packages/my_robot_cell_control
[0.446s] -- Up-to-date symlink: /home/ros/ws_me462/install/my_robot_cell_control/share/my_robot_cell_control/cmake/my_robot_cell_controlConfig.cmake
[0.447s] -- Up-to-date symlink: /home/ros/ws_me462/install/my_robot_cell_control/share/my_robot_cell_control/cmake/my_robot_cell_controlConfig-version.cmake
[0.449s] -- Up-to-date symlink: /home/ros/ws_me462/install/my_robot_cell_control/share/my_robot_cell_control/package.xml
[0.459s] Invoked command in '/home/ros/ws_me462/build/my_robot_cell_control' returned '0': AMENT_PREFIX_PATH=/home/ros/ws_me462/install/my_robot_cell_description:${AMENT_PREFIX_PATH} CMAKE_PREFIX_PATH=/home/ros/ws_me462/install/my_robot_cell_description:/opt/ros/humble /usr/bin/cmake --install /home/ros/ws_me462/build/my_robot_cell_control
