[0.000000] (-) TimerEvent: {}
[0.001020] (-) JobUnselected: {'identifier': 'my_robot_cell_control'}
[0.004082] (-) JobUnselected: {'identifier': 'my_robot_cell_description'}
[0.004827] (-) JobUnselected: {'identifier': 'my_robot_cell_moveit_config'}
[0.005999] (-) JobUnselected: {'identifier': 'tutan_gripper'}
[0.006454] (zenpool_draw_letter) JobQueued: {'identifier': 'zenpool_draw_letter', 'dependencies': OrderedDict()}
[0.006952] (zenpool_draw_letter) JobStarted: {'identifier': 'zenpool_draw_letter'}
[0.051140] (zenpool_draw_letter) JobProgress: {'identifier': 'zenpool_draw_letter', 'progress': 'cmake'}
[0.067177] (zenpool_draw_letter) JobProgress: {'identifier': 'zenpool_draw_letter', 'progress': 'build'}
[0.067874] (zenpool_draw_letter) Command: {'cmd': ['/usr/bin/cmake', '--build', '/home/ros/ws_me462/build/zenpool_draw_letter', '--', '-j4', '-l4'], 'cwd': '/home/ros/ws_me462/build/zenpool_draw_letter', 'env': OrderedDict([('HOSTNAME', 'deniz-pi500'), ('SHLVL', '1'), ('LD_LIBRARY_PATH', '/opt/ros/humble/opt/rviz_ogre_vendor/lib:/opt/ros/humble/lib/aarch64-linux-gnu:/opt/ros/humble/lib'), ('HOME', '/home/ros'), ('OLDPWD', '/home/ros/ws_me462'), ('ROS_PYTHON_VERSION', '3'), ('COLCON_PREFIX_PATH', '/home/ros/ws_me462/install'), ('ROS_DISTRO', 'humble'), ('_', '/usr/bin/colcon'), ('ROS_VERSION', '2'), ('TERM', 'xterm'), ('ROS_LOCALHOST_ONLY', '0'), ('PATH', '/opt/ros/humble/bin:/usr/local/sbin:/usr/local/bin:/usr/sbin:/usr/bin:/sbin:/bin'), ('DISPLAY', ':0'), ('LANG', 'C.UTF-8'), ('AMENT_PREFIX_PATH', '/home/ros/ws_me462/install/zenpool_draw_letter:/home/ros/ws_me462/install/tutan_gripper:/home/ros/ws_me462/install/my_robot_cell_moveit_config:/home/ros/ws_me462/install/my_robot_cell_control:/home/ros/ws_me462/install/my_robot_cell_description:/opt/ros/humble'), ('PWD', '/home/ros/ws_me462/build/zenpool_draw_letter'), ('LC_ALL', 'C.UTF-8'), ('PYTHONPATH', '/home/ros/ws_me462/build/tutan_gripper:/home/ros/ws_me462/install/tutan_gripper/lib/python3.10/site-packages:/opt/ros/humble/lib/python3.10/site-packages:/opt/ros/humble/local/lib/python3.10/dist-packages'), ('COLCON', '1'), ('CMAKE_PREFIX_PATH', '/home/ros/ws_me462/install/zenpool_draw_letter:/home/ros/ws_me462/install/my_robot_cell_moveit_config:/home/ros/ws_me462/install/my_robot_cell_control:/home/ros/ws_me462/install/my_robot_cell_description:/home/ros/ws_me462/install/tutan_gripper:/opt/ros/humble')]), 'shell': False}
[0.099799] (-) TimerEvent: {}
[0.202741] (-) TimerEvent: {}
[0.303781] (-) TimerEvent: {}
[0.378656] (zenpool_draw_letter) StdoutLine: {'line': b'[ 33%] Built target zenpool_draw_servo\n'}
[0.384104] (zenpool_draw_letter) StdoutLine: {'line': b'[ 66%] Built target zenpool_draw_letter\n'}
[0.389406] (zenpool_draw_letter) StdoutLine: {'line': b'[100%] Built target zenpool_teleop_servo\n'}
[0.403965] (-) TimerEvent: {}
[0.447483] (zenpool_draw_letter) CommandEnded: {'returncode': 0}
[0.454224] (zenpool_draw_letter) JobProgress: {'identifier': 'zenpool_draw_letter', 'progress': 'install'}
[0.489489] (zenpool_draw_letter) Command: {'cmd': ['/usr/bin/cmake', '--install', '/home/ros/ws_me462/build/zenpool_draw_letter'], 'cwd': '/home/ros/ws_me462/build/zenpool_draw_letter', 'env': OrderedDict([('HOSTNAME', 'deniz-pi500'), ('SHLVL', '1'), ('LD_LIBRARY_PATH', '/opt/ros/humble/opt/rviz_ogre_vendor/lib:/opt/ros/humble/lib/aarch64-linux-gnu:/opt/ros/humble/lib'), ('HOME', '/home/ros'), ('OLDPWD', '/home/ros/ws_me462'), ('ROS_PYTHON_VERSION', '3'), ('COLCON_PREFIX_PATH', '/home/ros/ws_me462/install'), ('ROS_DISTRO', 'humble'), ('_', '/usr/bin/colcon'), ('ROS_VERSION', '2'), ('TERM', 'xterm'), ('ROS_LOCALHOST_ONLY', '0'), ('PATH', '/opt/ros/humble/bin:/usr/local/sbin:/usr/local/bin:/usr/sbin:/usr/bin:/sbin:/bin'), ('DISPLAY', ':0'), ('LANG', 'C.UTF-8'), ('AMENT_PREFIX_PATH', '/home/ros/ws_me462/install/zenpool_draw_letter:/home/ros/ws_me462/install/tutan_gripper:/home/ros/ws_me462/install/my_robot_cell_moveit_config:/home/ros/ws_me462/install/my_robot_cell_control:/home/ros/ws_me462/install/my_robot_cell_description:/opt/ros/humble'), ('PWD', '/home/ros/ws_me462/build/zenpool_draw_letter'), ('LC_ALL', 'C.UTF-8'), ('PYTHONPATH', '/home/ros/ws_me462/build/tutan_gripper:/home/ros/ws_me462/install/tutan_gripper/lib/python3.10/site-packages:/opt/ros/humble/lib/python3.10/site-packages:/opt/ros/humble/local/lib/python3.10/dist-packages'), ('COLCON', '1'), ('CMAKE_PREFIX_PATH', '/home/ros/ws_me462/install/zenpool_draw_letter:/home/ros/ws_me462/install/my_robot_cell_moveit_config:/home/ros/ws_me462/install/my_robot_cell_control:/home/ros/ws_me462/install/my_robot_cell_description:/home/ros/ws_me462/install/tutan_gripper:/opt/ros/humble')]), 'shell': False}
[0.504246] (-) TimerEvent: {}
[0.516390] (zenpool_draw_letter) StdoutLine: {'line': b'-- Install configuration: ""\n'}
[0.524305] (zenpool_draw_letter) StdoutLine: {'line': b'-- Execute custom install script\n'}
[0.526648] (zenpool_draw_letter) StdoutLine: {'line': b'-- Up-to-date symlink: /home/ros/ws_me462/install/zenpool_draw_letter/lib/zenpool_draw_letter/zenpool_draw_letter\n'}
[0.527527] (zenpool_draw_letter) StdoutLine: {'line': b'-- Up-to-date symlink: /home/ros/ws_me462/install/zenpool_draw_letter/lib/zenpool_draw_letter/zenpool_draw_servo\n'}
[0.533747] (zenpool_draw_letter) StdoutLine: {'line': b'-- Up-to-date symlink: /home/ros/ws_me462/install/zenpool_draw_letter/lib/zenpool_draw_letter/zenpool_teleop_servo\n'}
[0.536948] (zenpool_draw_letter) StdoutLine: {'line': b'-- Up-to-date symlink: /home/ros/ws_me462/install/zenpool_draw_letter/lib/zenpool_draw_letter/face_tracker_servo.py\n'}
[0.539676] (zenpool_draw_letter) StdoutLine: {'line': b'-- Up-to-date symlink: /home/ros/ws_me462/install/zenpool_draw_letter/lib/zenpool_draw_letter/aruco_tracker_servo.py\n'}
[0.540167] (zenpool_draw_letter) StdoutLine: {'line': b'-- Up-to-date symlink: /home/ros/ws_me462/install/zenpool_draw_letter/lib/zenpool_draw_letter/custom_dashboard.py\n'}
[0.541692] (zenpool_draw_letter) StdoutLine: {'line': b'-- Up-to-date symlink: /home/ros/ws_me462/install/zenpool_draw_letter/lib/zenpool_draw_letter/tool_manager.py\n'}
[0.542304] (zenpool_draw_letter) StdoutLine: {'line': b'-- Up-to-date symlink: /home/ros/ws_me462/install/zenpool_draw_letter/lib/zenpool_draw_letter/take_one.py\n'}
[0.542624] (zenpool_draw_letter) StdoutLine: {'line': b'-- Up-to-date symlink: /home/ros/ws_me462/install/zenpool_draw_letter/lib/zenpool_draw_letter/drop_one.py\n'}
[0.542808] (zenpool_draw_letter) StdoutLine: {'line': b'-- Up-to-date symlink: /home/ros/ws_me462/install/zenpool_draw_letter/lib/zenpool_draw_letter/take_two.py\n'}
[0.542976] (zenpool_draw_letter) StdoutLine: {'line': b'-- Up-to-date symlink: /home/ros/ws_me462/install/zenpool_draw_letter/lib/zenpool_draw_letter/drop_two.py\n'}
[0.543084] (zenpool_draw_letter) StdoutLine: {'line': b'-- Up-to-date symlink: /home/ros/ws_me462/install/zenpool_draw_letter/lib/zenpool_draw_letter/take_three.py\n'}
[0.543156] (zenpool_draw_letter) StdoutLine: {'line': b'-- Up-to-date symlink: /home/ros/ws_me462/install/zenpool_draw_letter/lib/zenpool_draw_letter/drop_three.py\n'}
[0.545615] (zenpool_draw_letter) StdoutLine: {'line': b'-- Up-to-date symlink: /home/ros/ws_me462/install/zenpool_draw_letter/lib/zenpool_draw_letter/full_cleaning.py\n'}
[0.546007] (zenpool_draw_letter) StdoutLine: {'line': b'-- Up-to-date symlink: /home/ros/ws_me462/install/zenpool_draw_letter/lib/zenpool_draw_letter/drawing_job_executor.py\n'}
[0.546861] (zenpool_draw_letter) StdoutLine: {'line': b'-- Up-to-date symlink: /home/ros/ws_me462/install/zenpool_draw_letter/share/zenpool_draw_letter/launch/zenpool_draw.launch.py\n'}
[0.547011] (zenpool_draw_letter) StdoutLine: {'line': b'-- Up-to-date symlink: /home/ros/ws_me462/install/zenpool_draw_letter/share/ament_index/resource_index/package_run_dependencies/zenpool_draw_letter\n'}
[0.547151] (zenpool_draw_letter) StdoutLine: {'line': b'-- Up-to-date symlink: /home/ros/ws_me462/install/zenpool_draw_letter/share/ament_index/resource_index/parent_prefix_path/zenpool_draw_letter\n'}
[0.547423] (zenpool_draw_letter) StdoutLine: {'line': b'-- Up-to-date symlink: /home/ros/ws_me462/install/zenpool_draw_letter/share/zenpool_draw_letter/environment/ament_prefix_path.sh\n'}
[0.547654] (zenpool_draw_letter) StdoutLine: {'line': b'-- Up-to-date symlink: /home/ros/ws_me462/install/zenpool_draw_letter/share/zenpool_draw_letter/environment/ament_prefix_path.dsv\n'}
[0.547867] (zenpool_draw_letter) StdoutLine: {'line': b'-- Up-to-date symlink: /home/ros/ws_me462/install/zenpool_draw_letter/share/zenpool_draw_letter/environment/path.sh\n'}
[0.548078] (zenpool_draw_letter) StdoutLine: {'line': b'-- Up-to-date symlink: /home/ros/ws_me462/install/zenpool_draw_letter/share/zenpool_draw_letter/environment/path.dsv\n'}
[0.548279] (zenpool_draw_letter) StdoutLine: {'line': b'-- Up-to-date symlink: /home/ros/ws_me462/install/zenpool_draw_letter/share/zenpool_draw_letter/local_setup.bash\n'}
[0.549413] (zenpool_draw_letter) StdoutLine: {'line': b'-- Up-to-date symlink: /home/ros/ws_me462/install/zenpool_draw_letter/share/zenpool_draw_letter/local_setup.sh\n'}
[0.550764] (zenpool_draw_letter) StdoutLine: {'line': b'-- Up-to-date symlink: /home/ros/ws_me462/install/zenpool_draw_letter/share/zenpool_draw_letter/local_setup.zsh\n'}
[0.550948] (zenpool_draw_letter) StdoutLine: {'line': b'-- Up-to-date symlink: /home/ros/ws_me462/install/zenpool_draw_letter/share/zenpool_draw_letter/local_setup.dsv\n'}
[0.551031] (zenpool_draw_letter) StdoutLine: {'line': b'-- Symlinking: /home/ros/ws_me462/install/zenpool_draw_letter/share/zenpool_draw_letter/package.dsv\n'}
[0.575111] (zenpool_draw_letter) StdoutLine: {'line': b'-- Up-to-date symlink: /home/ros/ws_me462/install/zenpool_draw_letter/share/ament_index/resource_index/packages/zenpool_draw_letter\n'}
[0.575744] (zenpool_draw_letter) StdoutLine: {'line': b'-- Up-to-date symlink: /home/ros/ws_me462/install/zenpool_draw_letter/share/zenpool_draw_letter/cmake/zenpool_draw_letterConfig.cmake\n'}
[0.575876] (zenpool_draw_letter) StdoutLine: {'line': b'-- Up-to-date symlink: /home/ros/ws_me462/install/zenpool_draw_letter/share/zenpool_draw_letter/cmake/zenpool_draw_letterConfig-version.cmake\n'}
[0.575957] (zenpool_draw_letter) StdoutLine: {'line': b'-- Up-to-date symlink: /home/ros/ws_me462/install/zenpool_draw_letter/share/zenpool_draw_letter/package.xml\n'}
[0.580464] (zenpool_draw_letter) CommandEnded: {'returncode': 0}
[0.604422] (-) TimerEvent: {}
[0.675988] (zenpool_draw_letter) JobEnded: {'identifier': 'zenpool_draw_letter', 'rc': 0}
[0.680729] (-) EventReactorShutdown: {}
