[0.000000] (-) TimerEvent: {}
[0.000552] (-) JobUnselected: {'identifier': 'my_robot_cell_control'}
[0.000624] (-) JobUnselected: {'identifier': 'my_robot_cell_description'}
[0.000659] (-) JobUnselected: {'identifier': 'tutan_gripper'}
[0.000690] (-) JobUnselected: {'identifier': 'zenpool_draw_letter'}
[0.000777] (my_robot_cell_moveit_config) JobQueued: {'identifier': 'my_robot_cell_moveit_config', 'dependencies': OrderedDict([('my_robot_cell_description', '/home/ros/ws_me462/install/my_robot_cell_description')])}
[0.002571] (my_robot_cell_moveit_config) JobStarted: {'identifier': 'my_robot_cell_moveit_config'}
[0.064146] (my_robot_cell_moveit_config) JobProgress: {'identifier': 'my_robot_cell_moveit_config', 'progress': 'cmake'}
[0.067133] (my_robot_cell_moveit_config) JobProgress: {'identifier': 'my_robot_cell_moveit_config', 'progress': 'build'}
[0.069411] (my_robot_cell_moveit_config) Command: {'cmd': ['/usr/bin/cmake', '--build', '/home/ros/ws_me462/build/my_robot_cell_moveit_config', '--', '-j4', '-l4'], 'cwd': '/home/ros/ws_me462/build/my_robot_cell_moveit_config', 'env': OrderedDict([('HOSTNAME', 'deniz-pi500'), ('SHLVL', '1'), ('LD_LIBRARY_PATH', '/opt/ros/humble/opt/rviz_ogre_vendor/lib:/opt/ros/humble/lib/aarch64-linux-gnu:/opt/ros/humble/lib'), ('HOME', '/home/ros'), ('OLDPWD', '/home/ros/ws_me462'), ('ROS_PYTHON_VERSION', '3'), ('COLCON_PREFIX_PATH', '/home/ros/ws_me462/install'), ('ROS_DISTRO', 'humble'), ('_', '/usr/bin/colcon'), ('ROS_VERSION', '2'), ('TERM', 'xterm'), ('ROS_LOCALHOST_ONLY', '0'), ('PATH', '/opt/ros/humble/bin:/usr/local/sbin:/usr/local/bin:/usr/sbin:/usr/bin:/sbin:/bin'), ('DISPLAY', ':0'), ('LANG', 'C.UTF-8'), ('AMENT_PREFIX_PATH', '/home/ros/ws_me462/install/zenpool_draw_letter:/home/ros/ws_me462/install/tutan_gripper:/home/ros/ws_me462/install/my_robot_cell_moveit_config:/home/ros/ws_me462/install/my_robot_cell_control:/home/ros/ws_me462/install/my_robot_cell_description:/opt/ros/humble'), ('PWD', '/home/ros/ws_me462/build/my_robot_cell_moveit_config'), ('LC_ALL', 'C.UTF-8'), ('PYTHONPATH', '/home/ros/ws_me462/build/tutan_gripper:/home/ros/ws_me462/install/tutan_gripper/lib/python3.10/site-packages:/opt/ros/humble/lib/python3.10/site-packages:/opt/ros/humble/local/lib/python3.10/dist-packages'), ('COLCON', '1'), ('CMAKE_PREFIX_PATH', '/home/ros/ws_me462/install/my_robot_cell_description:/home/ros/ws_me462/install/zenpool_draw_letter:/home/ros/ws_me462/install/my_robot_cell_moveit_config:/home/ros/ws_me462/install/my_robot_cell_control:/home/ros/ws_me462/install/tutan_gripper:/opt/ros/humble')]), 'shell': False}
[0.099723] (-) TimerEvent: {}
[0.196270] (my_robot_cell_moveit_config) CommandEnded: {'returncode': 0}
[0.202198] (-) TimerEvent: {}
[0.202666] (my_robot_cell_moveit_config) JobProgress: {'identifier': 'my_robot_cell_moveit_config', 'progress': 'install'}
[0.244364] (my_robot_cell_moveit_config) Command: {'cmd': ['/usr/bin/cmake', '--install', '/home/ros/ws_me462/build/my_robot_cell_moveit_config'], 'cwd': '/home/ros/ws_me462/build/my_robot_cell_moveit_config', 'env': OrderedDict([('HOSTNAME', 'deniz-pi500'), ('SHLVL', '1'), ('LD_LIBRARY_PATH', '/opt/ros/humble/opt/rviz_ogre_vendor/lib:/opt/ros/humble/lib/aarch64-linux-gnu:/opt/ros/humble/lib'), ('HOME', '/home/ros'), ('OLDPWD', '/home/ros/ws_me462'), ('ROS_PYTHON_VERSION', '3'), ('COLCON_PREFIX_PATH', '/home/ros/ws_me462/install'), ('ROS_DISTRO', 'humble'), ('_', '/usr/bin/colcon'), ('ROS_VERSION', '2'), ('TERM', 'xterm'), ('ROS_LOCALHOST_ONLY', '0'), ('PATH', '/opt/ros/humble/bin:/usr/local/sbin:/usr/local/bin:/usr/sbin:/usr/bin:/sbin:/bin'), ('DISPLAY', ':0'), ('LANG', 'C.UTF-8'), ('AMENT_PREFIX_PATH', '/home/ros/ws_me462/install/zenpool_draw_letter:/home/ros/ws_me462/install/tutan_gripper:/home/ros/ws_me462/install/my_robot_cell_moveit_config:/home/ros/ws_me462/install/my_robot_cell_control:/home/ros/ws_me462/install/my_robot_cell_description:/opt/ros/humble'), ('PWD', '/home/ros/ws_me462/build/my_robot_cell_moveit_config'), ('LC_ALL', 'C.UTF-8'), ('PYTHONPATH', '/home/ros/ws_me462/build/tutan_gripper:/home/ros/ws_me462/install/tutan_gripper/lib/python3.10/site-packages:/opt/ros/humble/lib/python3.10/site-packages:/opt/ros/humble/local/lib/python3.10/dist-packages'), ('COLCON', '1'), ('CMAKE_PREFIX_PATH', '/home/ros/ws_me462/install/my_robot_cell_description:/home/ros/ws_me462/install/zenpool_draw_letter:/home/ros/ws_me462/install/my_robot_cell_moveit_config:/home/ros/ws_me462/install/my_robot_cell_control:/home/ros/ws_me462/install/tutan_gripper:/opt/ros/humble')]), 'shell': False}
[0.267753] (my_robot_cell_moveit_config) StdoutLine: {'line': b'-- Install configuration: ""\n'}
[0.269790] (my_robot_cell_moveit_config) StdoutLine: {'line': b'-- Execute custom install script\n'}
[0.270209] (my_robot_cell_moveit_config) StdoutLine: {'line': b'-- Up-to-date symlink: /home/ros/ws_me462/install/my_robot_cell_moveit_config/share/ament_index/resource_index/package_run_dependencies/my_robot_cell_moveit_config\n'}
[0.270381] (my_robot_cell_moveit_config) StdoutLine: {'line': b'-- Up-to-date symlink: /home/ros/ws_me462/install/my_robot_cell_moveit_config/share/ament_index/resource_index/parent_prefix_path/my_robot_cell_moveit_config\n'}
[0.271928] (my_robot_cell_moveit_config) StdoutLine: {'line': b'-- Up-to-date symlink: /home/ros/ws_me462/install/my_robot_cell_moveit_config/share/my_robot_cell_moveit_config/environment/ament_prefix_path.sh\n'}
[0.272452] (my_robot_cell_moveit_config) StdoutLine: {'line': b'-- Up-to-date symlink: /home/ros/ws_me462/install/my_robot_cell_moveit_config/share/my_robot_cell_moveit_config/environment/ament_prefix_path.dsv\n'}
[0.272566] (my_robot_cell_moveit_config) StdoutLine: {'line': b'-- Up-to-date symlink: /home/ros/ws_me462/install/my_robot_cell_moveit_config/share/my_robot_cell_moveit_config/environment/path.sh\n'}
[0.273541] (my_robot_cell_moveit_config) StdoutLine: {'line': b'-- Up-to-date symlink: /home/ros/ws_me462/install/my_robot_cell_moveit_config/share/my_robot_cell_moveit_config/environment/path.dsv\n'}
[0.273781] (my_robot_cell_moveit_config) StdoutLine: {'line': b'-- Up-to-date symlink: /home/ros/ws_me462/install/my_robot_cell_moveit_config/share/my_robot_cell_moveit_config/local_setup.bash\n'}
[0.274291] (my_robot_cell_moveit_config) StdoutLine: {'line': b'-- Up-to-date symlink: /home/ros/ws_me462/install/my_robot_cell_moveit_config/share/my_robot_cell_moveit_config/local_setup.sh\n'}
[0.274609] (my_robot_cell_moveit_config) StdoutLine: {'line': b'-- Up-to-date symlink: /home/ros/ws_me462/install/my_robot_cell_moveit_config/share/my_robot_cell_moveit_config/local_setup.zsh\n'}
[0.275644] (my_robot_cell_moveit_config) StdoutLine: {'line': b'-- Up-to-date symlink: /home/ros/ws_me462/install/my_robot_cell_moveit_config/share/my_robot_cell_moveit_config/local_setup.dsv\n'}
[0.276624] (my_robot_cell_moveit_config) StdoutLine: {'line': b'-- Symlinking: /home/ros/ws_me462/install/my_robot_cell_moveit_config/share/my_robot_cell_moveit_config/package.dsv\n'}
[0.296761] (my_robot_cell_moveit_config) StdoutLine: {'line': b'-- Up-to-date symlink: /home/ros/ws_me462/install/my_robot_cell_moveit_config/share/ament_index/resource_index/packages/my_robot_cell_moveit_config\n'}
[0.297096] (my_robot_cell_moveit_config) StdoutLine: {'line': b'-- Up-to-date symlink: /home/ros/ws_me462/install/my_robot_cell_moveit_config/share/my_robot_cell_moveit_config/cmake/my_robot_cell_moveit_configConfig.cmake\n'}
[0.297295] (my_robot_cell_moveit_config) StdoutLine: {'line': b'-- Up-to-date symlink: /home/ros/ws_me462/install/my_robot_cell_moveit_config/share/my_robot_cell_moveit_config/cmake/my_robot_cell_moveit_configConfig-version.cmake\n'}
[0.297589] (my_robot_cell_moveit_config) StdoutLine: {'line': b'-- Up-to-date symlink: /home/ros/ws_me462/install/my_robot_cell_moveit_config/share/my_robot_cell_moveit_config/package.xml\n'}
[0.298800] (my_robot_cell_moveit_config) StdoutLine: {'line': b'-- Up-to-date symlink: /home/ros/ws_me462/install/my_robot_cell_moveit_config/share/my_robot_cell_moveit_config/launch/demo.launch.py\n'}
[0.299006] (my_robot_cell_moveit_config) StdoutLine: {'line': b'-- Up-to-date symlink: /home/ros/ws_me462/install/my_robot_cell_moveit_config/share/my_robot_cell_moveit_config/launch/move_group.launch.py\n'}
[0.299222] (my_robot_cell_moveit_config) StdoutLine: {'line': b'-- Up-to-date symlink: /home/ros/ws_me462/install/my_robot_cell_moveit_config/share/my_robot_cell_moveit_config/launch/moveit_rviz.launch.py\n'}
[0.299854] (my_robot_cell_moveit_config) StdoutLine: {'line': b'-- Up-to-date symlink: /home/ros/ws_me462/install/my_robot_cell_moveit_config/share/my_robot_cell_moveit_config/launch/rsp.launch.py\n'}
[0.300187] (my_robot_cell_moveit_config) StdoutLine: {'line': b'-- Up-to-date symlink: /home/ros/ws_me462/install/my_robot_cell_moveit_config/share/my_robot_cell_moveit_config/launch/servo.launch.py\n'}
[0.300340] (my_robot_cell_moveit_config) StdoutLine: {'line': b'-- Up-to-date symlink: /home/ros/ws_me462/install/my_robot_cell_moveit_config/share/my_robot_cell_moveit_config/launch/setup_assistant.launch.py\n'}
[0.300569] (my_robot_cell_moveit_config) StdoutLine: {'line': b'-- Up-to-date symlink: /home/ros/ws_me462/install/my_robot_cell_moveit_config/share/my_robot_cell_moveit_config/launch/spawn_controllers.launch.py\n'}
[0.301066] (my_robot_cell_moveit_config) StdoutLine: {'line': b'-- Up-to-date symlink: /home/ros/ws_me462/install/my_robot_cell_moveit_config/share/my_robot_cell_moveit_config/launch/static_virtual_joint_tfs.launch.py\n'}
[0.301336] (my_robot_cell_moveit_config) StdoutLine: {'line': b'-- Up-to-date symlink: /home/ros/ws_me462/install/my_robot_cell_moveit_config/share/my_robot_cell_moveit_config/launch/warehouse_db.launch.py\n'}
[0.302135] (my_robot_cell_moveit_config) StdoutLine: {'line': b'-- Up-to-date symlink: /home/ros/ws_me462/install/my_robot_cell_moveit_config/share/my_robot_cell_moveit_config/config/initial_positions.yaml\n'}
[0.302279] (-) TimerEvent: {}
[0.303312] (my_robot_cell_moveit_config) StdoutLine: {'line': b'-- Up-to-date symlink: /home/ros/ws_me462/install/my_robot_cell_moveit_config/share/my_robot_cell_moveit_config/config/joint_limits.yaml\n'}
[0.303532] (my_robot_cell_moveit_config) StdoutLine: {'line': b'-- Up-to-date symlink: /home/ros/ws_me462/install/my_robot_cell_moveit_config/share/my_robot_cell_moveit_config/config/kinematics.yaml\n'}
[0.304970] (my_robot_cell_moveit_config) StdoutLine: {'line': b'-- Up-to-date symlink: /home/ros/ws_me462/install/my_robot_cell_moveit_config/share/my_robot_cell_moveit_config/config/moveit.rviz\n'}
[0.306112] (my_robot_cell_moveit_config) StdoutLine: {'line': b'-- Up-to-date symlink: /home/ros/ws_me462/install/my_robot_cell_moveit_config/share/my_robot_cell_moveit_config/config/moveit_controllers.yaml\n'}
[0.311374] (my_robot_cell_moveit_config) StdoutLine: {'line': b'-- Up-to-date symlink: /home/ros/ws_me462/install/my_robot_cell_moveit_config/share/my_robot_cell_moveit_config/config/my_robot_cell.ros2_control.xacro\n'}
[0.312475] (my_robot_cell_moveit_config) StdoutLine: {'line': b'-- Up-to-date symlink: /home/ros/ws_me462/install/my_robot_cell_moveit_config/share/my_robot_cell_moveit_config/config/my_robot_cell.srdf\n'}
[0.319512] (my_robot_cell_moveit_config) StdoutLine: {'line': b'-- Up-to-date symlink: /home/ros/ws_me462/install/my_robot_cell_moveit_config/share/my_robot_cell_moveit_config/config/my_robot_cell.urdf.xacro\n'}
[0.323378] (my_robot_cell_moveit_config) StdoutLine: {'line': b'-- Up-to-date symlink: /home/ros/ws_me462/install/my_robot_cell_moveit_config/share/my_robot_cell_moveit_config/config/ompl_planning.yaml\n'}
[0.323616] (my_robot_cell_moveit_config) StdoutLine: {'line': b'-- Up-to-date symlink: /home/ros/ws_me462/install/my_robot_cell_moveit_config/share/my_robot_cell_moveit_config/config/pilz_cartesian_limits.yaml\n'}
[0.325246] (my_robot_cell_moveit_config) StdoutLine: {'line': b'-- Up-to-date symlink: /home/ros/ws_me462/install/my_robot_cell_moveit_config/share/my_robot_cell_moveit_config/config/ros2_controllers.yaml\n'}
[0.325510] (my_robot_cell_moveit_config) StdoutLine: {'line': b'-- Up-to-date symlink: /home/ros/ws_me462/install/my_robot_cell_moveit_config/share/my_robot_cell_moveit_config/config/sensors_3d.yaml\n'}
[0.325742] (my_robot_cell_moveit_config) StdoutLine: {'line': b'-- Up-to-date symlink: /home/ros/ws_me462/install/my_robot_cell_moveit_config/share/my_robot_cell_moveit_config/config/servo.yaml\n'}
[0.326200] (my_robot_cell_moveit_config) StdoutLine: {'line': b'-- Up-to-date symlink: /home/ros/ws_me462/install/my_robot_cell_moveit_config/share/my_robot_cell_moveit_config/srdf/my_robot_cell.srdf\n'}
[0.326484] (my_robot_cell_moveit_config) StdoutLine: {'line': b'-- Up-to-date symlink: /home/ros/ws_me462/install/my_robot_cell_moveit_config/share/my_robot_cell_moveit_config/.setup_assistant\n'}
[0.337822] (my_robot_cell_moveit_config) CommandEnded: {'returncode': 0}
[0.402437] (-) TimerEvent: {}
[0.406485] (my_robot_cell_moveit_config) JobEnded: {'identifier': 'my_robot_cell_moveit_config', 'rc': 0}
[0.414779] (-) EventReactorShutdown: {}
