[0.791s] Invoking command in '/home/ros/ws_me462/build/zenpool_draw_letter': CMAKE_PREFIX_PATH=${CMAKE_PREFIX_PATH}:/home/ros/ws_me462/install/tutan_gripper:/opt/ros/humble /usr/bin/cmake --build /home/ros/ws_me462/build/zenpool_draw_letter -- -j4 -l4
[1.109s] [ 33%] Built target zenpool_draw_letter
[1.178s] [ 66%] Built target zenpool_teleop_servo
[1.181s] [100%] Built target zenpool_draw_servo
[1.254s] Invoked command in '/home/ros/ws_me462/build/zenpool_draw_letter' returned '0': CMAKE_PREFIX_PATH=${CMAKE_PREFIX_PATH}:/home/ros/ws_me462/install/tutan_gripper:/opt/ros/humble /usr/bin/cmake --build /home/ros/ws_me462/build/zenpool_draw_letter -- -j4 -l4
[1.260s] Invoking command in '/home/ros/ws_me462/build/zenpool_draw_letter': CMAKE_PREFIX_PATH=${CMAKE_PREFIX_PATH}:/home/ros/ws_me462/install/tutan_gripper:/opt/ros/humble /usr/bin/cmake --install /home/ros/ws_me462/build/zenpool_draw_letter
[1.334s] -- Install configuration: ""
[1.336s] -- Execute custom install script
[1.338s] -- Up-to-date symlink: /home/ros/ws_me462/install/zenpool_draw_letter/lib/zenpool_draw_letter/zenpool_draw_letter
[1.341s] -- Up-to-date symlink: /home/ros/ws_me462/install/zenpool_draw_letter/lib/zenpool_draw_letter/zenpool_draw_servo
[1.342s] -- Up-to-date symlink: /home/ros/ws_me462/install/zenpool_draw_letter/lib/zenpool_draw_letter/zenpool_teleop_servo
[1.344s] -- Up-to-date symlink: /home/ros/ws_me462/install/zenpool_draw_letter/lib/zenpool_draw_letter/face_tracker_servo.py
[1.349s] -- Up-to-date symlink: /home/ros/ws_me462/install/zenpool_draw_letter/lib/zenpool_draw_letter/aruco_tracker_servo.py
[1.352s] -- Up-to-date symlink: /home/ros/ws_me462/install/zenpool_draw_letter/lib/zenpool_draw_letter/custom_dashboard.py
[1.353s] -- Up-to-date symlink: /home/ros/ws_me462/install/zenpool_draw_letter/lib/zenpool_draw_letter/tool_manager.py
[1.355s] -- Up-to-date symlink: /home/ros/ws_me462/install/zenpool_draw_letter/share/zenpool_draw_letter/launch/zenpool_draw.launch.py
[1.356s] -- Up-to-date symlink: /home/ros/ws_me462/install/zenpool_draw_letter/share/ament_index/resource_index/package_run_dependencies/zenpool_draw_letter
[1.356s] -- Up-to-date symlink: /home/ros/ws_me462/install/zenpool_draw_letter/share/ament_index/resource_index/parent_prefix_path/zenpool_draw_letter
[1.356s] -- Up-to-date symlink: /home/ros/ws_me462/install/zenpool_draw_letter/share/zenpool_draw_letter/environment/ament_prefix_path.sh
[1.356s] -- Up-to-date symlink: /home/ros/ws_me462/install/zenpool_draw_letter/share/zenpool_draw_letter/environment/ament_prefix_path.dsv
[1.358s] -- Up-to-date symlink: /home/ros/ws_me462/install/zenpool_draw_letter/share/zenpool_draw_letter/environment/path.sh
[1.366s] -- Up-to-date symlink: /home/ros/ws_me462/install/zenpool_draw_letter/share/zenpool_draw_letter/environment/path.dsv
[1.367s] -- Up-to-date symlink: /home/ros/ws_me462/install/zenpool_draw_letter/share/zenpool_draw_letter/local_setup.bash
[1.368s] -- Up-to-date symlink: /home/ros/ws_me462/install/zenpool_draw_letter/share/zenpool_draw_letter/local_setup.sh
[1.368s] -- Up-to-date symlink: /home/ros/ws_me462/install/zenpool_draw_letter/share/zenpool_draw_letter/local_setup.zsh
[1.368s] -- Up-to-date symlink: /home/ros/ws_me462/install/zenpool_draw_letter/share/zenpool_draw_letter/local_setup.dsv
[1.368s] -- Symlinking: /home/ros/ws_me462/install/zenpool_draw_letter/share/zenpool_draw_letter/package.dsv
[1.453s] -- Up-to-date symlink: /home/ros/ws_me462/install/zenpool_draw_letter/share/ament_index/resource_index/packages/zenpool_draw_letter
[1.453s] -- Up-to-date symlink: /home/ros/ws_me462/install/zenpool_draw_letter/share/zenpool_draw_letter/cmake/zenpool_draw_letterConfig.cmake
[1.453s] -- Up-to-date symlink: /home/ros/ws_me462/install/zenpool_draw_letter/share/zenpool_draw_letter/cmake/zenpool_draw_letterConfig-version.cmake
[1.456s] -- Up-to-date symlink: /home/ros/ws_me462/install/zenpool_draw_letter/share/zenpool_draw_letter/package.xml
[1.482s] Invoked command in '/home/ros/ws_me462/build/zenpool_draw_letter' returned '0': CMAKE_PREFIX_PATH=${CMAKE_PREFIX_PATH}:/home/ros/ws_me462/install/tutan_gripper:/opt/ros/humble /usr/bin/cmake --install /home/ros/ws_me462/build/zenpool_draw_letter
