[0.737s] Invoking command in '/home/ros/ws_me462/build/zenpool_draw_letter': CMAKE_PREFIX_PATH=${CMAKE_PREFIX_PATH}:/home/ros/ws_me462/install/tutan_gripper:/opt/ros/humble /usr/bin/cmake --build /home/ros/ws_me462/build/zenpool_draw_letter -- -j4 -l4
[1.103s] [35m[1mConsolidate compiler generated dependencies of target zenpool_draw_letter[0m
[1.117s] [ 33%] Built target zenpool_teleop_servo
[1.171s] [ 66%] Built target zenpool_draw_servo
[1.228s] [100%] Built target zenpool_draw_letter
[1.294s] Invoked command in '/home/ros/ws_me462/build/zenpool_draw_letter' returned '0': CMAKE_PREFIX_PATH=${CMAKE_PREFIX_PATH}:/home/ros/ws_me462/install/tutan_gripper:/opt/ros/humble /usr/bin/cmake --build /home/ros/ws_me462/build/zenpool_draw_letter -- -j4 -l4
[1.302s] Invoking command in '/home/ros/ws_me462/build/zenpool_draw_letter': CMAKE_PREFIX_PATH=${CMAKE_PREFIX_PATH}:/home/ros/ws_me462/install/tutan_gripper:/opt/ros/humble /usr/bin/cmake --install /home/ros/ws_me462/build/zenpool_draw_letter
[1.337s] -- Install configuration: ""
[1.337s] -- Execute custom install script
[1.341s] -- Up-to-date symlink: /home/ros/ws_me462/install/zenpool_draw_letter/lib/zenpool_draw_letter/zenpool_draw_letter
[1.341s] -- Up-to-date symlink: /home/ros/ws_me462/install/zenpool_draw_letter/lib/zenpool_draw_letter/zenpool_draw_servo
[1.342s] -- Up-to-date symlink: /home/ros/ws_me462/install/zenpool_draw_letter/lib/zenpool_draw_letter/zenpool_teleop_servo
[1.342s] -- Up-to-date symlink: /home/ros/ws_me462/install/zenpool_draw_letter/lib/zenpool_draw_letter/face_tracker_servo.py
[1.346s] -- Up-to-date symlink: /home/ros/ws_me462/install/zenpool_draw_letter/lib/zenpool_draw_letter/aruco_tracker_servo.py
[1.346s] -- Up-to-date symlink: /home/ros/ws_me462/install/zenpool_draw_letter/share/zenpool_draw_letter/launch/zenpool_draw.launch.py
[1.350s] -- Up-to-date symlink: /home/ros/ws_me462/install/zenpool_draw_letter/share/ament_index/resource_index/package_run_dependencies/zenpool_draw_letter
[1.352s] -- Up-to-date symlink: /home/ros/ws_me462/install/zenpool_draw_letter/share/ament_index/resource_index/parent_prefix_path/zenpool_draw_letter
[1.354s] -- Up-to-date symlink: /home/ros/ws_me462/install/zenpool_draw_letter/share/zenpool_draw_letter/environment/ament_prefix_path.sh
[1.355s] -- Up-to-date symlink: /home/ros/ws_me462/install/zenpool_draw_letter/share/zenpool_draw_letter/environment/ament_prefix_path.dsv
[1.356s] -- Up-to-date symlink: /home/ros/ws_me462/install/zenpool_draw_letter/share/zenpool_draw_letter/environment/path.sh
[1.357s] -- Up-to-date symlink: /home/ros/ws_me462/install/zenpool_draw_letter/share/zenpool_draw_letter/environment/path.dsv
[1.357s] -- Up-to-date symlink: /home/ros/ws_me462/install/zenpool_draw_letter/share/zenpool_draw_letter/local_setup.bash
[1.357s] -- Up-to-date symlink: /home/ros/ws_me462/install/zenpool_draw_letter/share/zenpool_draw_letter/local_setup.sh
[1.357s] -- Up-to-date symlink: /home/ros/ws_me462/install/zenpool_draw_letter/share/zenpool_draw_letter/local_setup.zsh
[1.358s] -- Up-to-date symlink: /home/ros/ws_me462/install/zenpool_draw_letter/share/zenpool_draw_letter/local_setup.dsv
[1.358s] -- Symlinking: /home/ros/ws_me462/install/zenpool_draw_letter/share/zenpool_draw_letter/package.dsv
[1.383s] -- Up-to-date symlink: /home/ros/ws_me462/install/zenpool_draw_letter/share/ament_index/resource_index/packages/zenpool_draw_letter
[1.386s] -- Up-to-date symlink: /home/ros/ws_me462/install/zenpool_draw_letter/share/zenpool_draw_letter/cmake/zenpool_draw_letterConfig.cmake
[1.393s] -- Up-to-date symlink: /home/ros/ws_me462/install/zenpool_draw_letter/share/zenpool_draw_letter/cmake/zenpool_draw_letterConfig-version.cmake
[1.395s] -- Up-to-date symlink: /home/ros/ws_me462/install/zenpool_draw_letter/share/zenpool_draw_letter/package.xml
[1.418s] Invoked command in '/home/ros/ws_me462/build/zenpool_draw_letter' returned '0': CMAKE_PREFIX_PATH=${CMAKE_PREFIX_PATH}:/home/ros/ws_me462/install/tutan_gripper:/opt/ros/humble /usr/bin/cmake --install /home/ros/ws_me462/build/zenpool_draw_letter
