[0.000000] (-) TimerEvent: {}
[0.001924] (my_robot_cell_description) JobQueued: {'identifier': 'my_robot_cell_description', 'dependencies': OrderedDict()}
[0.002808] (tutan_gripper) JobQueued: {'identifier': 'tutan_gripper', 'dependencies': OrderedDict()}
[0.003946] (zenpool_draw_letter) JobQueued: {'identifier': 'zenpool_draw_letter', 'dependencies': OrderedDict()}
[0.004331] (my_robot_cell_control) JobQueued: {'identifier': 'my_robot_cell_control', 'dependencies': OrderedDict([('my_robot_cell_description', '/home/ros/ws_me462/install/my_robot_cell_description')])}
[0.004612] (my_robot_cell_moveit_config) JobQueued: {'identifier': 'my_robot_cell_moveit_config', 'dependencies': OrderedDict([('my_robot_cell_description', '/home/ros/ws_me462/install/my_robot_cell_description')])}
[0.005503] (my_robot_cell_description) JobStarted: {'identifier': 'my_robot_cell_description'}
[0.052086] (tutan_gripper) JobStarted: {'identifier': 'tutan_gripper'}
[0.088206] (zenpool_draw_letter) JobStarted: {'identifier': 'zenpool_draw_letter'}
[0.099165] (-) TimerEvent: {}
[0.120701] (my_robot_cell_description) JobProgress: {'identifier': 'my_robot_cell_description', 'progress': 'cmake'}
[0.146728] (my_robot_cell_description) JobProgress: {'identifier': 'my_robot_cell_description', 'progress': 'build'}
[0.152116] (my_robot_cell_description) Command: {'cmd': ['/usr/bin/cmake', '--build', '/home/ros/ws_me462/build/my_robot_cell_description', '--', '-j4', '-l4'], 'cwd': '/home/ros/ws_me462/build/my_robot_cell_description', 'env': OrderedDict([('HOSTNAME', 'deniz-pi500'), ('SHLVL', '1'), ('LD_LIBRARY_PATH', '/opt/ros/humble/opt/rviz_ogre_vendor/lib:/opt/ros/humble/lib/aarch64-linux-gnu:/opt/ros/humble/lib'), ('HOME', '/home/ros'), ('OLDPWD', '/home/ros/ws_me462/drawing'), ('ROS_PYTHON_VERSION', '3'), ('COLCON_PREFIX_PATH', '/home/ros/ws_me462/install'), ('ROS_DISTRO', 'humble'), ('_', '/usr/bin/colcon'), ('ROS_VERSION', '2'), ('TERM', 'xterm'), ('ROS_LOCALHOST_ONLY', '0'), ('PATH', '/opt/ros/humble/bin:/usr/local/sbin:/usr/local/bin:/usr/sbin:/usr/bin:/sbin:/bin'), ('DISPLAY', ':0'), ('LANG', 'C.UTF-8'), ('AMENT_PREFIX_PATH', '/home/ros/ws_me462/install/zenpool_draw_letter:/home/ros/ws_me462/install/tutan_gripper:/home/ros/ws_me462/install/my_robot_cell_moveit_config:/home/ros/ws_me462/install/my_robot_cell_control:/home/ros/ws_me462/install/my_robot_cell_description:/opt/ros/humble'), ('PWD', '/home/ros/ws_me462/build/my_robot_cell_description'), ('LC_ALL', 'C.UTF-8'), ('PYTHONPATH', '/home/ros/ws_me462/build/tutan_gripper:/home/ros/ws_me462/install/tutan_gripper/lib/python3.10/site-packages:/opt/ros/humble/lib/python3.10/site-packages:/opt/ros/humble/local/lib/python3.10/dist-packages'), ('COLCON', '1'), ('CMAKE_PREFIX_PATH', '/home/ros/ws_me462/install/zenpool_draw_letter:/home/ros/ws_me462/install/my_robot_cell_moveit_config:/home/ros/ws_me462/install/my_robot_cell_control:/home/ros/ws_me462/install/my_robot_cell_description:/home/ros/ws_me462/install/tutan_gripper:/opt/ros/humble')]), 'shell': False}
[0.199752] (-) TimerEvent: {}
[0.301917] (-) TimerEvent: {}
[0.402606] (-) TimerEvent: {}
[0.503312] (-) TimerEvent: {}
[0.604702] (-) TimerEvent: {}
[0.705646] (-) TimerEvent: {}
[0.806340] (-) TimerEvent: {}
[0.896731] (zenpool_draw_letter) JobProgress: {'identifier': 'zenpool_draw_letter', 'progress': 'cmake'}
[0.900771] (zenpool_draw_letter) Command: {'cmd': ['/usr/bin/cmake', '/home/ros/ws_me462/src/ME462RobotControl/zenpool_draw_letter', '-DAMENT_CMAKE_SYMLINK_INSTALL=1', '-DCMAKE_INSTALL_PREFIX=/home/ros/ws_me462/install/zenpool_draw_letter'], 'cwd': '/home/ros/ws_me462/build/zenpool_draw_letter', 'env': OrderedDict([('HOSTNAME', 'deniz-pi500'), ('SHLVL', '1'), ('LD_LIBRARY_PATH', '/opt/ros/humble/opt/rviz_ogre_vendor/lib:/opt/ros/humble/lib/aarch64-linux-gnu:/opt/ros/humble/lib'), ('HOME', '/home/ros'), ('OLDPWD', '/home/ros/ws_me462/drawing'), ('ROS_PYTHON_VERSION', '3'), ('COLCON_PREFIX_PATH', '/home/ros/ws_me462/install'), ('ROS_DISTRO', 'humble'), ('_', '/usr/bin/colcon'), ('ROS_VERSION', '2'), ('TERM', 'xterm'), ('ROS_LOCALHOST_ONLY', '0'), ('PATH', '/opt/ros/humble/bin:/usr/local/sbin:/usr/local/bin:/usr/sbin:/usr/bin:/sbin:/bin'), ('DISPLAY', ':0'), ('LANG', 'C.UTF-8'), ('AMENT_PREFIX_PATH', '/home/ros/ws_me462/install/zenpool_draw_letter:/home/ros/ws_me462/install/tutan_gripper:/home/ros/ws_me462/install/my_robot_cell_moveit_config:/home/ros/ws_me462/install/my_robot_cell_control:/home/ros/ws_me462/install/my_robot_cell_description:/opt/ros/humble'), ('PWD', '/home/ros/ws_me462/build/zenpool_draw_letter'), ('LC_ALL', 'C.UTF-8'), ('PYTHONPATH', '/home/ros/ws_me462/build/tutan_gripper:/home/ros/ws_me462/install/tutan_gripper/lib/python3.10/site-packages:/opt/ros/humble/lib/python3.10/site-packages:/opt/ros/humble/local/lib/python3.10/dist-packages'), ('COLCON', '1'), ('CMAKE_PREFIX_PATH', '/home/ros/ws_me462/install/zenpool_draw_letter:/home/ros/ws_me462/install/my_robot_cell_moveit_config:/home/ros/ws_me462/install/my_robot_cell_control:/home/ros/ws_me462/install/my_robot_cell_description:/home/ros/ws_me462/install/tutan_gripper:/opt/ros/humble')]), 'shell': False}
[0.910036] (-) TimerEvent: {}
[0.913685] (my_robot_cell_description) CommandEnded: {'returncode': 0}
[0.923548] (my_robot_cell_description) JobProgress: {'identifier': 'my_robot_cell_description', 'progress': 'install'}
[0.964873] (zenpool_draw_letter) StdoutLine: {'line': b'-- Found ament_cmake: 1.3.14 (/opt/ros/humble/share/ament_cmake/cmake)\n'}
[0.972939] (my_robot_cell_description) Command: {'cmd': ['/usr/bin/cmake', '--install', '/home/ros/ws_me462/build/my_robot_cell_description'], 'cwd': '/home/ros/ws_me462/build/my_robot_cell_description', 'env': OrderedDict([('HOSTNAME', 'deniz-pi500'), ('SHLVL', '1'), ('LD_LIBRARY_PATH', '/opt/ros/humble/opt/rviz_ogre_vendor/lib:/opt/ros/humble/lib/aarch64-linux-gnu:/opt/ros/humble/lib'), ('HOME', '/home/ros'), ('OLDPWD', '/home/ros/ws_me462/drawing'), ('ROS_PYTHON_VERSION', '3'), ('COLCON_PREFIX_PATH', '/home/ros/ws_me462/install'), ('ROS_DISTRO', 'humble'), ('_', '/usr/bin/colcon'), ('ROS_VERSION', '2'), ('TERM', 'xterm'), ('ROS_LOCALHOST_ONLY', '0'), ('PATH', '/opt/ros/humble/bin:/usr/local/sbin:/usr/local/bin:/usr/sbin:/usr/bin:/sbin:/bin'), ('DISPLAY', ':0'), ('LANG', 'C.UTF-8'), ('AMENT_PREFIX_PATH', '/home/ros/ws_me462/install/zenpool_draw_letter:/home/ros/ws_me462/install/tutan_gripper:/home/ros/ws_me462/install/my_robot_cell_moveit_config:/home/ros/ws_me462/install/my_robot_cell_control:/home/ros/ws_me462/install/my_robot_cell_description:/opt/ros/humble'), ('PWD', '/home/ros/ws_me462/build/my_robot_cell_description'), ('LC_ALL', 'C.UTF-8'), ('PYTHONPATH', '/home/ros/ws_me462/build/tutan_gripper:/home/ros/ws_me462/install/tutan_gripper/lib/python3.10/site-packages:/opt/ros/humble/lib/python3.10/site-packages:/opt/ros/humble/local/lib/python3.10/dist-packages'), ('COLCON', '1'), ('CMAKE_PREFIX_PATH', '/home/ros/ws_me462/install/zenpool_draw_letter:/home/ros/ws_me462/install/my_robot_cell_moveit_config:/home/ros/ws_me462/install/my_robot_cell_control:/home/ros/ws_me462/install/my_robot_cell_description:/home/ros/ws_me462/install/tutan_gripper:/opt/ros/humble')]), 'shell': False}
[1.035676] (my_robot_cell_description) StdoutLine: {'line': b'-- Install configuration: ""\n'}
[1.037840] (-) TimerEvent: {}
[1.038269] (my_robot_cell_description) StdoutLine: {'line': b'-- Execute custom install script\n'}
[1.039638] (my_robot_cell_description) StdoutLine: {'line': b'-- Up-to-date symlink: /home/ros/ws_me462/install/my_robot_cell_description/share/my_robot_cell_description/launch/view_robot.launch.py\n'}
[1.047421] (my_robot_cell_description) StdoutLine: {'line': b'-- Up-to-date symlink: /home/ros/ws_me462/install/my_robot_cell_description/share/my_robot_cell_description/meshes/end_effectors/CleanerTool.stl\n'}
[1.054638] (my_robot_cell_description) StdoutLine: {'line': b'-- Up-to-date symlink: /home/ros/ws_me462/install/my_robot_cell_description/share/my_robot_cell_description/meshes/end_effectors/PenTool.stl\n'}
[1.058213] (my_robot_cell_description) StdoutLine: {'line': b'-- Up-to-date symlink: /home/ros/ws_me462/install/my_robot_cell_description/share/my_robot_cell_description/meshes/end_effectors/tutan-khamun.stl\n'}
[1.058514] (my_robot_cell_description) StdoutLine: {'line': b'-- Up-to-date symlink: /home/ros/ws_me462/install/my_robot_cell_description/share/my_robot_cell_description/meshes/environment/ZenPoolWithToolBox.stl\n'}
[1.068185] (my_robot_cell_description) StdoutLine: {'line': b'-- Up-to-date symlink: /home/ros/ws_me462/install/my_robot_cell_description/share/my_robot_cell_description/meshes/environment/ZenPoolWithToolBoxCollision.stl\n'}
[1.069119] (my_robot_cell_description) StdoutLine: {'line': b'-- Up-to-date symlink: /home/ros/ws_me462/install/my_robot_cell_description/share/my_robot_cell_description/meshes/tool_changer/ToolChangerArmSide.stl\n'}
[1.069415] (my_robot_cell_description) StdoutLine: {'line': b'-- Up-to-date symlink: /home/ros/ws_me462/install/my_robot_cell_description/share/my_robot_cell_description/rviz/urdf.rviz\n'}
[1.071067] (my_robot_cell_description) StdoutLine: {'line': b'-- Up-to-date symlink: /home/ros/ws_me462/install/my_robot_cell_description/share/my_robot_cell_description/urdf/my_robot_cell.urdf.xacro\n'}
[1.071437] (my_robot_cell_description) StdoutLine: {'line': b'-- Up-to-date symlink: /home/ros/ws_me462/install/my_robot_cell_description/share/my_robot_cell_description/urdf/my_robot_cell_macro.xacro\n'}
[1.071617] (my_robot_cell_description) StdoutLine: {'line': b'-- Up-to-date symlink: /home/ros/ws_me462/install/my_robot_cell_description/share/ament_index/resource_index/package_run_dependencies/my_robot_cell_description\n'}
[1.071951] (my_robot_cell_description) StdoutLine: {'line': b'-- Up-to-date symlink: /home/ros/ws_me462/install/my_robot_cell_description/share/ament_index/resource_index/parent_prefix_path/my_robot_cell_description\n'}
[1.072180] (my_robot_cell_description) StdoutLine: {'line': b'-- Up-to-date symlink: /home/ros/ws_me462/install/my_robot_cell_description/share/my_robot_cell_description/environment/ament_prefix_path.sh\n'}
[1.072440] (my_robot_cell_description) StdoutLine: {'line': b'-- Up-to-date symlink: /home/ros/ws_me462/install/my_robot_cell_description/share/my_robot_cell_description/environment/ament_prefix_path.dsv\n'}
[1.076989] (my_robot_cell_description) StdoutLine: {'line': b'-- Up-to-date symlink: /home/ros/ws_me462/install/my_robot_cell_description/share/my_robot_cell_description/environment/path.sh\n'}
[1.083150] (my_robot_cell_description) StdoutLine: {'line': b'-- Up-to-date symlink: /home/ros/ws_me462/install/my_robot_cell_description/share/my_robot_cell_description/environment/path.dsv\n'}
[1.089078] (my_robot_cell_description) StdoutLine: {'line': b'-- Up-to-date symlink: /home/ros/ws_me462/install/my_robot_cell_description/share/my_robot_cell_description/local_setup.bash\n'}
[1.092204] (my_robot_cell_description) StdoutLine: {'line': b'-- Up-to-date symlink: /home/ros/ws_me462/install/my_robot_cell_description/share/my_robot_cell_description/local_setup.sh\n'}
[1.092462] (my_robot_cell_description) StdoutLine: {'line': b'-- Up-to-date symlink: /home/ros/ws_me462/install/my_robot_cell_description/share/my_robot_cell_description/local_setup.zsh\n'}
[1.093683] (my_robot_cell_description) StdoutLine: {'line': b'-- Up-to-date symlink: /home/ros/ws_me462/install/my_robot_cell_description/share/my_robot_cell_description/local_setup.dsv\n'}
[1.094017] (my_robot_cell_description) StdoutLine: {'line': b'-- Symlinking: /home/ros/ws_me462/install/my_robot_cell_description/share/my_robot_cell_description/package.dsv\n'}
[1.094216] (my_robot_cell_description) StdoutLine: {'line': b'-- Up-to-date symlink: /home/ros/ws_me462/install/my_robot_cell_description/share/ament_index/resource_index/packages/my_robot_cell_description\n'}
[1.094444] (my_robot_cell_description) StdoutLine: {'line': b'-- Up-to-date symlink: /home/ros/ws_me462/install/my_robot_cell_description/share/my_robot_cell_description/cmake/my_robot_cell_descriptionConfig.cmake\n'}
[1.094680] (my_robot_cell_description) StdoutLine: {'line': b'-- Up-to-date symlink: /home/ros/ws_me462/install/my_robot_cell_description/share/my_robot_cell_description/cmake/my_robot_cell_descriptionConfig-version.cmake\n'}
[1.094865] (my_robot_cell_description) StdoutLine: {'line': b'-- Up-to-date symlink: /home/ros/ws_me462/install/my_robot_cell_description/share/my_robot_cell_description/package.xml\n'}
[1.097678] (my_robot_cell_description) CommandEnded: {'returncode': 0}
[1.137987] (-) TimerEvent: {}
[1.210839] (my_robot_cell_description) JobEnded: {'identifier': 'my_robot_cell_description', 'rc': 0}
[1.217129] (my_robot_cell_control) JobStarted: {'identifier': 'my_robot_cell_control'}
[1.241738] (-) TimerEvent: {}
[1.264737] (my_robot_cell_moveit_config) JobStarted: {'identifier': 'my_robot_cell_moveit_config'}
[1.302037] (my_robot_cell_control) JobProgress: {'identifier': 'my_robot_cell_control', 'progress': 'cmake'}
[1.305660] (my_robot_cell_control) JobProgress: {'identifier': 'my_robot_cell_control', 'progress': 'build'}
[1.311308] (my_robot_cell_control) Command: {'cmd': ['/usr/bin/cmake', '--build', '/home/ros/ws_me462/build/my_robot_cell_control', '--', '-j4', '-l4'], 'cwd': '/home/ros/ws_me462/build/my_robot_cell_control', 'env': OrderedDict([('HOSTNAME', 'deniz-pi500'), ('SHLVL', '1'), ('LD_LIBRARY_PATH', '/opt/ros/humble/opt/rviz_ogre_vendor/lib:/opt/ros/humble/lib/aarch64-linux-gnu:/opt/ros/humble/lib'), ('HOME', '/home/ros'), ('OLDPWD', '/home/ros/ws_me462/drawing'), ('ROS_PYTHON_VERSION', '3'), ('COLCON_PREFIX_PATH', '/home/ros/ws_me462/install'), ('ROS_DISTRO', 'humble'), ('_', '/usr/bin/colcon'), ('ROS_VERSION', '2'), ('TERM', 'xterm'), ('ROS_LOCALHOST_ONLY', '0'), ('PATH', '/opt/ros/humble/bin:/usr/local/sbin:/usr/local/bin:/usr/sbin:/usr/bin:/sbin:/bin'), ('DISPLAY', ':0'), ('LANG', 'C.UTF-8'), ('AMENT_PREFIX_PATH', '/home/ros/ws_me462/install/zenpool_draw_letter:/home/ros/ws_me462/install/tutan_gripper:/home/ros/ws_me462/install/my_robot_cell_moveit_config:/home/ros/ws_me462/install/my_robot_cell_control:/home/ros/ws_me462/install/my_robot_cell_description:/opt/ros/humble'), ('PWD', '/home/ros/ws_me462/build/my_robot_cell_control'), ('LC_ALL', 'C.UTF-8'), ('PYTHONPATH', '/home/ros/ws_me462/build/tutan_gripper:/home/ros/ws_me462/install/tutan_gripper/lib/python3.10/site-packages:/opt/ros/humble/lib/python3.10/site-packages:/opt/ros/humble/local/lib/python3.10/dist-packages'), ('COLCON', '1'), ('CMAKE_PREFIX_PATH', '/home/ros/ws_me462/install/my_robot_cell_description:/home/ros/ws_me462/install/zenpool_draw_letter:/home/ros/ws_me462/install/my_robot_cell_moveit_config:/home/ros/ws_me462/install/my_robot_cell_control:/home/ros/ws_me462/install/tutan_gripper:/opt/ros/humble')]), 'shell': False}
[1.328665] (my_robot_cell_moveit_config) JobProgress: {'identifier': 'my_robot_cell_moveit_config', 'progress': 'cmake'}
[1.332104] (my_robot_cell_moveit_config) JobProgress: {'identifier': 'my_robot_cell_moveit_config', 'progress': 'build'}
[1.337727] (my_robot_cell_moveit_config) Command: {'cmd': ['/usr/bin/cmake', '--build', '/home/ros/ws_me462/build/my_robot_cell_moveit_config', '--', '-j4', '-l4'], 'cwd': '/home/ros/ws_me462/build/my_robot_cell_moveit_config', 'env': OrderedDict([('HOSTNAME', 'deniz-pi500'), ('SHLVL', '1'), ('LD_LIBRARY_PATH', '/opt/ros/humble/opt/rviz_ogre_vendor/lib:/opt/ros/humble/lib/aarch64-linux-gnu:/opt/ros/humble/lib'), ('HOME', '/home/ros'), ('OLDPWD', '/home/ros/ws_me462/drawing'), ('ROS_PYTHON_VERSION', '3'), ('COLCON_PREFIX_PATH', '/home/ros/ws_me462/install'), ('ROS_DISTRO', 'humble'), ('_', '/usr/bin/colcon'), ('ROS_VERSION', '2'), ('TERM', 'xterm'), ('ROS_LOCALHOST_ONLY', '0'), ('PATH', '/opt/ros/humble/bin:/usr/local/sbin:/usr/local/bin:/usr/sbin:/usr/bin:/sbin:/bin'), ('DISPLAY', ':0'), ('LANG', 'C.UTF-8'), ('AMENT_PREFIX_PATH', '/home/ros/ws_me462/install/zenpool_draw_letter:/home/ros/ws_me462/install/tutan_gripper:/home/ros/ws_me462/install/my_robot_cell_moveit_config:/home/ros/ws_me462/install/my_robot_cell_control:/home/ros/ws_me462/install/my_robot_cell_description:/opt/ros/humble'), ('PWD', '/home/ros/ws_me462/build/my_robot_cell_moveit_config'), ('LC_ALL', 'C.UTF-8'), ('PYTHONPATH', '/home/ros/ws_me462/build/tutan_gripper:/home/ros/ws_me462/install/tutan_gripper/lib/python3.10/site-packages:/opt/ros/humble/lib/python3.10/site-packages:/opt/ros/humble/local/lib/python3.10/dist-packages'), ('COLCON', '1'), ('CMAKE_PREFIX_PATH', '/home/ros/ws_me462/install/my_robot_cell_description:/home/ros/ws_me462/install/zenpool_draw_letter:/home/ros/ws_me462/install/my_robot_cell_moveit_config:/home/ros/ws_me462/install/my_robot_cell_control:/home/ros/ws_me462/install/tutan_gripper:/opt/ros/humble')]), 'shell': False}
[1.343099] (-) TimerEvent: {}
[1.444530] (-) TimerEvent: {}
[1.548294] (-) TimerEvent: {}
[1.633133] (my_robot_cell_moveit_config) CommandEnded: {'returncode': 0}
[1.634097] (my_robot_cell_moveit_config) JobProgress: {'identifier': 'my_robot_cell_moveit_config', 'progress': 'install'}
[1.634180] (my_robot_cell_moveit_config) Command: {'cmd': ['/usr/bin/cmake', '--install', '/home/ros/ws_me462/build/my_robot_cell_moveit_config'], 'cwd': '/home/ros/ws_me462/build/my_robot_cell_moveit_config', 'env': OrderedDict([('HOSTNAME', 'deniz-pi500'), ('SHLVL', '1'), ('LD_LIBRARY_PATH', '/opt/ros/humble/opt/rviz_ogre_vendor/lib:/opt/ros/humble/lib/aarch64-linux-gnu:/opt/ros/humble/lib'), ('HOME', '/home/ros'), ('OLDPWD', '/home/ros/ws_me462/drawing'), ('ROS_PYTHON_VERSION', '3'), ('COLCON_PREFIX_PATH', '/home/ros/ws_me462/install'), ('ROS_DISTRO', 'humble'), ('_', '/usr/bin/colcon'), ('ROS_VERSION', '2'), ('TERM', 'xterm'), ('ROS_LOCALHOST_ONLY', '0'), ('PATH', '/opt/ros/humble/bin:/usr/local/sbin:/usr/local/bin:/usr/sbin:/usr/bin:/sbin:/bin'), ('DISPLAY', ':0'), ('LANG', 'C.UTF-8'), ('AMENT_PREFIX_PATH', '/home/ros/ws_me462/install/zenpool_draw_letter:/home/ros/ws_me462/install/tutan_gripper:/home/ros/ws_me462/install/my_robot_cell_moveit_config:/home/ros/ws_me462/install/my_robot_cell_control:/home/ros/ws_me462/install/my_robot_cell_description:/opt/ros/humble'), ('PWD', '/home/ros/ws_me462/build/my_robot_cell_moveit_config'), ('LC_ALL', 'C.UTF-8'), ('PYTHONPATH', '/home/ros/ws_me462/build/tutan_gripper:/home/ros/ws_me462/install/tutan_gripper/lib/python3.10/site-packages:/opt/ros/humble/lib/python3.10/site-packages:/opt/ros/humble/local/lib/python3.10/dist-packages'), ('COLCON', '1'), ('CMAKE_PREFIX_PATH', '/home/ros/ws_me462/install/my_robot_cell_description:/home/ros/ws_me462/install/zenpool_draw_letter:/home/ros/ws_me462/install/my_robot_cell_moveit_config:/home/ros/ws_me462/install/my_robot_cell_control:/home/ros/ws_me462/install/tutan_gripper:/opt/ros/humble')]), 'shell': False}
[1.649713] (-) TimerEvent: {}
[1.669426] (my_robot_cell_control) CommandEnded: {'returncode': 0}
[1.675237] (my_robot_cell_control) JobProgress: {'identifier': 'my_robot_cell_control', 'progress': 'install'}
[1.675406] (my_robot_cell_control) Command: {'cmd': ['/usr/bin/cmake', '--install', '/home/ros/ws_me462/build/my_robot_cell_control'], 'cwd': '/home/ros/ws_me462/build/my_robot_cell_control', 'env': OrderedDict([('HOSTNAME', 'deniz-pi500'), ('SHLVL', '1'), ('LD_LIBRARY_PATH', '/opt/ros/humble/opt/rviz_ogre_vendor/lib:/opt/ros/humble/lib/aarch64-linux-gnu:/opt/ros/humble/lib'), ('HOME', '/home/ros'), ('OLDPWD', '/home/ros/ws_me462/drawing'), ('ROS_PYTHON_VERSION', '3'), ('COLCON_PREFIX_PATH', '/home/ros/ws_me462/install'), ('ROS_DISTRO', 'humble'), ('_', '/usr/bin/colcon'), ('ROS_VERSION', '2'), ('TERM', 'xterm'), ('ROS_LOCALHOST_ONLY', '0'), ('PATH', '/opt/ros/humble/bin:/usr/local/sbin:/usr/local/bin:/usr/sbin:/usr/bin:/sbin:/bin'), ('DISPLAY', ':0'), ('LANG', 'C.UTF-8'), ('AMENT_PREFIX_PATH', '/home/ros/ws_me462/install/zenpool_draw_letter:/home/ros/ws_me462/install/tutan_gripper:/home/ros/ws_me462/install/my_robot_cell_moveit_config:/home/ros/ws_me462/install/my_robot_cell_control:/home/ros/ws_me462/install/my_robot_cell_description:/opt/ros/humble'), ('PWD', '/home/ros/ws_me462/build/my_robot_cell_control'), ('LC_ALL', 'C.UTF-8'), ('PYTHONPATH', '/home/ros/ws_me462/build/tutan_gripper:/home/ros/ws_me462/install/tutan_gripper/lib/python3.10/site-packages:/opt/ros/humble/lib/python3.10/site-packages:/opt/ros/humble/local/lib/python3.10/dist-packages'), ('COLCON', '1'), ('CMAKE_PREFIX_PATH', '/home/ros/ws_me462/install/my_robot_cell_description:/home/ros/ws_me462/install/zenpool_draw_letter:/home/ros/ws_me462/install/my_robot_cell_moveit_config:/home/ros/ws_me462/install/my_robot_cell_control:/home/ros/ws_me462/install/tutan_gripper:/opt/ros/humble')]), 'shell': False}
[1.686319] (my_robot_cell_moveit_config) StdoutLine: {'line': b'-- Install configuration: ""\n'}
[1.687507] (my_robot_cell_moveit_config) StdoutLine: {'line': b'-- Execute custom install script\n'}
[1.689231] (my_robot_cell_moveit_config) StdoutLine: {'line': b'-- Up-to-date symlink: /home/ros/ws_me462/install/my_robot_cell_moveit_config/share/ament_index/resource_index/package_run_dependencies/my_robot_cell_moveit_config\n'}
[1.691127] (my_robot_cell_moveit_config) StdoutLine: {'line': b'-- Up-to-date symlink: /home/ros/ws_me462/install/my_robot_cell_moveit_config/share/ament_index/resource_index/parent_prefix_path/my_robot_cell_moveit_config\n'}
[1.691312] (my_robot_cell_moveit_config) StdoutLine: {'line': b'-- Up-to-date symlink: /home/ros/ws_me462/install/my_robot_cell_moveit_config/share/my_robot_cell_moveit_config/environment/ament_prefix_path.sh\n'}
[1.691425] (my_robot_cell_moveit_config) StdoutLine: {'line': b'-- Up-to-date symlink: /home/ros/ws_me462/install/my_robot_cell_moveit_config/share/my_robot_cell_moveit_config/environment/ament_prefix_path.dsv\n'}
[1.691524] (my_robot_cell_moveit_config) StdoutLine: {'line': b'-- Up-to-date symlink: /home/ros/ws_me462/install/my_robot_cell_moveit_config/share/my_robot_cell_moveit_config/environment/path.sh\n'}
[1.691764] (my_robot_cell_moveit_config) StdoutLine: {'line': b'-- Up-to-date symlink: /home/ros/ws_me462/install/my_robot_cell_moveit_config/share/my_robot_cell_moveit_config/environment/path.dsv\n'}
[1.692067] (my_robot_cell_moveit_config) StdoutLine: {'line': b'-- Up-to-date symlink: /home/ros/ws_me462/install/my_robot_cell_moveit_config/share/my_robot_cell_moveit_config/local_setup.bash\n'}
[1.692321] (my_robot_cell_moveit_config) StdoutLine: {'line': b'-- Up-to-date symlink: /home/ros/ws_me462/install/my_robot_cell_moveit_config/share/my_robot_cell_moveit_config/local_setup.sh\n'}
[1.693870] (my_robot_cell_moveit_config) StdoutLine: {'line': b'-- Up-to-date symlink: /home/ros/ws_me462/install/my_robot_cell_moveit_config/share/my_robot_cell_moveit_config/local_setup.zsh\n'}
[1.694264] (my_robot_cell_moveit_config) StdoutLine: {'line': b'-- Up-to-date symlink: /home/ros/ws_me462/install/my_robot_cell_moveit_config/share/my_robot_cell_moveit_config/local_setup.dsv\n'}
[1.694404] (my_robot_cell_moveit_config) StdoutLine: {'line': b'-- Symlinking: /home/ros/ws_me462/install/my_robot_cell_moveit_config/share/my_robot_cell_moveit_config/package.dsv\n'}
[1.725996] (my_robot_cell_control) StdoutLine: {'line': b'-- Install configuration: ""\n'}
[1.730162] (my_robot_cell_control) StdoutLine: {'line': b'-- Execute custom install script\n'}
[1.732700] (my_robot_cell_control) StdoutLine: {'line': b'-- Up-to-date symlink: /home/ros/ws_me462/install/my_robot_cell_control/share/my_robot_cell_control/launch/start_robot.launch.py\n'}
[1.735014] (my_robot_cell_control) StdoutLine: {'line': b'-- Up-to-date symlink: /home/ros/ws_me462/install/my_robot_cell_control/share/my_robot_cell_control/config/my_robot_calibration.yaml\n'}
[1.738344] (my_robot_cell_control) StdoutLine: {'line': b'-- Up-to-date symlink: /home/ros/ws_me462/install/my_robot_cell_control/share/my_robot_cell_control/config/ur5e/joint_limits.yaml\n'}
[1.741782] (my_robot_cell_control) StdoutLine: {'line': b'-- Up-to-date symlink: /home/ros/ws_me462/install/my_robot_cell_control/share/my_robot_cell_control/config/ur5e/physical_parameters.yaml\n'}
[1.744130] (my_robot_cell_control) StdoutLine: {'line': b'-- Up-to-date symlink: /home/ros/ws_me462/install/my_robot_cell_control/share/my_robot_cell_control/config/ur5e/visual_parameters.yaml\n'}
[1.744522] (my_robot_cell_control) StdoutLine: {'line': b'-- Up-to-date symlink: /home/ros/ws_me462/install/my_robot_cell_control/share/my_robot_cell_control/urdf/my_robot_cell_controlled.urdf.xacro\n'}
[1.746007] (my_robot_cell_control) StdoutLine: {'line': b'-- Up-to-date symlink: /home/ros/ws_me462/install/my_robot_cell_control/share/my_robot_cell_control/rviz/view_robot.rviz\n'}
[1.746400] (my_robot_cell_moveit_config) StdoutLine: {'line': b'-- Up-to-date symlink: /home/ros/ws_me462/install/my_robot_cell_moveit_config/share/ament_index/resource_index/packages/my_robot_cell_moveit_config\n'}
[1.746714] (my_robot_cell_moveit_config) StdoutLine: {'line': b'-- Up-to-date symlink: /home/ros/ws_me462/install/my_robot_cell_moveit_config/share/my_robot_cell_moveit_config/cmake/my_robot_cell_moveit_configConfig.cmake\n'}
[1.746886] (my_robot_cell_moveit_config) StdoutLine: {'line': b'-- Up-to-date symlink: /home/ros/ws_me462/install/my_robot_cell_moveit_config/share/my_robot_cell_moveit_config/cmake/my_robot_cell_moveit_configConfig-version.cmake\n'}
[1.747021] (my_robot_cell_moveit_config) StdoutLine: {'line': b'-- Up-to-date symlink: /home/ros/ws_me462/install/my_robot_cell_moveit_config/share/my_robot_cell_moveit_config/package.xml\n'}
[1.748770] (my_robot_cell_control) StdoutLine: {'line': b'-- Up-to-date symlink: /home/ros/ws_me462/install/my_robot_cell_control/share/ament_index/resource_index/package_run_dependencies/my_robot_cell_control\n'}
[1.749826] (my_robot_cell_control) StdoutLine: {'line': b'-- Up-to-date symlink: /home/ros/ws_me462/install/my_robot_cell_control/share/ament_index/resource_index/parent_prefix_path/my_robot_cell_control\n'}
[1.750232] (-) TimerEvent: {}
[1.750527] (my_robot_cell_moveit_config) StdoutLine: {'line': b'-- Up-to-date symlink: /home/ros/ws_me462/install/my_robot_cell_moveit_config/share/my_robot_cell_moveit_config/launch/demo.launch.py\n'}
[1.754622] (my_robot_cell_moveit_config) StdoutLine: {'line': b'-- Up-to-date symlink: /home/ros/ws_me462/install/my_robot_cell_moveit_config/share/my_robot_cell_moveit_config/launch/move_group.launch.py\n'}
[1.755380] (my_robot_cell_moveit_config) StdoutLine: {'line': b'-- Up-to-date symlink: /home/ros/ws_me462/install/my_robot_cell_moveit_config/share/my_robot_cell_moveit_config/launch/moveit_rviz.launch.py\n'}
[1.756951] (my_robot_cell_control) StdoutLine: {'line': b'-- Up-to-date symlink: /home/ros/ws_me462/install/my_robot_cell_control/share/my_robot_cell_control/environment/ament_prefix_path.sh\n'}
[1.757155] (my_robot_cell_moveit_config) StdoutLine: {'line': b'-- Up-to-date symlink: /home/ros/ws_me462/install/my_robot_cell_moveit_config/share/my_robot_cell_moveit_config/launch/rsp.launch.py\n'}
[1.757262] (my_robot_cell_control) StdoutLine: {'line': b'-- Up-to-date symlink: /home/ros/ws_me462/install/my_robot_cell_control/share/my_robot_cell_control/environment/ament_prefix_path.dsv\n'}
[1.757344] (my_robot_cell_moveit_config) StdoutLine: {'line': b'-- Up-to-date symlink: /home/ros/ws_me462/install/my_robot_cell_moveit_config/share/my_robot_cell_moveit_config/launch/servo.launch.py\n'}
[1.757420] (my_robot_cell_moveit_config) StdoutLine: {'line': b'-- Up-to-date symlink: /home/ros/ws_me462/install/my_robot_cell_moveit_config/share/my_robot_cell_moveit_config/launch/setup_assistant.launch.py\n'}
[1.757502] (my_robot_cell_control) StdoutLine: {'line': b'-- Up-to-date symlink: /home/ros/ws_me462/install/my_robot_cell_control/share/my_robot_cell_control/environment/path.sh\n'}
[1.759438] (my_robot_cell_control) StdoutLine: {'line': b'-- Up-to-date symlink: /home/ros/ws_me462/install/my_robot_cell_control/share/my_robot_cell_control/environment/path.dsv\n'}
[1.760991] (my_robot_cell_control) StdoutLine: {'line': b'-- Up-to-date symlink: /home/ros/ws_me462/install/my_robot_cell_control/share/my_robot_cell_control/local_setup.bash\n'}
[1.761335] (my_robot_cell_moveit_config) StdoutLine: {'line': b'-- Up-to-date symlink: /home/ros/ws_me462/install/my_robot_cell_moveit_config/share/my_robot_cell_moveit_config/launch/spawn_controllers.launch.py\n'}
[1.761503] (my_robot_cell_moveit_config) StdoutLine: {'line': b'-- Up-to-date symlink: /home/ros/ws_me462/install/my_robot_cell_moveit_config/share/my_robot_cell_moveit_config/launch/static_virtual_joint_tfs.launch.py\n'}
[1.762978] (my_robot_cell_moveit_config) StdoutLine: {'line': b'-- Up-to-date symlink: /home/ros/ws_me462/install/my_robot_cell_moveit_config/share/my_robot_cell_moveit_config/launch/warehouse_db.launch.py\n'}
[1.763138] (my_robot_cell_control) StdoutLine: {'line': b'-- Up-to-date symlink: /home/ros/ws_me462/install/my_robot_cell_control/share/my_robot_cell_control/local_setup.sh\n'}
[1.763263] (my_robot_cell_control) StdoutLine: {'line': b'-- Up-to-date symlink: /home/ros/ws_me462/install/my_robot_cell_control/share/my_robot_cell_control/local_setup.zsh\n'}
[1.763362] (my_robot_cell_moveit_config) StdoutLine: {'line': b'-- Up-to-date symlink: /home/ros/ws_me462/install/my_robot_cell_moveit_config/share/my_robot_cell_moveit_config/config/initial_positions.yaml\n'}
[1.764681] (my_robot_cell_moveit_config) StdoutLine: {'line': b'-- Up-to-date symlink: /home/ros/ws_me462/install/my_robot_cell_moveit_config/share/my_robot_cell_moveit_config/config/joint_limits.yaml\n'}
[1.765074] (my_robot_cell_moveit_config) StdoutLine: {'line': b'-- Up-to-date symlink: /home/ros/ws_me462/install/my_robot_cell_moveit_config/share/my_robot_cell_moveit_config/config/kinematics.yaml\n'}
[1.765228] (my_robot_cell_moveit_config) StdoutLine: {'line': b'-- Up-to-date symlink: /home/ros/ws_me462/install/my_robot_cell_moveit_config/share/my_robot_cell_moveit_config/config/moveit.rviz\n'}
[1.765336] (my_robot_cell_moveit_config) StdoutLine: {'line': b'-- Up-to-date symlink: /home/ros/ws_me462/install/my_robot_cell_moveit_config/share/my_robot_cell_moveit_config/config/moveit_controllers.yaml\n'}
[1.765545] (my_robot_cell_control) StdoutLine: {'line': b'-- Up-to-date symlink: /home/ros/ws_me462/install/my_robot_cell_control/share/my_robot_cell_control/local_setup.dsv\n'}
[1.765740] (my_robot_cell_control) StdoutLine: {'line': b'-- Symlinking: /home/ros/ws_me462/install/my_robot_cell_control/share/my_robot_cell_control/package.dsv\n'}
[1.765866] (my_robot_cell_moveit_config) StdoutLine: {'line': b'-- Up-to-date symlink: /home/ros/ws_me462/install/my_robot_cell_moveit_config/share/my_robot_cell_moveit_config/config/my_robot_cell.ros2_control.xacro\n'}
[1.766000] (my_robot_cell_moveit_config) StdoutLine: {'line': b'-- Up-to-date symlink: /home/ros/ws_me462/install/my_robot_cell_moveit_config/share/my_robot_cell_moveit_config/config/my_robot_cell.srdf\n'}
[1.766146] (my_robot_cell_moveit_config) StdoutLine: {'line': b'-- Up-to-date symlink: /home/ros/ws_me462/install/my_robot_cell_moveit_config/share/my_robot_cell_moveit_config/config/my_robot_cell.urdf.xacro\n'}
[1.766310] (my_robot_cell_moveit_config) StdoutLine: {'line': b'-- Up-to-date symlink: /home/ros/ws_me462/install/my_robot_cell_moveit_config/share/my_robot_cell_moveit_config/config/ompl_planning.yaml\n'}
[1.766470] (my_robot_cell_moveit_config) StdoutLine: {'line': b'-- Up-to-date symlink: /home/ros/ws_me462/install/my_robot_cell_moveit_config/share/my_robot_cell_moveit_config/config/pilz_cartesian_limits.yaml\n'}
[1.769021] (my_robot_cell_moveit_config) StdoutLine: {'line': b'-- Up-to-date symlink: /home/ros/ws_me462/install/my_robot_cell_moveit_config/share/my_robot_cell_moveit_config/config/ros2_controllers.yaml\n'}
[1.769302] (my_robot_cell_moveit_config) StdoutLine: {'line': b'-- Up-to-date symlink: /home/ros/ws_me462/install/my_robot_cell_moveit_config/share/my_robot_cell_moveit_config/config/sensors_3d.yaml\n'}
[1.770930] (my_robot_cell_moveit_config) StdoutLine: {'line': b'-- Up-to-date symlink: /home/ros/ws_me462/install/my_robot_cell_moveit_config/share/my_robot_cell_moveit_config/config/servo.yaml\n'}
[1.771229] (my_robot_cell_moveit_config) StdoutLine: {'line': b'-- Up-to-date symlink: /home/ros/ws_me462/install/my_robot_cell_moveit_config/share/my_robot_cell_moveit_config/srdf/my_robot_cell.srdf\n'}
[1.775984] (my_robot_cell_moveit_config) StdoutLine: {'line': b'-- Up-to-date symlink: /home/ros/ws_me462/install/my_robot_cell_moveit_config/share/my_robot_cell_moveit_config/.setup_assistant\n'}
[1.784856] (my_robot_cell_moveit_config) CommandEnded: {'returncode': 0}
[1.817735] (my_robot_cell_control) StdoutLine: {'line': b'-- Up-to-date symlink: /home/ros/ws_me462/install/my_robot_cell_control/share/ament_index/resource_index/packages/my_robot_cell_control\n'}
[1.818525] (my_robot_cell_control) StdoutLine: {'line': b'-- Up-to-date symlink: /home/ros/ws_me462/install/my_robot_cell_control/share/my_robot_cell_control/cmake/my_robot_cell_controlConfig.cmake\n'}
[1.821524] (my_robot_cell_control) StdoutLine: {'line': b'-- Up-to-date symlink: /home/ros/ws_me462/install/my_robot_cell_control/share/my_robot_cell_control/cmake/my_robot_cell_controlConfig-version.cmake\n'}
[1.826177] (my_robot_cell_control) StdoutLine: {'line': b'-- Up-to-date symlink: /home/ros/ws_me462/install/my_robot_cell_control/share/my_robot_cell_control/package.xml\n'}
[1.853990] (-) TimerEvent: {}
[1.867953] (zenpool_draw_letter) StdoutLine: {'line': b'-- Override CMake install command with custom implementation using symlinks instead of copying resources\n'}
[1.925599] (my_robot_cell_moveit_config) JobEnded: {'identifier': 'my_robot_cell_moveit_config', 'rc': 0}
[1.946001] (my_robot_cell_control) CommandEnded: {'returncode': 0}
[1.951981] (zenpool_draw_letter) StdoutLine: {'line': b'-- Found moveit_ros_planning_interface: 2.5.9 (/opt/ros/humble/share/moveit_ros_planning_interface/cmake)\n'}
[1.957431] (-) TimerEvent: {}
[2.027795] (zenpool_draw_letter) StdoutLine: {'line': b'-- Found Boost: /usr/lib/aarch64-linux-gnu/cmake/Boost-1.74.0/BoostConfig.cmake (found version "1.74.0") found components: date_time filesystem program_options system thread \n'}
[2.040905] (my_robot_cell_control) JobEnded: {'identifier': 'my_robot_cell_control', 'rc': 0}
[2.057993] (-) TimerEvent: {}
[2.124691] (zenpool_draw_letter) StdoutLine: {'line': b'-- Found rosidl_generator_c: 3.1.8 (/opt/ros/humble/share/rosidl_generator_c/cmake)\n'}
[2.130924] (zenpool_draw_letter) StdoutLine: {'line': b'-- Found rosidl_adapter: 3.1.8 (/opt/ros/humble/share/rosidl_adapter/cmake)\n'}
[2.143991] (zenpool_draw_letter) StdoutLine: {'line': b'-- Found rosidl_generator_cpp: 3.1.8 (/opt/ros/humble/share/rosidl_generator_cpp/cmake)\n'}
[2.158141] (-) TimerEvent: {}
[2.174963] (zenpool_draw_letter) StdoutLine: {'line': b'-- Using all available rosidl_typesupport_c: rosidl_typesupport_fastrtps_c;rosidl_typesupport_introspection_c\n'}
[2.212691] (zenpool_draw_letter) StdoutLine: {'line': b'-- Using all available rosidl_typesupport_cpp: rosidl_typesupport_fastrtps_cpp;rosidl_typesupport_introspection_cpp\n'}
[2.259703] (-) TimerEvent: {}
[2.363243] (-) TimerEvent: {}
[2.468864] (-) TimerEvent: {}
[2.570488] (-) TimerEvent: {}
[2.606331] (tutan_gripper) Command: {'cmd': ['/usr/bin/python3', '-W', 'ignore:setup.py install is deprecated', '-W', 'ignore:easy_install command is deprecated', 'setup.py', 'develop', '--editable', '--build-directory', '/home/ros/ws_me462/build/tutan_gripper/build', '--no-deps', 'symlink_data'], 'cwd': '/home/ros/ws_me462/build/tutan_gripper', 'env': {'HOSTNAME': 'deniz-pi500', 'SHLVL': '1', 'LD_LIBRARY_PATH': '/opt/ros/humble/opt/rviz_ogre_vendor/lib:/opt/ros/humble/lib/aarch64-linux-gnu:/opt/ros/humble/lib', 'HOME': '/home/ros', 'OLDPWD': '/home/ros/ws_me462/drawing', 'ROS_PYTHON_VERSION': '3', 'COLCON_PREFIX_PATH': '/home/ros/ws_me462/install', 'ROS_DISTRO': 'humble', '_': '/usr/bin/colcon', 'ROS_VERSION': '2', 'TERM': 'xterm', 'ROS_LOCALHOST_ONLY': '0', 'PATH': '/opt/ros/humble/bin:/usr/local/sbin:/usr/local/bin:/usr/sbin:/usr/bin:/sbin:/bin', 'DISPLAY': ':0', 'LANG': 'C.UTF-8', 'AMENT_PREFIX_PATH': '/home/ros/ws_me462/install/zenpool_draw_letter:/home/ros/ws_me462/install/tutan_gripper:/home/ros/ws_me462/install/my_robot_cell_moveit_config:/home/ros/ws_me462/install/my_robot_cell_control:/home/ros/ws_me462/install/my_robot_cell_description:/opt/ros/humble', 'PWD': '/home/ros/ws_me462/build/tutan_gripper', 'LC_ALL': 'C.UTF-8', 'PYTHONPATH': '/home/ros/ws_me462/build/tutan_gripper/prefix_override:/usr/lib/python3/dist-packages/colcon_core/task/python/colcon_distutils_commands:/home/ros/ws_me462/install/tutan_gripper/lib/python3.10/site-packages:/home/ros/ws_me462/build/tutan_gripper:/home/ros/ws_me462/install/tutan_gripper/lib/python3.10/site-packages:/opt/ros/humble/lib/python3.10/site-packages:/opt/ros/humble/local/lib/python3.10/dist-packages', 'COLCON': '1', 'CMAKE_PREFIX_PATH': '/home/ros/ws_me462/install/zenpool_draw_letter:/home/ros/ws_me462/install/my_robot_cell_moveit_config:/home/ros/ws_me462/install/my_robot_cell_control:/home/ros/ws_me462/install/my_robot_cell_description'}, 'shell': False}
[2.671374] (-) TimerEvent: {}
[2.761956] (zenpool_draw_letter) StdoutLine: {'line': b'-- Found Boost: /usr/lib/aarch64-linux-gnu/cmake/Boost-1.74.0/BoostConfig.cmake (found version "1.74.0") found components: chrono date_time filesystem iostreams program_options regex serialization system thread \n'}
[2.772203] (-) TimerEvent: {}
[2.850533] (zenpool_draw_letter) StdoutLine: {'line': b'-- Found parameter_traits: 0.7.1 (/opt/ros/humble/share/parameter_traits/cmake)\n'}
[2.872395] (-) TimerEvent: {}
[2.942641] (zenpool_draw_letter) StdoutLine: {'line': b'-- Found rmw_implementation_cmake: 6.1.2 (/opt/ros/humble/share/rmw_implementation_cmake/cmake)\n'}
[2.946392] (zenpool_draw_letter) StdoutLine: {'line': b'-- Found rmw_fastrtps_cpp: 6.2.10 (/opt/ros/humble/share/rmw_fastrtps_cpp/cmake)\n'}
[2.972762] (-) TimerEvent: {}
[3.073640] (-) TimerEvent: {}
[3.175732] (-) TimerEvent: {}
[3.276739] (-) TimerEvent: {}
[3.351848] (zenpool_draw_letter) StdoutLine: {'line': b"-- Using RMW implementation 'rmw_fastrtps_cpp' as default\n"}
[3.376950] (-) TimerEvent: {}
[3.478802] (-) TimerEvent: {}
[3.505761] (zenpool_draw_letter) StdoutLine: {'line': b'-- Found rclcpp_lifecycle: 16.0.19 (/opt/ros/humble/share/rclcpp_lifecycle/cmake)\n'}
[3.577549] (tutan_gripper) StdoutLine: {'line': b'running develop\n'}
[3.580044] (zenpool_draw_letter) StdoutLine: {'line': b'-- Found Boost: /usr/lib/aarch64-linux-gnu/cmake/Boost-1.74.0/BoostConfig.cmake (found version "1.74.0") found components: filesystem \n'}
[3.581725] (-) TimerEvent: {}
[3.679760] (zenpool_draw_letter) StdoutLine: {'line': b'-- library: /usr/lib/aarch64-linux-gnu/libcurl.so\n'}
[3.681823] (-) TimerEvent: {}
[3.768397] (zenpool_draw_letter) StdoutLine: {'line': b'-- Ensuring Eigen3 include directory is part of orocos-kdl CMake target\n'}
[3.782009] (-) TimerEvent: {}
[3.882873] (-) TimerEvent: {}
[3.935399] (tutan_gripper) StdoutLine: {'line': b'running egg_info\n'}
[3.937771] (tutan_gripper) StdoutLine: {'line': b'writing tutan_gripper.egg-info/PKG-INFO\n'}
[3.938218] (tutan_gripper) StdoutLine: {'line': b'writing dependency_links to tutan_gripper.egg-info/dependency_links.txt\n'}
[3.942243] (tutan_gripper) StdoutLine: {'line': b'writing entry points to tutan_gripper.egg-info/entry_points.txt\n'}
[3.948737] (tutan_gripper) StdoutLine: {'line': b'writing requirements to tutan_gripper.egg-info/requires.txt\n'}
[3.951767] (tutan_gripper) StdoutLine: {'line': b'writing top-level names to tutan_gripper.egg-info/top_level.txt\n'}
[3.961313] (tutan_gripper) StdoutLine: {'line': b"reading manifest file 'tutan_gripper.egg-info/SOURCES.txt'\n"}
[3.966382] (tutan_gripper) StdoutLine: {'line': b"writing manifest file 'tutan_gripper.egg-info/SOURCES.txt'\n"}
[3.969630] (tutan_gripper) StdoutLine: {'line': b'running build_ext\n'}
[3.970524] (tutan_gripper) StdoutLine: {'line': b'Creating /home/ros/ws_me462/install/tutan_gripper/lib/python3.10/site-packages/tutan-gripper.egg-link (link to .)\n'}
[3.972195] (tutan_gripper) StdoutLine: {'line': b'Installing aruco_tracker_node script to /home/ros/ws_me462/install/tutan_gripper/lib/tutan_gripper\n'}
[3.972991] (tutan_gripper) StdoutLine: {'line': b'Installing gripper_driver_node script to /home/ros/ws_me462/install/tutan_gripper/lib/tutan_gripper\n'}
[3.973611] (tutan_gripper) StdoutLine: {'line': b'\n'}
[3.973799] (tutan_gripper) StdoutLine: {'line': b'Installed /home/ros/ws_me462/build/tutan_gripper\n'}
[3.973898] (tutan_gripper) StdoutLine: {'line': b'running symlink_data\n'}
[3.983875] (-) TimerEvent: {}
[4.087249] (-) TimerEvent: {}
[4.090208] (zenpool_draw_letter) StdoutLine: {'line': b'-- Found Boost: /usr/lib/aarch64-linux-gnu/cmake/Boost-1.74.0/BoostConfig.cmake (found version "1.74.0") found components: system filesystem date_time program_options thread chrono \n'}
[4.161876] (tutan_gripper) CommandEnded: {'returncode': 0}
[4.177259] (zenpool_draw_letter) StdoutLine: {'line': b'-- Found Boost: /usr/lib/aarch64-linux-gnu/cmake/Boost-1.74.0/BoostConfig.cmake (found version "1.74.0") found components: thread system filesystem regex date_time program_options \n'}
[4.188241] (-) TimerEvent: {}
[4.215502] (tutan_gripper) JobEnded: {'identifier': 'tutan_gripper', 'rc': 0}
[4.236649] (zenpool_draw_letter) StdoutLine: {'line': b'-- Found Boost: /usr/lib/aarch64-linux-gnu/cmake/Boost-1.74.0/BoostConfig.cmake (found version "1.74.0") found components: system filesystem date_time program_options thread \n'}
[4.288452] (-) TimerEvent: {}
[4.302288] (zenpool_draw_letter) StdoutLine: {'line': b'-- Found moveit_visual_tools: 4.1.2 (/opt/ros/humble/share/moveit_visual_tools/cmake)\n'}
[4.388934] (-) TimerEvent: {}
[4.416019] (zenpool_draw_letter) StdoutLine: {'line': b"-- Setting assimp_DIR to: '/opt/ros/humble/share/rviz_assimp_vendor/cmake/../../../opt/rviz_assimp_vendor/lib/cmake/assimp-4.1'\n"}
[4.431736] (zenpool_draw_letter) StdoutLine: {'line': b"-- Setting OGRE_DIR to: '/opt/ros/humble/share/rviz_ogre_vendor/cmake/../../../opt/rviz_ogre_vendor/lib/OGRE/cmake'\n"}
[4.438025] (zenpool_draw_letter) StdoutLine: {'line': b'-- Found OGRE\n'}
[4.438478] (zenpool_draw_letter) StdoutLine: {'line': b'--   static     : OFF\n'}
[4.438607] (zenpool_draw_letter) StdoutLine: {'line': b'--   components : HLMS;MeshLodGenerator;Overlay;Paging;Property;RTShaderSystem;Terrain;Volume\n'}
[4.438714] (zenpool_draw_letter) StdoutLine: {'line': b'--   plugins    : Plugin_BSPSceneManager;Plugin_OctreeSceneManager;Plugin_PCZSceneManager;Plugin_ParticleFX;RenderSystem_GL;RenderSystem_GL3Plus;Codec_STBI\n'}
[4.438797] (zenpool_draw_letter) StdoutLine: {'line': b'--   media      : /opt/ros/humble/opt/rviz_ogre_vendor/share/OGRE/Media\n'}
[4.438875] (zenpool_draw_letter) StdoutLine: {'line': b'-- OGRE_LIBRARIES: OgreHLMS;OgreMeshLodGenerator;OgreOverlay;OgrePaging;OgreProperty;OgreRTShaderSystem;OgreTerrain;OgreVolume;OgreMain\n'}
[4.438963] (zenpool_draw_letter) StdoutLine: {'line': b'-- OGRE_LIBRARY_DIRS: /opt/ros/humble/opt/rviz_ogre_vendor/lib\n'}
[4.439034] (zenpool_draw_letter) StdoutLine: {'line': b'-- OGRE_PLUGINS: Plugin_BSPSceneManager;Plugin_OctreeSceneManager;Plugin_PCZSceneManager;Plugin_ParticleFX;RenderSystem_GL;RenderSystem_GL3Plus;Codec_STBI\n'}
[4.439106] (zenpool_draw_letter) StdoutLine: {'line': b'-- OGRE_PLUGIN_DIR: /opt/ros/humble/opt/rviz_ogre_vendor/lib/OGRE\n'}
[4.439177] (zenpool_draw_letter) StdoutLine: {'line': b'-- rviz_ogre_vendor::OgreOverlay for IMPORTED_LOCATION_RELEASE: /opt/ros/humble/opt/rviz_ogre_vendor/lib/libOgreOverlay.so\n'}
[4.439302] (zenpool_draw_letter) StdoutLine: {'line': b'-- rviz_ogre_vendor::OgreOverlay for IMPORTED_LOCATION_DEBUG: /opt/ros/humble/opt/rviz_ogre_vendor/lib/libOgreOverlay.so\n'}
[4.439381] (zenpool_draw_letter) StdoutLine: {'line': b'-- rviz_ogre_vendor::OgreMain for IMPORTED_LOCATION_RELEASE: /opt/ros/humble/opt/rviz_ogre_vendor/lib/libOgreMain.so\n'}
[4.439457] (zenpool_draw_letter) StdoutLine: {'line': b'-- rviz_ogre_vendor::OgreMain for IMPORTED_LOCATION_DEBUG: /opt/ros/humble/opt/rviz_ogre_vendor/lib/libOgreMain.so\n'}
[4.441110] (zenpool_draw_letter) StdoutLine: {'line': b'-- Could not find freeimage library\n'}
[4.489476] (-) TimerEvent: {}
[4.590770] (-) TimerEvent: {}
[4.692775] (-) TimerEvent: {}
[4.712705] (zenpool_draw_letter) StdoutLine: {'line': b'-- Found controller_manager_msgs: 2.54.0 (/opt/ros/humble/share/controller_manager_msgs/cmake)\n'}
[4.753169] (zenpool_draw_letter) StdoutLine: {'line': b'-- Found control_msgs: 4.9.0 (/opt/ros/humble/share/control_msgs/cmake)\n'}
[4.792900] (-) TimerEvent: {}
[4.836096] (zenpool_draw_letter) StdoutLine: {'line': b'-- Found ament_lint_auto: 0.12.15 (/opt/ros/humble/share/ament_lint_auto/cmake)\n'}
[4.894852] (-) TimerEvent: {}
[4.996522] (-) TimerEvent: {}
[5.074786] (zenpool_draw_letter) StdoutLine: {'line': b"-- Added test 'cppcheck' to perform static code analysis on C / C++ code\n"}
[5.077628] (zenpool_draw_letter) StdoutLine: {'line': b'-- Configured cppcheck include dirs: $<BUILD_INTERFACE:/home/ros/ws_me462/src/ME462RobotControl/zenpool_draw_letter/include>\n'}
[5.079722] (zenpool_draw_letter) StdoutLine: {'line': b'-- Configured cppcheck exclude dirs and/or files: \n'}
[5.080718] (zenpool_draw_letter) StdoutLine: {'line': b"-- Added test 'flake8' to check Python code syntax and style conventions\n"}
[5.081969] (zenpool_draw_letter) StdoutLine: {'line': b"-- Added test 'lint_cmake' to check CMake code style\n"}
[5.084467] (zenpool_draw_letter) StdoutLine: {'line': b"-- Added test 'pep257' to check Python code against some of the docstring style conventions in PEP 257\n"}
[5.088838] (zenpool_draw_letter) StdoutLine: {'line': b"-- Added test 'uncrustify' to check C / C++ code style\n"}
[5.090069] (zenpool_draw_letter) StdoutLine: {'line': b'-- Configured uncrustify additional arguments: \n'}
[5.091916] (zenpool_draw_letter) StdoutLine: {'line': b"-- Added test 'xmllint' to check XML markup files\n"}
[5.093141] (zenpool_draw_letter) StdoutLine: {'line': b'-- Configuring done\n'}
[5.096609] (-) TimerEvent: {}
[5.197205] (-) TimerEvent: {}
[5.286396] (zenpool_draw_letter) StdoutLine: {'line': b'-- Generating done\n'}
[5.297356] (-) TimerEvent: {}
[5.356857] (zenpool_draw_letter) StdoutLine: {'line': b'-- Build files have been written to: /home/ros/ws_me462/build/zenpool_draw_letter\n'}
[5.397545] (-) TimerEvent: {}
[5.416222] (zenpool_draw_letter) CommandEnded: {'returncode': 0}
[5.418754] (zenpool_draw_letter) JobProgress: {'identifier': 'zenpool_draw_letter', 'progress': 'build'}
[5.419785] (zenpool_draw_letter) Command: {'cmd': ['/usr/bin/cmake', '--build', '/home/ros/ws_me462/build/zenpool_draw_letter', '--', '-j4', '-l4'], 'cwd': '/home/ros/ws_me462/build/zenpool_draw_letter', 'env': OrderedDict([('HOSTNAME', 'deniz-pi500'), ('SHLVL', '1'), ('LD_LIBRARY_PATH', '/opt/ros/humble/opt/rviz_ogre_vendor/lib:/opt/ros/humble/lib/aarch64-linux-gnu:/opt/ros/humble/lib'), ('HOME', '/home/ros'), ('OLDPWD', '/home/ros/ws_me462/drawing'), ('ROS_PYTHON_VERSION', '3'), ('COLCON_PREFIX_PATH', '/home/ros/ws_me462/install'), ('ROS_DISTRO', 'humble'), ('_', '/usr/bin/colcon'), ('ROS_VERSION', '2'), ('TERM', 'xterm'), ('ROS_LOCALHOST_ONLY', '0'), ('PATH', '/opt/ros/humble/bin:/usr/local/sbin:/usr/local/bin:/usr/sbin:/usr/bin:/sbin:/bin'), ('DISPLAY', ':0'), ('LANG', 'C.UTF-8'), ('AMENT_PREFIX_PATH', '/home/ros/ws_me462/install/zenpool_draw_letter:/home/ros/ws_me462/install/tutan_gripper:/home/ros/ws_me462/install/my_robot_cell_moveit_config:/home/ros/ws_me462/install/my_robot_cell_control:/home/ros/ws_me462/install/my_robot_cell_description:/opt/ros/humble'), ('PWD', '/home/ros/ws_me462/build/zenpool_draw_letter'), ('LC_ALL', 'C.UTF-8'), ('PYTHONPATH', '/home/ros/ws_me462/build/tutan_gripper:/home/ros/ws_me462/install/tutan_gripper/lib/python3.10/site-packages:/opt/ros/humble/lib/python3.10/site-packages:/opt/ros/humble/local/lib/python3.10/dist-packages'), ('COLCON', '1'), ('CMAKE_PREFIX_PATH', '/home/ros/ws_me462/install/zenpool_draw_letter:/home/ros/ws_me462/install/my_robot_cell_moveit_config:/home/ros/ws_me462/install/my_robot_cell_control:/home/ros/ws_me462/install/my_robot_cell_description:/home/ros/ws_me462/install/tutan_gripper:/opt/ros/humble')]), 'shell': False}
[5.497838] (-) TimerEvent: {}
[5.589841] (zenpool_draw_letter) StdoutLine: {'line': b'\x1b[35m\x1b[1mConsolidate compiler generated dependencies of target zenpool_draw_letter\x1b[0m\n'}
[5.598682] (-) TimerEvent: {}
[5.686549] (zenpool_draw_letter) StdoutLine: {'line': b'[ 33%] Built target zenpool_draw_letter\n'}
[5.698846] (-) TimerEvent: {}
[5.735328] (zenpool_draw_letter) StdoutLine: {'line': b'\x1b[35m\x1b[1mConsolidate compiler generated dependencies of target zenpool_teleop_servo\x1b[0m\n'}
[5.797837] (zenpool_draw_letter) StdoutLine: {'line': b'[ 66%] Built target zenpool_teleop_servo\n'}
[5.798929] (-) TimerEvent: {}
[5.843525] (zenpool_draw_letter) StdoutLine: {'line': b'\x1b[35m\x1b[1mConsolidate compiler generated dependencies of target zenpool_draw_servo\x1b[0m\n'}
[5.899095] (-) TimerEvent: {}
[5.950405] (zenpool_draw_letter) StdoutLine: {'line': b'[100%] Built target zenpool_draw_servo\n'}
[5.983479] (zenpool_draw_letter) CommandEnded: {'returncode': 0}
[5.984647] (zenpool_draw_letter) JobProgress: {'identifier': 'zenpool_draw_letter', 'progress': 'install'}
[5.985251] (zenpool_draw_letter) Command: {'cmd': ['/usr/bin/cmake', '--install', '/home/ros/ws_me462/build/zenpool_draw_letter'], 'cwd': '/home/ros/ws_me462/build/zenpool_draw_letter', 'env': OrderedDict([('HOSTNAME', 'deniz-pi500'), ('SHLVL', '1'), ('LD_LIBRARY_PATH', '/opt/ros/humble/opt/rviz_ogre_vendor/lib:/opt/ros/humble/lib/aarch64-linux-gnu:/opt/ros/humble/lib'), ('HOME', '/home/ros'), ('OLDPWD', '/home/ros/ws_me462/drawing'), ('ROS_PYTHON_VERSION', '3'), ('COLCON_PREFIX_PATH', '/home/ros/ws_me462/install'), ('ROS_DISTRO', 'humble'), ('_', '/usr/bin/colcon'), ('ROS_VERSION', '2'), ('TERM', 'xterm'), ('ROS_LOCALHOST_ONLY', '0'), ('PATH', '/opt/ros/humble/bin:/usr/local/sbin:/usr/local/bin:/usr/sbin:/usr/bin:/sbin:/bin'), ('DISPLAY', ':0'), ('LANG', 'C.UTF-8'), ('AMENT_PREFIX_PATH', '/home/ros/ws_me462/install/zenpool_draw_letter:/home/ros/ws_me462/install/tutan_gripper:/home/ros/ws_me462/install/my_robot_cell_moveit_config:/home/ros/ws_me462/install/my_robot_cell_control:/home/ros/ws_me462/install/my_robot_cell_description:/opt/ros/humble'), ('PWD', '/home/ros/ws_me462/build/zenpool_draw_letter'), ('LC_ALL', 'C.UTF-8'), ('PYTHONPATH', '/home/ros/ws_me462/build/tutan_gripper:/home/ros/ws_me462/install/tutan_gripper/lib/python3.10/site-packages:/opt/ros/humble/lib/python3.10/site-packages:/opt/ros/humble/local/lib/python3.10/dist-packages'), ('COLCON', '1'), ('CMAKE_PREFIX_PATH', '/home/ros/ws_me462/install/zenpool_draw_letter:/home/ros/ws_me462/install/my_robot_cell_moveit_config:/home/ros/ws_me462/install/my_robot_cell_control:/home/ros/ws_me462/install/my_robot_cell_description:/home/ros/ws_me462/install/tutan_gripper:/opt/ros/humble')]), 'shell': False}
[5.999291] (-) TimerEvent: {}
[6.018470] (zenpool_draw_letter) StdoutLine: {'line': b'-- Install configuration: ""\n'}
[6.019484] (zenpool_draw_letter) StdoutLine: {'line': b'-- Execute custom install script\n'}
[6.020517] (zenpool_draw_letter) StdoutLine: {'line': b'-- Up-to-date symlink: /home/ros/ws_me462/install/zenpool_draw_letter/lib/zenpool_draw_letter/zenpool_draw_letter\n'}
[6.021416] (zenpool_draw_letter) StdoutLine: {'line': b'-- Up-to-date symlink: /home/ros/ws_me462/install/zenpool_draw_letter/lib/zenpool_draw_letter/zenpool_draw_servo\n'}
[6.023009] (zenpool_draw_letter) StdoutLine: {'line': b'-- Up-to-date symlink: /home/ros/ws_me462/install/zenpool_draw_letter/lib/zenpool_draw_letter/zenpool_teleop_servo\n'}
[6.023457] (zenpool_draw_letter) StdoutLine: {'line': b'-- Up-to-date symlink: /home/ros/ws_me462/install/zenpool_draw_letter/lib/zenpool_draw_letter/face_tracker_servo.py\n'}
[6.023744] (zenpool_draw_letter) StdoutLine: {'line': b'-- Up-to-date symlink: /home/ros/ws_me462/install/zenpool_draw_letter/lib/zenpool_draw_letter/aruco_tracker_servo.py\n'}
[6.024005] (zenpool_draw_letter) StdoutLine: {'line': b'-- Up-to-date symlink: /home/ros/ws_me462/install/zenpool_draw_letter/lib/zenpool_draw_letter/custom_dashboard.py\n'}
[6.024133] (zenpool_draw_letter) StdoutLine: {'line': b'-- Up-to-date symlink: /home/ros/ws_me462/install/zenpool_draw_letter/lib/zenpool_draw_letter/tool_manager.py\n'}
[6.024341] (zenpool_draw_letter) StdoutLine: {'line': b'-- Up-to-date symlink: /home/ros/ws_me462/install/zenpool_draw_letter/lib/zenpool_draw_letter/take_one.py\n'}
[6.024450] (zenpool_draw_letter) StdoutLine: {'line': b'-- Up-to-date symlink: /home/ros/ws_me462/install/zenpool_draw_letter/lib/zenpool_draw_letter/drop_one.py\n'}
[6.024654] (zenpool_draw_letter) StdoutLine: {'line': b'-- Up-to-date symlink: /home/ros/ws_me462/install/zenpool_draw_letter/lib/zenpool_draw_letter/take_two.py\n'}
[6.024888] (zenpool_draw_letter) StdoutLine: {'line': b'-- Up-to-date symlink: /home/ros/ws_me462/install/zenpool_draw_letter/lib/zenpool_draw_letter/drop_two.py\n'}
[6.025426] (zenpool_draw_letter) StdoutLine: {'line': b'-- Up-to-date symlink: /home/ros/ws_me462/install/zenpool_draw_letter/lib/zenpool_draw_letter/take_three.py\n'}
[6.025750] (zenpool_draw_letter) StdoutLine: {'line': b'-- Up-to-date symlink: /home/ros/ws_me462/install/zenpool_draw_letter/lib/zenpool_draw_letter/drop_three.py\n'}
[6.025878] (zenpool_draw_letter) StdoutLine: {'line': b'-- Up-to-date symlink: /home/ros/ws_me462/install/zenpool_draw_letter/lib/zenpool_draw_letter/full_cleaning.py\n'}
[6.026003] (zenpool_draw_letter) StdoutLine: {'line': b'-- Up-to-date symlink: /home/ros/ws_me462/install/zenpool_draw_letter/lib/zenpool_draw_letter/drawing_job_executor.py\n'}
[6.026360] (zenpool_draw_letter) StdoutLine: {'line': b'-- Up-to-date symlink: /home/ros/ws_me462/install/zenpool_draw_letter/share/zenpool_draw_letter/launch/zenpool_draw.launch.py\n'}
[6.026802] (zenpool_draw_letter) StdoutLine: {'line': b'-- Up-to-date symlink: /home/ros/ws_me462/install/zenpool_draw_letter/share/ament_index/resource_index/package_run_dependencies/zenpool_draw_letter\n'}
[6.027410] (zenpool_draw_letter) StdoutLine: {'line': b'-- Up-to-date symlink: /home/ros/ws_me462/install/zenpool_draw_letter/share/ament_index/resource_index/parent_prefix_path/zenpool_draw_letter\n'}
[6.028425] (zenpool_draw_letter) StdoutLine: {'line': b'-- Up-to-date symlink: /home/ros/ws_me462/install/zenpool_draw_letter/share/zenpool_draw_letter/environment/ament_prefix_path.sh\n'}
[6.028972] (zenpool_draw_letter) StdoutLine: {'line': b'-- Up-to-date symlink: /home/ros/ws_me462/install/zenpool_draw_letter/share/zenpool_draw_letter/environment/ament_prefix_path.dsv\n'}
[6.029285] (zenpool_draw_letter) StdoutLine: {'line': b'-- Up-to-date symlink: /home/ros/ws_me462/install/zenpool_draw_letter/share/zenpool_draw_letter/environment/path.sh\n'}
[6.030342] (zenpool_draw_letter) StdoutLine: {'line': b'-- Up-to-date symlink: /home/ros/ws_me462/install/zenpool_draw_letter/share/zenpool_draw_letter/environment/path.dsv\n'}
[6.030497] (zenpool_draw_letter) StdoutLine: {'line': b'-- Up-to-date symlink: /home/ros/ws_me462/install/zenpool_draw_letter/share/zenpool_draw_letter/local_setup.bash\n'}
[6.032230] (zenpool_draw_letter) StdoutLine: {'line': b'-- Up-to-date symlink: /home/ros/ws_me462/install/zenpool_draw_letter/share/zenpool_draw_letter/local_setup.sh\n'}
[6.032789] (zenpool_draw_letter) StdoutLine: {'line': b'-- Up-to-date symlink: /home/ros/ws_me462/install/zenpool_draw_letter/share/zenpool_draw_letter/local_setup.zsh\n'}
[6.032953] (zenpool_draw_letter) StdoutLine: {'line': b'-- Up-to-date symlink: /home/ros/ws_me462/install/zenpool_draw_letter/share/zenpool_draw_letter/local_setup.dsv\n'}
[6.033060] (zenpool_draw_letter) StdoutLine: {'line': b'-- Symlinking: /home/ros/ws_me462/install/zenpool_draw_letter/share/zenpool_draw_letter/package.dsv\n'}
[6.071982] (zenpool_draw_letter) StdoutLine: {'line': b'-- Up-to-date symlink: /home/ros/ws_me462/install/zenpool_draw_letter/share/ament_index/resource_index/packages/zenpool_draw_letter\n'}
[6.072864] (zenpool_draw_letter) StdoutLine: {'line': b'-- Up-to-date symlink: /home/ros/ws_me462/install/zenpool_draw_letter/share/zenpool_draw_letter/cmake/zenpool_draw_letterConfig.cmake\n'}
[6.073012] (zenpool_draw_letter) StdoutLine: {'line': b'-- Up-to-date symlink: /home/ros/ws_me462/install/zenpool_draw_letter/share/zenpool_draw_letter/cmake/zenpool_draw_letterConfig-version.cmake\n'}
[6.073102] (zenpool_draw_letter) StdoutLine: {'line': b'-- Up-to-date symlink: /home/ros/ws_me462/install/zenpool_draw_letter/share/zenpool_draw_letter/package.xml\n'}
[6.080199] (zenpool_draw_letter) CommandEnded: {'returncode': 0}
[6.099421] (-) TimerEvent: {}
[6.142601] (zenpool_draw_letter) JobEnded: {'identifier': 'zenpool_draw_letter', 'rc': 0}
[6.152495] (-) EventReactorShutdown: {}
