running develop
running egg_info
creating robot_head_ros.egg-info
writing robot_head_ros.egg-info/PKG-INFO
writing dependency_links to robot_head_ros.egg-info/dependency_links.txt
writing entry points to robot_head_ros.egg-info/entry_points.txt
writing requirements to robot_head_ros.egg-info/requires.txt
writing top-level names to robot_head_ros.egg-info/top_level.txt
writing manifest file 'robot_head_ros.egg-info/SOURCES.txt'
reading manifest file 'robot_head_ros.egg-info/SOURCES.txt'
writing manifest file 'robot_head_ros.egg-info/SOURCES.txt'
running build_ext
Creating /home/ros/ws_me462/install/robot_head_ros/lib/python3.10/site-packages/robot-head-ros.egg-link (link to .)
Installing robot_head_node script to /home/ros/ws_me462/install/robot_head_ros/lib/robot_head_ros

Installed /home/ros/ws_me462/build/robot_head_ros
running symlink_data
creating /home/ros/ws_me462/install/robot_head_ros/share/ament_index
creating /home/ros/ws_me462/install/robot_head_ros/share/ament_index/resource_index
creating /home/ros/ws_me462/install/robot_head_ros/share/ament_index/resource_index/packages
symbolically linking /home/ros/ws_me462/build/robot_head_ros/resource/robot_head_ros -> /home/ros/ws_me462/install/robot_head_ros/share/ament_index/resource_index/packages
symbolically linking /home/ros/ws_me462/build/robot_head_ros/package.xml -> /home/ros/ws_me462/install/robot_head_ros/share/robot_head_ros
creating /home/ros/ws_me462/install/robot_head_ros/share/robot_head_ros/launch
symbolically linking /home/ros/ws_me462/build/robot_head_ros/launch/robot_head.launch.py -> /home/ros/ws_me462/install/robot_head_ros/share/robot_head_ros/launch
creating /home/ros/ws_me462/install/robot_head_ros/share/robot_head_ros/config
symbolically linking /home/ros/ws_me462/build/robot_head_ros/config/robot_head.yaml -> /home/ros/ws_me462/install/robot_head_ros/share/robot_head_ros/config
