[4.149s] Invoking command in '/home/ros/ws_me462/build/robot_head_ros': PYTHONPATH=/home/ros/ws_me462/build/robot_head_ros/prefix_override:/usr/lib/python3/dist-packages/colcon_core/task/python/colcon_distutils_commands:/home/ros/ws_me462/install/robot_head_ros/lib/python3.10/site-packages:${PYTHONPATH} /usr/bin/python3 -W ignore:setup.py install is deprecated -W ignore:easy_install command is deprecated setup.py develop --editable --build-directory /home/ros/ws_me462/build/robot_head_ros/build --no-deps symlink_data
[4.871s] running develop
[5.217s] running egg_info
[5.218s] creating robot_head_ros.egg-info
[5.218s] writing robot_head_ros.egg-info/PKG-INFO
[5.222s] writing dependency_links to robot_head_ros.egg-info/dependency_links.txt
[5.222s] writing entry points to robot_head_ros.egg-info/entry_points.txt
[5.222s] writing requirements to robot_head_ros.egg-info/requires.txt
[5.223s] writing top-level names to robot_head_ros.egg-info/top_level.txt
[5.223s] writing manifest file 'robot_head_ros.egg-info/SOURCES.txt'
[5.228s] reading manifest file 'robot_head_ros.egg-info/SOURCES.txt'
[5.229s] writing manifest file 'robot_head_ros.egg-info/SOURCES.txt'
[5.233s] running build_ext
[5.233s] Creating /home/ros/ws_me462/install/robot_head_ros/lib/python3.10/site-packages/robot-head-ros.egg-link (link to .)
[5.236s] Installing robot_head_node script to /home/ros/ws_me462/install/robot_head_ros/lib/robot_head_ros
[5.239s] 
[5.241s] Installed /home/ros/ws_me462/build/robot_head_ros
[5.241s] running symlink_data
[5.243s] creating /home/ros/ws_me462/install/robot_head_ros/share/ament_index
[5.243s] creating /home/ros/ws_me462/install/robot_head_ros/share/ament_index/resource_index
[5.245s] creating /home/ros/ws_me462/install/robot_head_ros/share/ament_index/resource_index/packages
[5.245s] symbolically linking /home/ros/ws_me462/build/robot_head_ros/resource/robot_head_ros -> /home/ros/ws_me462/install/robot_head_ros/share/ament_index/resource_index/packages
[5.245s] symbolically linking /home/ros/ws_me462/build/robot_head_ros/package.xml -> /home/ros/ws_me462/install/robot_head_ros/share/robot_head_ros
[5.246s] creating /home/ros/ws_me462/install/robot_head_ros/share/robot_head_ros/launch
[5.247s] symbolically linking /home/ros/ws_me462/build/robot_head_ros/launch/robot_head.launch.py -> /home/ros/ws_me462/install/robot_head_ros/share/robot_head_ros/launch
[5.247s] creating /home/ros/ws_me462/install/robot_head_ros/share/robot_head_ros/config
[5.247s] symbolically linking /home/ros/ws_me462/build/robot_head_ros/config/robot_head.yaml -> /home/ros/ws_me462/install/robot_head_ros/share/robot_head_ros/config
[5.432s] Invoked command in '/home/ros/ws_me462/build/robot_head_ros' returned '0': PYTHONPATH=/home/ros/ws_me462/build/robot_head_ros/prefix_override:/usr/lib/python3/dist-packages/colcon_core/task/python/colcon_distutils_commands:/home/ros/ws_me462/install/robot_head_ros/lib/python3.10/site-packages:${PYTHONPATH} /usr/bin/python3 -W ignore:setup.py install is deprecated -W ignore:easy_install command is deprecated setup.py develop --editable --build-directory /home/ros/ws_me462/build/robot_head_ros/build --no-deps symlink_data
