[0.000000] (-) TimerEvent: {}
[0.000540] (my_robot_cell_description) JobQueued: {'identifier': 'my_robot_cell_description', 'dependencies': OrderedDict()}
[0.001276] (tutan_gripper) JobQueued: {'identifier': 'tutan_gripper', 'dependencies': OrderedDict()}
[0.001726] (zenpool_draw_letter) JobQueued: {'identifier': 'zenpool_draw_letter', 'dependencies': OrderedDict()}
[0.002129] (my_robot_cell_control) JobQueued: {'identifier': 'my_robot_cell_control', 'dependencies': OrderedDict([('my_robot_cell_description', '/home/ros/ws_me462/install/my_robot_cell_description')])}
[0.002474] (my_robot_cell_moveit_config) JobQueued: {'identifier': 'my_robot_cell_moveit_config', 'dependencies': OrderedDict([('my_robot_cell_description', '/home/ros/ws_me462/install/my_robot_cell_description')])}
[0.003339] (my_robot_cell_description) JobStarted: {'identifier': 'my_robot_cell_description'}
[0.081132] (tutan_gripper) JobStarted: {'identifier': 'tutan_gripper'}
[0.099618] (-) TimerEvent: {}
[0.120174] (zenpool_draw_letter) JobStarted: {'identifier': 'zenpool_draw_letter'}
[0.154194] (my_robot_cell_description) JobProgress: {'identifier': 'my_robot_cell_description', 'progress': 'cmake'}
[0.159382] (my_robot_cell_description) JobProgress: {'identifier': 'my_robot_cell_description', 'progress': 'build'}
[0.160821] (my_robot_cell_description) Command: {'cmd': ['/usr/bin/cmake', '--build', '/home/ros/ws_me462/build/my_robot_cell_description', '--', '-j4', '-l4'], 'cwd': '/home/ros/ws_me462/build/my_robot_cell_description', 'env': OrderedDict([('HOSTNAME', 'deniz-pi500'), ('SHLVL', '1'), ('LD_LIBRARY_PATH', '/opt/ros/humble/opt/rviz_ogre_vendor/lib:/opt/ros/humble/lib/aarch64-linux-gnu:/opt/ros/humble/lib'), ('HOME', '/home/ros'), ('OLDPWD', '/home/ros/ws_me462'), ('ROS_PYTHON_VERSION', '3'), ('COLCON_PREFIX_PATH', '/home/ros/ws_me462/install'), ('ROS_DISTRO', 'humble'), ('_', '/usr/bin/colcon'), ('ROS_VERSION', '2'), ('TERM', 'xterm'), ('ROS_LOCALHOST_ONLY', '0'), ('PATH', '/opt/ros/humble/bin:/usr/local/sbin:/usr/local/bin:/usr/sbin:/usr/bin:/sbin:/bin'), ('DISPLAY', ':0'), ('LANG', 'C.UTF-8'), ('AMENT_PREFIX_PATH', '/home/ros/ws_me462/install/zenpool_draw_letter:/home/ros/ws_me462/install/tutan_gripper:/home/ros/ws_me462/install/my_robot_cell_moveit_config:/home/ros/ws_me462/install/my_robot_cell_control:/home/ros/ws_me462/install/my_robot_cell_description:/opt/ros/humble'), ('PWD', '/home/ros/ws_me462/build/my_robot_cell_description'), ('LC_ALL', 'C.UTF-8'), ('PYTHONPATH', '/home/ros/ws_me462/build/tutan_gripper:/home/ros/ws_me462/install/tutan_gripper/lib/python3.10/site-packages:/opt/ros/humble/lib/python3.10/site-packages:/opt/ros/humble/local/lib/python3.10/dist-packages'), ('COLCON', '1'), ('CMAKE_PREFIX_PATH', '/home/ros/ws_me462/install/zenpool_draw_letter:/home/ros/ws_me462/install/my_robot_cell_moveit_config:/home/ros/ws_me462/install/my_robot_cell_control:/home/ros/ws_me462/install/my_robot_cell_description:/home/ros/ws_me462/install/tutan_gripper:/opt/ros/humble')]), 'shell': False}
[0.200058] (-) TimerEvent: {}
[0.306293] (-) TimerEvent: {}
[0.407058] (-) TimerEvent: {}
[0.507792] (-) TimerEvent: {}
[0.608607] (-) TimerEvent: {}
[0.709247] (-) TimerEvent: {}
[0.809957] (-) TimerEvent: {}
[0.888041] (zenpool_draw_letter) JobProgress: {'identifier': 'zenpool_draw_letter', 'progress': 'cmake'}
[0.891413] (zenpool_draw_letter) JobProgress: {'identifier': 'zenpool_draw_letter', 'progress': 'build'}
[0.892618] (zenpool_draw_letter) Command: {'cmd': ['/usr/bin/cmake', '--build', '/home/ros/ws_me462/build/zenpool_draw_letter', '--', '-j4', '-l4'], 'cwd': '/home/ros/ws_me462/build/zenpool_draw_letter', 'env': OrderedDict([('HOSTNAME', 'deniz-pi500'), ('SHLVL', '1'), ('LD_LIBRARY_PATH', '/opt/ros/humble/opt/rviz_ogre_vendor/lib:/opt/ros/humble/lib/aarch64-linux-gnu:/opt/ros/humble/lib'), ('HOME', '/home/ros'), ('OLDPWD', '/home/ros/ws_me462'), ('ROS_PYTHON_VERSION', '3'), ('COLCON_PREFIX_PATH', '/home/ros/ws_me462/install'), ('ROS_DISTRO', 'humble'), ('_', '/usr/bin/colcon'), ('ROS_VERSION', '2'), ('TERM', 'xterm'), ('ROS_LOCALHOST_ONLY', '0'), ('PATH', '/opt/ros/humble/bin:/usr/local/sbin:/usr/local/bin:/usr/sbin:/usr/bin:/sbin:/bin'), ('DISPLAY', ':0'), ('LANG', 'C.UTF-8'), ('AMENT_PREFIX_PATH', '/home/ros/ws_me462/install/zenpool_draw_letter:/home/ros/ws_me462/install/tutan_gripper:/home/ros/ws_me462/install/my_robot_cell_moveit_config:/home/ros/ws_me462/install/my_robot_cell_control:/home/ros/ws_me462/install/my_robot_cell_description:/opt/ros/humble'), ('PWD', '/home/ros/ws_me462/build/zenpool_draw_letter'), ('LC_ALL', 'C.UTF-8'), ('PYTHONPATH', '/home/ros/ws_me462/build/tutan_gripper:/home/ros/ws_me462/install/tutan_gripper/lib/python3.10/site-packages:/opt/ros/humble/lib/python3.10/site-packages:/opt/ros/humble/local/lib/python3.10/dist-packages'), ('COLCON', '1'), ('CMAKE_PREFIX_PATH', '/home/ros/ws_me462/install/zenpool_draw_letter:/home/ros/ws_me462/install/my_robot_cell_moveit_config:/home/ros/ws_me462/install/my_robot_cell_control:/home/ros/ws_me462/install/my_robot_cell_description:/home/ros/ws_me462/install/tutan_gripper:/opt/ros/humble')]), 'shell': False}
[0.906253] (my_robot_cell_description) CommandEnded: {'returncode': 0}
[0.909256] (my_robot_cell_description) JobProgress: {'identifier': 'my_robot_cell_description', 'progress': 'install'}
[0.910315] (-) TimerEvent: {}
[0.963045] (my_robot_cell_description) Command: {'cmd': ['/usr/bin/cmake', '--install', '/home/ros/ws_me462/build/my_robot_cell_description'], 'cwd': '/home/ros/ws_me462/build/my_robot_cell_description', 'env': OrderedDict([('HOSTNAME', 'deniz-pi500'), ('SHLVL', '1'), ('LD_LIBRARY_PATH', '/opt/ros/humble/opt/rviz_ogre_vendor/lib:/opt/ros/humble/lib/aarch64-linux-gnu:/opt/ros/humble/lib'), ('HOME', '/home/ros'), ('OLDPWD', '/home/ros/ws_me462'), ('ROS_PYTHON_VERSION', '3'), ('COLCON_PREFIX_PATH', '/home/ros/ws_me462/install'), ('ROS_DISTRO', 'humble'), ('_', '/usr/bin/colcon'), ('ROS_VERSION', '2'), ('TERM', 'xterm'), ('ROS_LOCALHOST_ONLY', '0'), ('PATH', '/opt/ros/humble/bin:/usr/local/sbin:/usr/local/bin:/usr/sbin:/usr/bin:/sbin:/bin'), ('DISPLAY', ':0'), ('LANG', 'C.UTF-8'), ('AMENT_PREFIX_PATH', '/home/ros/ws_me462/install/zenpool_draw_letter:/home/ros/ws_me462/install/tutan_gripper:/home/ros/ws_me462/install/my_robot_cell_moveit_config:/home/ros/ws_me462/install/my_robot_cell_control:/home/ros/ws_me462/install/my_robot_cell_description:/opt/ros/humble'), ('PWD', '/home/ros/ws_me462/build/my_robot_cell_description'), ('LC_ALL', 'C.UTF-8'), ('PYTHONPATH', '/home/ros/ws_me462/build/tutan_gripper:/home/ros/ws_me462/install/tutan_gripper/lib/python3.10/site-packages:/opt/ros/humble/lib/python3.10/site-packages:/opt/ros/humble/local/lib/python3.10/dist-packages'), ('COLCON', '1'), ('CMAKE_PREFIX_PATH', '/home/ros/ws_me462/install/zenpool_draw_letter:/home/ros/ws_me462/install/my_robot_cell_moveit_config:/home/ros/ws_me462/install/my_robot_cell_control:/home/ros/ws_me462/install/my_robot_cell_description:/home/ros/ws_me462/install/tutan_gripper:/opt/ros/humble')]), 'shell': False}
[1.032599] (-) TimerEvent: {}
[1.038127] (my_robot_cell_description) StdoutLine: {'line': b'-- Install configuration: ""\n'}
[1.041046] (my_robot_cell_description) StdoutLine: {'line': b'-- Execute custom install script\n'}
[1.041349] (my_robot_cell_description) StdoutLine: {'line': b'-- Up-to-date symlink: /home/ros/ws_me462/install/my_robot_cell_description/share/my_robot_cell_description/launch/view_robot.launch.py\n'}
[1.041518] (my_robot_cell_description) StdoutLine: {'line': b'-- Up-to-date symlink: /home/ros/ws_me462/install/my_robot_cell_description/share/my_robot_cell_description/meshes/end_effectors/CleanerTool.stl\n'}
[1.046067] (my_robot_cell_description) StdoutLine: {'line': b'-- Up-to-date symlink: /home/ros/ws_me462/install/my_robot_cell_description/share/my_robot_cell_description/meshes/end_effectors/PenTool.stl\n'}
[1.050079] (my_robot_cell_description) StdoutLine: {'line': b'-- Up-to-date symlink: /home/ros/ws_me462/install/my_robot_cell_description/share/my_robot_cell_description/meshes/end_effectors/tutan-khamun.stl\n'}
[1.050349] (my_robot_cell_description) StdoutLine: {'line': b'-- Up-to-date symlink: /home/ros/ws_me462/install/my_robot_cell_description/share/my_robot_cell_description/meshes/environment/ZenPoolWithToolBox.stl\n'}
[1.050590] (my_robot_cell_description) StdoutLine: {'line': b'-- Up-to-date symlink: /home/ros/ws_me462/install/my_robot_cell_description/share/my_robot_cell_description/meshes/environment/ZenPoolWithToolBoxCollision.stl\n'}
[1.056326] (my_robot_cell_description) StdoutLine: {'line': b'-- Up-to-date symlink: /home/ros/ws_me462/install/my_robot_cell_description/share/my_robot_cell_description/meshes/tool_changer/ToolChangerArmSide.stl\n'}
[1.059308] (my_robot_cell_description) StdoutLine: {'line': b'-- Up-to-date symlink: /home/ros/ws_me462/install/my_robot_cell_description/share/my_robot_cell_description/rviz/urdf.rviz\n'}
[1.065809] (my_robot_cell_description) StdoutLine: {'line': b'-- Up-to-date symlink: /home/ros/ws_me462/install/my_robot_cell_description/share/my_robot_cell_description/urdf/my_robot_cell.urdf.xacro\n'}
[1.066492] (my_robot_cell_description) StdoutLine: {'line': b'-- Up-to-date symlink: /home/ros/ws_me462/install/my_robot_cell_description/share/my_robot_cell_description/urdf/my_robot_cell_macro.xacro\n'}
[1.067894] (my_robot_cell_description) StdoutLine: {'line': b'-- Up-to-date symlink: /home/ros/ws_me462/install/my_robot_cell_description/share/ament_index/resource_index/package_run_dependencies/my_robot_cell_description\n'}
[1.068139] (my_robot_cell_description) StdoutLine: {'line': b'-- Up-to-date symlink: /home/ros/ws_me462/install/my_robot_cell_description/share/ament_index/resource_index/parent_prefix_path/my_robot_cell_description\n'}
[1.069837] (my_robot_cell_description) StdoutLine: {'line': b'-- Up-to-date symlink: /home/ros/ws_me462/install/my_robot_cell_description/share/my_robot_cell_description/environment/ament_prefix_path.sh\n'}
[1.070126] (my_robot_cell_description) StdoutLine: {'line': b'-- Up-to-date symlink: /home/ros/ws_me462/install/my_robot_cell_description/share/my_robot_cell_description/environment/ament_prefix_path.dsv\n'}
[1.070216] (my_robot_cell_description) StdoutLine: {'line': b'-- Up-to-date symlink: /home/ros/ws_me462/install/my_robot_cell_description/share/my_robot_cell_description/environment/path.sh\n'}
[1.070295] (my_robot_cell_description) StdoutLine: {'line': b'-- Up-to-date symlink: /home/ros/ws_me462/install/my_robot_cell_description/share/my_robot_cell_description/environment/path.dsv\n'}
[1.070369] (my_robot_cell_description) StdoutLine: {'line': b'-- Up-to-date symlink: /home/ros/ws_me462/install/my_robot_cell_description/share/my_robot_cell_description/local_setup.bash\n'}
[1.070442] (my_robot_cell_description) StdoutLine: {'line': b'-- Up-to-date symlink: /home/ros/ws_me462/install/my_robot_cell_description/share/my_robot_cell_description/local_setup.sh\n'}
[1.070521] (my_robot_cell_description) StdoutLine: {'line': b'-- Up-to-date symlink: /home/ros/ws_me462/install/my_robot_cell_description/share/my_robot_cell_description/local_setup.zsh\n'}
[1.070594] (my_robot_cell_description) StdoutLine: {'line': b'-- Up-to-date symlink: /home/ros/ws_me462/install/my_robot_cell_description/share/my_robot_cell_description/local_setup.dsv\n'}
[1.070725] (my_robot_cell_description) StdoutLine: {'line': b'-- Symlinking: /home/ros/ws_me462/install/my_robot_cell_description/share/my_robot_cell_description/package.dsv\n'}
[1.075983] (my_robot_cell_description) StdoutLine: {'line': b'-- Up-to-date symlink: /home/ros/ws_me462/install/my_robot_cell_description/share/ament_index/resource_index/packages/my_robot_cell_description\n'}
[1.082013] (my_robot_cell_description) StdoutLine: {'line': b'-- Up-to-date symlink: /home/ros/ws_me462/install/my_robot_cell_description/share/my_robot_cell_description/cmake/my_robot_cell_descriptionConfig.cmake\n'}
[1.089674] (my_robot_cell_description) StdoutLine: {'line': b'-- Up-to-date symlink: /home/ros/ws_me462/install/my_robot_cell_description/share/my_robot_cell_description/cmake/my_robot_cell_descriptionConfig-version.cmake\n'}
[1.091879] (my_robot_cell_description) StdoutLine: {'line': b'-- Up-to-date symlink: /home/ros/ws_me462/install/my_robot_cell_description/share/my_robot_cell_description/package.xml\n'}
[1.096754] (my_robot_cell_description) CommandEnded: {'returncode': 0}
[1.133857] (-) TimerEvent: {}
[1.227516] (zenpool_draw_letter) StdoutLine: {'line': b'[ 33%] Built target zenpool_draw_letter\n'}
[1.235972] (my_robot_cell_description) JobEnded: {'identifier': 'my_robot_cell_description', 'rc': 0}
[1.242771] (-) TimerEvent: {}
[1.247299] (my_robot_cell_control) JobStarted: {'identifier': 'my_robot_cell_control'}
[1.267603] (my_robot_cell_moveit_config) JobStarted: {'identifier': 'my_robot_cell_moveit_config'}
[1.326630] (my_robot_cell_control) JobProgress: {'identifier': 'my_robot_cell_control', 'progress': 'cmake'}
[1.333901] (my_robot_cell_control) JobProgress: {'identifier': 'my_robot_cell_control', 'progress': 'build'}
[1.334607] (my_robot_cell_control) Command: {'cmd': ['/usr/bin/cmake', '--build', '/home/ros/ws_me462/build/my_robot_cell_control', '--', '-j4', '-l4'], 'cwd': '/home/ros/ws_me462/build/my_robot_cell_control', 'env': OrderedDict([('HOSTNAME', 'deniz-pi500'), ('SHLVL', '1'), ('LD_LIBRARY_PATH', '/opt/ros/humble/opt/rviz_ogre_vendor/lib:/opt/ros/humble/lib/aarch64-linux-gnu:/opt/ros/humble/lib'), ('HOME', '/home/ros'), ('OLDPWD', '/home/ros/ws_me462'), ('ROS_PYTHON_VERSION', '3'), ('COLCON_PREFIX_PATH', '/home/ros/ws_me462/install'), ('ROS_DISTRO', 'humble'), ('_', '/usr/bin/colcon'), ('ROS_VERSION', '2'), ('TERM', 'xterm'), ('ROS_LOCALHOST_ONLY', '0'), ('PATH', '/opt/ros/humble/bin:/usr/local/sbin:/usr/local/bin:/usr/sbin:/usr/bin:/sbin:/bin'), ('DISPLAY', ':0'), ('LANG', 'C.UTF-8'), ('AMENT_PREFIX_PATH', '/home/ros/ws_me462/install/zenpool_draw_letter:/home/ros/ws_me462/install/tutan_gripper:/home/ros/ws_me462/install/my_robot_cell_moveit_config:/home/ros/ws_me462/install/my_robot_cell_control:/home/ros/ws_me462/install/my_robot_cell_description:/opt/ros/humble'), ('PWD', '/home/ros/ws_me462/build/my_robot_cell_control'), ('LC_ALL', 'C.UTF-8'), ('PYTHONPATH', '/home/ros/ws_me462/build/tutan_gripper:/home/ros/ws_me462/install/tutan_gripper/lib/python3.10/site-packages:/opt/ros/humble/lib/python3.10/site-packages:/opt/ros/humble/local/lib/python3.10/dist-packages'), ('COLCON', '1'), ('CMAKE_PREFIX_PATH', '/home/ros/ws_me462/install/my_robot_cell_description:/home/ros/ws_me462/install/zenpool_draw_letter:/home/ros/ws_me462/install/my_robot_cell_moveit_config:/home/ros/ws_me462/install/my_robot_cell_control:/home/ros/ws_me462/install/tutan_gripper:/opt/ros/humble')]), 'shell': False}
[1.378458] (-) TimerEvent: {}
[1.393894] (my_robot_cell_moveit_config) JobProgress: {'identifier': 'my_robot_cell_moveit_config', 'progress': 'cmake'}
[1.400838] (my_robot_cell_moveit_config) JobProgress: {'identifier': 'my_robot_cell_moveit_config', 'progress': 'build'}
[1.401418] (my_robot_cell_moveit_config) Command: {'cmd': ['/usr/bin/cmake', '--build', '/home/ros/ws_me462/build/my_robot_cell_moveit_config', '--', '-j4', '-l4'], 'cwd': '/home/ros/ws_me462/build/my_robot_cell_moveit_config', 'env': OrderedDict([('HOSTNAME', 'deniz-pi500'), ('SHLVL', '1'), ('LD_LIBRARY_PATH', '/opt/ros/humble/opt/rviz_ogre_vendor/lib:/opt/ros/humble/lib/aarch64-linux-gnu:/opt/ros/humble/lib'), ('HOME', '/home/ros'), ('OLDPWD', '/home/ros/ws_me462'), ('ROS_PYTHON_VERSION', '3'), ('COLCON_PREFIX_PATH', '/home/ros/ws_me462/install'), ('ROS_DISTRO', 'humble'), ('_', '/usr/bin/colcon'), ('ROS_VERSION', '2'), ('TERM', 'xterm'), ('ROS_LOCALHOST_ONLY', '0'), ('PATH', '/opt/ros/humble/bin:/usr/local/sbin:/usr/local/bin:/usr/sbin:/usr/bin:/sbin:/bin'), ('DISPLAY', ':0'), ('LANG', 'C.UTF-8'), ('AMENT_PREFIX_PATH', '/home/ros/ws_me462/install/zenpool_draw_letter:/home/ros/ws_me462/install/tutan_gripper:/home/ros/ws_me462/install/my_robot_cell_moveit_config:/home/ros/ws_me462/install/my_robot_cell_control:/home/ros/ws_me462/install/my_robot_cell_description:/opt/ros/humble'), ('PWD', '/home/ros/ws_me462/build/my_robot_cell_moveit_config'), ('LC_ALL', 'C.UTF-8'), ('PYTHONPATH', '/home/ros/ws_me462/build/tutan_gripper:/home/ros/ws_me462/install/tutan_gripper/lib/python3.10/site-packages:/opt/ros/humble/lib/python3.10/site-packages:/opt/ros/humble/local/lib/python3.10/dist-packages'), ('COLCON', '1'), ('CMAKE_PREFIX_PATH', '/home/ros/ws_me462/install/my_robot_cell_description:/home/ros/ws_me462/install/zenpool_draw_letter:/home/ros/ws_me462/install/my_robot_cell_moveit_config:/home/ros/ws_me462/install/my_robot_cell_control:/home/ros/ws_me462/install/tutan_gripper:/opt/ros/humble')]), 'shell': False}
[1.439052] (zenpool_draw_letter) StdoutLine: {'line': b'[ 66%] Built target zenpool_teleop_servo\n'}
[1.480998] (-) TimerEvent: {}
[1.589501] (-) TimerEvent: {}
[1.646479] (my_robot_cell_moveit_config) CommandEnded: {'returncode': 0}
[1.660498] (my_robot_cell_moveit_config) JobProgress: {'identifier': 'my_robot_cell_moveit_config', 'progress': 'install'}
[1.665297] (my_robot_cell_moveit_config) Command: {'cmd': ['/usr/bin/cmake', '--install', '/home/ros/ws_me462/build/my_robot_cell_moveit_config'], 'cwd': '/home/ros/ws_me462/build/my_robot_cell_moveit_config', 'env': OrderedDict([('HOSTNAME', 'deniz-pi500'), ('SHLVL', '1'), ('LD_LIBRARY_PATH', '/opt/ros/humble/opt/rviz_ogre_vendor/lib:/opt/ros/humble/lib/aarch64-linux-gnu:/opt/ros/humble/lib'), ('HOME', '/home/ros'), ('OLDPWD', '/home/ros/ws_me462'), ('ROS_PYTHON_VERSION', '3'), ('COLCON_PREFIX_PATH', '/home/ros/ws_me462/install'), ('ROS_DISTRO', 'humble'), ('_', '/usr/bin/colcon'), ('ROS_VERSION', '2'), ('TERM', 'xterm'), ('ROS_LOCALHOST_ONLY', '0'), ('PATH', '/opt/ros/humble/bin:/usr/local/sbin:/usr/local/bin:/usr/sbin:/usr/bin:/sbin:/bin'), ('DISPLAY', ':0'), ('LANG', 'C.UTF-8'), ('AMENT_PREFIX_PATH', '/home/ros/ws_me462/install/zenpool_draw_letter:/home/ros/ws_me462/install/tutan_gripper:/home/ros/ws_me462/install/my_robot_cell_moveit_config:/home/ros/ws_me462/install/my_robot_cell_control:/home/ros/ws_me462/install/my_robot_cell_description:/opt/ros/humble'), ('PWD', '/home/ros/ws_me462/build/my_robot_cell_moveit_config'), ('LC_ALL', 'C.UTF-8'), ('PYTHONPATH', '/home/ros/ws_me462/build/tutan_gripper:/home/ros/ws_me462/install/tutan_gripper/lib/python3.10/site-packages:/opt/ros/humble/lib/python3.10/site-packages:/opt/ros/humble/local/lib/python3.10/dist-packages'), ('COLCON', '1'), ('CMAKE_PREFIX_PATH', '/home/ros/ws_me462/install/my_robot_cell_description:/home/ros/ws_me462/install/zenpool_draw_letter:/home/ros/ws_me462/install/my_robot_cell_moveit_config:/home/ros/ws_me462/install/my_robot_cell_control:/home/ros/ws_me462/install/tutan_gripper:/opt/ros/humble')]), 'shell': False}
[1.673539] (my_robot_cell_control) CommandEnded: {'returncode': 0}
[1.677979] (my_robot_cell_control) JobProgress: {'identifier': 'my_robot_cell_control', 'progress': 'install'}
[1.679832] (my_robot_cell_control) Command: {'cmd': ['/usr/bin/cmake', '--install', '/home/ros/ws_me462/build/my_robot_cell_control'], 'cwd': '/home/ros/ws_me462/build/my_robot_cell_control', 'env': OrderedDict([('HOSTNAME', 'deniz-pi500'), ('SHLVL', '1'), ('LD_LIBRARY_PATH', '/opt/ros/humble/opt/rviz_ogre_vendor/lib:/opt/ros/humble/lib/aarch64-linux-gnu:/opt/ros/humble/lib'), ('HOME', '/home/ros'), ('OLDPWD', '/home/ros/ws_me462'), ('ROS_PYTHON_VERSION', '3'), ('COLCON_PREFIX_PATH', '/home/ros/ws_me462/install'), ('ROS_DISTRO', 'humble'), ('_', '/usr/bin/colcon'), ('ROS_VERSION', '2'), ('TERM', 'xterm'), ('ROS_LOCALHOST_ONLY', '0'), ('PATH', '/opt/ros/humble/bin:/usr/local/sbin:/usr/local/bin:/usr/sbin:/usr/bin:/sbin:/bin'), ('DISPLAY', ':0'), ('LANG', 'C.UTF-8'), ('AMENT_PREFIX_PATH', '/home/ros/ws_me462/install/zenpool_draw_letter:/home/ros/ws_me462/install/tutan_gripper:/home/ros/ws_me462/install/my_robot_cell_moveit_config:/home/ros/ws_me462/install/my_robot_cell_control:/home/ros/ws_me462/install/my_robot_cell_description:/opt/ros/humble'), ('PWD', '/home/ros/ws_me462/build/my_robot_cell_control'), ('LC_ALL', 'C.UTF-8'), ('PYTHONPATH', '/home/ros/ws_me462/build/tutan_gripper:/home/ros/ws_me462/install/tutan_gripper/lib/python3.10/site-packages:/opt/ros/humble/lib/python3.10/site-packages:/opt/ros/humble/local/lib/python3.10/dist-packages'), ('COLCON', '1'), ('CMAKE_PREFIX_PATH', '/home/ros/ws_me462/install/my_robot_cell_description:/home/ros/ws_me462/install/zenpool_draw_letter:/home/ros/ws_me462/install/my_robot_cell_moveit_config:/home/ros/ws_me462/install/my_robot_cell_control:/home/ros/ws_me462/install/tutan_gripper:/opt/ros/humble')]), 'shell': False}
[1.693020] (-) TimerEvent: {}
[1.719437] (my_robot_cell_moveit_config) StdoutLine: {'line': b'-- Install configuration: ""\n'}
[1.736524] (my_robot_cell_moveit_config) StdoutLine: {'line': b'-- Execute custom install script\n'}
[1.743732] (zenpool_draw_letter) StdoutLine: {'line': b'[100%] Built target zenpool_draw_servo\n'}
[1.745223] (my_robot_cell_moveit_config) StdoutLine: {'line': b'-- Up-to-date symlink: /home/ros/ws_me462/install/my_robot_cell_moveit_config/share/ament_index/resource_index/package_run_dependencies/my_robot_cell_moveit_config\n'}
[1.749217] (my_robot_cell_moveit_config) StdoutLine: {'line': b'-- Up-to-date symlink: /home/ros/ws_me462/install/my_robot_cell_moveit_config/share/ament_index/resource_index/parent_prefix_path/my_robot_cell_moveit_config\n'}
[1.754821] (my_robot_cell_moveit_config) StdoutLine: {'line': b'-- Up-to-date symlink: /home/ros/ws_me462/install/my_robot_cell_moveit_config/share/my_robot_cell_moveit_config/environment/ament_prefix_path.sh\n'}
[1.760816] (my_robot_cell_moveit_config) StdoutLine: {'line': b'-- Up-to-date symlink: /home/ros/ws_me462/install/my_robot_cell_moveit_config/share/my_robot_cell_moveit_config/environment/ament_prefix_path.dsv\n'}
[1.763611] (my_robot_cell_moveit_config) StdoutLine: {'line': b'-- Up-to-date symlink: /home/ros/ws_me462/install/my_robot_cell_moveit_config/share/my_robot_cell_moveit_config/environment/path.sh\n'}
[1.763940] (my_robot_cell_control) StdoutLine: {'line': b'-- Install configuration: ""\n'}
[1.764143] (my_robot_cell_moveit_config) StdoutLine: {'line': b'-- Up-to-date symlink: /home/ros/ws_me462/install/my_robot_cell_moveit_config/share/my_robot_cell_moveit_config/environment/path.dsv\n'}
[1.765731] (my_robot_cell_control) StdoutLine: {'line': b'-- Execute custom install script\n'}
[1.768830] (my_robot_cell_moveit_config) StdoutLine: {'line': b'-- Up-to-date symlink: /home/ros/ws_me462/install/my_robot_cell_moveit_config/share/my_robot_cell_moveit_config/local_setup.bash\n'}
[1.777051] (my_robot_cell_moveit_config) StdoutLine: {'line': b'-- Up-to-date symlink: /home/ros/ws_me462/install/my_robot_cell_moveit_config/share/my_robot_cell_moveit_config/local_setup.sh\n'}
[1.777831] (my_robot_cell_control) StdoutLine: {'line': b'-- Up-to-date symlink: /home/ros/ws_me462/install/my_robot_cell_control/share/my_robot_cell_control/launch/start_robot.launch.py\n'}
[1.778053] (my_robot_cell_moveit_config) StdoutLine: {'line': b'-- Up-to-date symlink: /home/ros/ws_me462/install/my_robot_cell_moveit_config/share/my_robot_cell_moveit_config/local_setup.zsh\n'}
[1.781885] (my_robot_cell_control) StdoutLine: {'line': b'-- Up-to-date symlink: /home/ros/ws_me462/install/my_robot_cell_control/share/my_robot_cell_control/config/my_robot_calibration.yaml\n'}
[1.782565] (my_robot_cell_control) StdoutLine: {'line': b'-- Up-to-date symlink: /home/ros/ws_me462/install/my_robot_cell_control/share/my_robot_cell_control/config/ur5e/joint_limits.yaml\n'}
[1.782799] (my_robot_cell_control) StdoutLine: {'line': b'-- Up-to-date symlink: /home/ros/ws_me462/install/my_robot_cell_control/share/my_robot_cell_control/config/ur5e/physical_parameters.yaml\n'}
[1.787438] (my_robot_cell_moveit_config) StdoutLine: {'line': b'-- Up-to-date symlink: /home/ros/ws_me462/install/my_robot_cell_moveit_config/share/my_robot_cell_moveit_config/local_setup.dsv\n'}
[1.787810] (my_robot_cell_control) StdoutLine: {'line': b'-- Up-to-date symlink: /home/ros/ws_me462/install/my_robot_cell_control/share/my_robot_cell_control/config/ur5e/visual_parameters.yaml\n'}
[1.788027] (my_robot_cell_moveit_config) StdoutLine: {'line': b'-- Symlinking: /home/ros/ws_me462/install/my_robot_cell_moveit_config/share/my_robot_cell_moveit_config/package.dsv\n'}
[1.788157] (my_robot_cell_control) StdoutLine: {'line': b'-- Up-to-date symlink: /home/ros/ws_me462/install/my_robot_cell_control/share/my_robot_cell_control/urdf/my_robot_cell_controlled.urdf.xacro\n'}
[1.788306] (my_robot_cell_control) StdoutLine: {'line': b'-- Up-to-date symlink: /home/ros/ws_me462/install/my_robot_cell_control/share/my_robot_cell_control/rviz/view_robot.rviz\n'}
[1.788881] (my_robot_cell_control) StdoutLine: {'line': b'-- Up-to-date symlink: /home/ros/ws_me462/install/my_robot_cell_control/share/ament_index/resource_index/package_run_dependencies/my_robot_cell_control\n'}
[1.789040] (my_robot_cell_control) StdoutLine: {'line': b'-- Up-to-date symlink: /home/ros/ws_me462/install/my_robot_cell_control/share/ament_index/resource_index/parent_prefix_path/my_robot_cell_control\n'}
[1.789968] (my_robot_cell_control) StdoutLine: {'line': b'-- Up-to-date symlink: /home/ros/ws_me462/install/my_robot_cell_control/share/my_robot_cell_control/environment/ament_prefix_path.sh\n'}
[1.790306] (my_robot_cell_control) StdoutLine: {'line': b'-- Up-to-date symlink: /home/ros/ws_me462/install/my_robot_cell_control/share/my_robot_cell_control/environment/ament_prefix_path.dsv\n'}
[1.791324] (my_robot_cell_control) StdoutLine: {'line': b'-- Up-to-date symlink: /home/ros/ws_me462/install/my_robot_cell_control/share/my_robot_cell_control/environment/path.sh\n'}
[1.791618] (my_robot_cell_control) StdoutLine: {'line': b'-- Up-to-date symlink: /home/ros/ws_me462/install/my_robot_cell_control/share/my_robot_cell_control/environment/path.dsv\n'}
[1.791760] (my_robot_cell_control) StdoutLine: {'line': b'-- Up-to-date symlink: /home/ros/ws_me462/install/my_robot_cell_control/share/my_robot_cell_control/local_setup.bash\n'}
[1.791905] (my_robot_cell_control) StdoutLine: {'line': b'-- Up-to-date symlink: /home/ros/ws_me462/install/my_robot_cell_control/share/my_robot_cell_control/local_setup.sh\n'}
[1.794068] (-) TimerEvent: {}
[1.796019] (my_robot_cell_control) StdoutLine: {'line': b'-- Up-to-date symlink: /home/ros/ws_me462/install/my_robot_cell_control/share/my_robot_cell_control/local_setup.zsh\n'}
[1.796920] (my_robot_cell_control) StdoutLine: {'line': b'-- Up-to-date symlink: /home/ros/ws_me462/install/my_robot_cell_control/share/my_robot_cell_control/local_setup.dsv\n'}
[1.797154] (my_robot_cell_control) StdoutLine: {'line': b'-- Symlinking: /home/ros/ws_me462/install/my_robot_cell_control/share/my_robot_cell_control/package.dsv\n'}
[1.820209] (zenpool_draw_letter) CommandEnded: {'returncode': 0}
[1.829046] (zenpool_draw_letter) JobProgress: {'identifier': 'zenpool_draw_letter', 'progress': 'install'}
[1.831585] (my_robot_cell_moveit_config) StdoutLine: {'line': b'-- Up-to-date symlink: /home/ros/ws_me462/install/my_robot_cell_moveit_config/share/ament_index/resource_index/packages/my_robot_cell_moveit_config\n'}
[1.839738] (zenpool_draw_letter) Command: {'cmd': ['/usr/bin/cmake', '--install', '/home/ros/ws_me462/build/zenpool_draw_letter'], 'cwd': '/home/ros/ws_me462/build/zenpool_draw_letter', 'env': OrderedDict([('HOSTNAME', 'deniz-pi500'), ('SHLVL', '1'), ('LD_LIBRARY_PATH', '/opt/ros/humble/opt/rviz_ogre_vendor/lib:/opt/ros/humble/lib/aarch64-linux-gnu:/opt/ros/humble/lib'), ('HOME', '/home/ros'), ('OLDPWD', '/home/ros/ws_me462'), ('ROS_PYTHON_VERSION', '3'), ('COLCON_PREFIX_PATH', '/home/ros/ws_me462/install'), ('ROS_DISTRO', 'humble'), ('_', '/usr/bin/colcon'), ('ROS_VERSION', '2'), ('TERM', 'xterm'), ('ROS_LOCALHOST_ONLY', '0'), ('PATH', '/opt/ros/humble/bin:/usr/local/sbin:/usr/local/bin:/usr/sbin:/usr/bin:/sbin:/bin'), ('DISPLAY', ':0'), ('LANG', 'C.UTF-8'), ('AMENT_PREFIX_PATH', '/home/ros/ws_me462/install/zenpool_draw_letter:/home/ros/ws_me462/install/tutan_gripper:/home/ros/ws_me462/install/my_robot_cell_moveit_config:/home/ros/ws_me462/install/my_robot_cell_control:/home/ros/ws_me462/install/my_robot_cell_description:/opt/ros/humble'), ('PWD', '/home/ros/ws_me462/build/zenpool_draw_letter'), ('LC_ALL', 'C.UTF-8'), ('PYTHONPATH', '/home/ros/ws_me462/build/tutan_gripper:/home/ros/ws_me462/install/tutan_gripper/lib/python3.10/site-packages:/opt/ros/humble/lib/python3.10/site-packages:/opt/ros/humble/local/lib/python3.10/dist-packages'), ('COLCON', '1'), ('CMAKE_PREFIX_PATH', '/home/ros/ws_me462/install/zenpool_draw_letter:/home/ros/ws_me462/install/my_robot_cell_moveit_config:/home/ros/ws_me462/install/my_robot_cell_control:/home/ros/ws_me462/install/my_robot_cell_description:/home/ros/ws_me462/install/tutan_gripper:/opt/ros/humble')]), 'shell': False}
[1.846981] (my_robot_cell_moveit_config) StdoutLine: {'line': b'-- Up-to-date symlink: /home/ros/ws_me462/install/my_robot_cell_moveit_config/share/my_robot_cell_moveit_config/cmake/my_robot_cell_moveit_configConfig.cmake\n'}
[1.847445] (my_robot_cell_moveit_config) StdoutLine: {'line': b'-- Up-to-date symlink: /home/ros/ws_me462/install/my_robot_cell_moveit_config/share/my_robot_cell_moveit_config/cmake/my_robot_cell_moveit_configConfig-version.cmake\n'}
[1.847614] (my_robot_cell_moveit_config) StdoutLine: {'line': b'-- Up-to-date symlink: /home/ros/ws_me462/install/my_robot_cell_moveit_config/share/my_robot_cell_moveit_config/package.xml\n'}
[1.857147] (my_robot_cell_moveit_config) StdoutLine: {'line': b'-- Up-to-date symlink: /home/ros/ws_me462/install/my_robot_cell_moveit_config/share/my_robot_cell_moveit_config/launch/demo.launch.py\n'}
[1.859996] (my_robot_cell_moveit_config) StdoutLine: {'line': b'-- Up-to-date symlink: /home/ros/ws_me462/install/my_robot_cell_moveit_config/share/my_robot_cell_moveit_config/launch/move_group.launch.py\n'}
[1.865982] (my_robot_cell_moveit_config) StdoutLine: {'line': b'-- Up-to-date symlink: /home/ros/ws_me462/install/my_robot_cell_moveit_config/share/my_robot_cell_moveit_config/launch/moveit_rviz.launch.py\n'}
[1.868010] (my_robot_cell_moveit_config) StdoutLine: {'line': b'-- Up-to-date symlink: /home/ros/ws_me462/install/my_robot_cell_moveit_config/share/my_robot_cell_moveit_config/launch/rsp.launch.py\n'}
[1.872867] (my_robot_cell_control) StdoutLine: {'line': b'-- Up-to-date symlink: /home/ros/ws_me462/install/my_robot_cell_control/share/ament_index/resource_index/packages/my_robot_cell_control\n'}
[1.874939] (my_robot_cell_moveit_config) StdoutLine: {'line': b'-- Up-to-date symlink: /home/ros/ws_me462/install/my_robot_cell_moveit_config/share/my_robot_cell_moveit_config/launch/servo.launch.py\n'}
[1.875421] (my_robot_cell_control) StdoutLine: {'line': b'-- Up-to-date symlink: /home/ros/ws_me462/install/my_robot_cell_control/share/my_robot_cell_control/cmake/my_robot_cell_controlConfig.cmake\n'}
[1.876209] (my_robot_cell_moveit_config) StdoutLine: {'line': b'-- Up-to-date symlink: /home/ros/ws_me462/install/my_robot_cell_moveit_config/share/my_robot_cell_moveit_config/launch/setup_assistant.launch.py\n'}
[1.878409] (my_robot_cell_moveit_config) StdoutLine: {'line': b'-- Up-to-date symlink: /home/ros/ws_me462/install/my_robot_cell_moveit_config/share/my_robot_cell_moveit_config/launch/spawn_controllers.launch.py\n'}
[1.878566] (my_robot_cell_control) StdoutLine: {'line': b'-- Up-to-date symlink: /home/ros/ws_me462/install/my_robot_cell_control/share/my_robot_cell_control/cmake/my_robot_cell_controlConfig-version.cmake\n'}
[1.878924] (my_robot_cell_control) StdoutLine: {'line': b'-- Up-to-date symlink: /home/ros/ws_me462/install/my_robot_cell_control/share/my_robot_cell_control/package.xml\n'}
[1.880121] (my_robot_cell_moveit_config) StdoutLine: {'line': b'-- Up-to-date symlink: /home/ros/ws_me462/install/my_robot_cell_moveit_config/share/my_robot_cell_moveit_config/launch/static_virtual_joint_tfs.launch.py\n'}
[1.882148] (my_robot_cell_moveit_config) StdoutLine: {'line': b'-- Up-to-date symlink: /home/ros/ws_me462/install/my_robot_cell_moveit_config/share/my_robot_cell_moveit_config/launch/warehouse_db.launch.py\n'}
[1.884181] (my_robot_cell_moveit_config) StdoutLine: {'line': b'-- Up-to-date symlink: /home/ros/ws_me462/install/my_robot_cell_moveit_config/share/my_robot_cell_moveit_config/config/initial_positions.yaml\n'}
[1.886267] (my_robot_cell_moveit_config) StdoutLine: {'line': b'-- Up-to-date symlink: /home/ros/ws_me462/install/my_robot_cell_moveit_config/share/my_robot_cell_moveit_config/config/joint_limits.yaml\n'}
[1.887099] (my_robot_cell_moveit_config) StdoutLine: {'line': b'-- Up-to-date symlink: /home/ros/ws_me462/install/my_robot_cell_moveit_config/share/my_robot_cell_moveit_config/config/kinematics.yaml\n'}
[1.888462] (my_robot_cell_moveit_config) StdoutLine: {'line': b'-- Up-to-date symlink: /home/ros/ws_me462/install/my_robot_cell_moveit_config/share/my_robot_cell_moveit_config/config/moveit.rviz\n'}
[1.890462] (my_robot_cell_moveit_config) StdoutLine: {'line': b'-- Up-to-date symlink: /home/ros/ws_me462/install/my_robot_cell_moveit_config/share/my_robot_cell_moveit_config/config/moveit_controllers.yaml\n'}
[1.894811] (my_robot_cell_moveit_config) StdoutLine: {'line': b'-- Up-to-date symlink: /home/ros/ws_me462/install/my_robot_cell_moveit_config/share/my_robot_cell_moveit_config/config/my_robot_cell.ros2_control.xacro\n'}
[1.897347] (-) TimerEvent: {}
[1.898455] (my_robot_cell_control) CommandEnded: {'returncode': 0}
[1.910164] (my_robot_cell_moveit_config) StdoutLine: {'line': b'-- Up-to-date symlink: /home/ros/ws_me462/install/my_robot_cell_moveit_config/share/my_robot_cell_moveit_config/config/my_robot_cell.srdf\n'}
[1.915070] (my_robot_cell_moveit_config) StdoutLine: {'line': b'-- Up-to-date symlink: /home/ros/ws_me462/install/my_robot_cell_moveit_config/share/my_robot_cell_moveit_config/config/my_robot_cell.urdf.xacro\n'}
[1.918564] (my_robot_cell_moveit_config) StdoutLine: {'line': b'-- Up-to-date symlink: /home/ros/ws_me462/install/my_robot_cell_moveit_config/share/my_robot_cell_moveit_config/config/ompl_planning.yaml\n'}
[1.922303] (my_robot_cell_moveit_config) StdoutLine: {'line': b'-- Up-to-date symlink: /home/ros/ws_me462/install/my_robot_cell_moveit_config/share/my_robot_cell_moveit_config/config/pilz_cartesian_limits.yaml\n'}
[1.928902] (my_robot_cell_moveit_config) StdoutLine: {'line': b'-- Up-to-date symlink: /home/ros/ws_me462/install/my_robot_cell_moveit_config/share/my_robot_cell_moveit_config/config/ros2_controllers.yaml\n'}
[1.929130] (my_robot_cell_moveit_config) StdoutLine: {'line': b'-- Up-to-date symlink: /home/ros/ws_me462/install/my_robot_cell_moveit_config/share/my_robot_cell_moveit_config/config/sensors_3d.yaml\n'}
[1.929450] (zenpool_draw_letter) StdoutLine: {'line': b'-- Install configuration: ""\n'}
[1.929988] (zenpool_draw_letter) StdoutLine: {'line': b'-- Execute custom install script\n'}
[1.935096] (my_robot_cell_moveit_config) StdoutLine: {'line': b'-- Up-to-date symlink: /home/ros/ws_me462/install/my_robot_cell_moveit_config/share/my_robot_cell_moveit_config/config/servo.yaml\n'}
[1.939730] (zenpool_draw_letter) StdoutLine: {'line': b'-- Up-to-date symlink: /home/ros/ws_me462/install/zenpool_draw_letter/lib/zenpool_draw_letter/zenpool_draw_letter\n'}
[1.942106] (zenpool_draw_letter) StdoutLine: {'line': b'-- Up-to-date symlink: /home/ros/ws_me462/install/zenpool_draw_letter/lib/zenpool_draw_letter/zenpool_draw_servo\n'}
[1.942837] (zenpool_draw_letter) StdoutLine: {'line': b'-- Up-to-date symlink: /home/ros/ws_me462/install/zenpool_draw_letter/lib/zenpool_draw_letter/zenpool_teleop_servo\n'}
[1.944889] (zenpool_draw_letter) StdoutLine: {'line': b'-- Up-to-date symlink: /home/ros/ws_me462/install/zenpool_draw_letter/lib/zenpool_draw_letter/face_tracker_servo.py\n'}
[1.945924] (my_robot_cell_moveit_config) StdoutLine: {'line': b'-- Up-to-date symlink: /home/ros/ws_me462/install/my_robot_cell_moveit_config/share/my_robot_cell_moveit_config/srdf/my_robot_cell.srdf\n'}
[1.947804] (zenpool_draw_letter) StdoutLine: {'line': b'-- Up-to-date symlink: /home/ros/ws_me462/install/zenpool_draw_letter/lib/zenpool_draw_letter/aruco_tracker_servo.py\n'}
[1.953224] (zenpool_draw_letter) StdoutLine: {'line': b'-- Up-to-date symlink: /home/ros/ws_me462/install/zenpool_draw_letter/lib/zenpool_draw_letter/custom_dashboard.py\n'}
[1.959696] (zenpool_draw_letter) StdoutLine: {'line': b'-- Up-to-date symlink: /home/ros/ws_me462/install/zenpool_draw_letter/lib/zenpool_draw_letter/tool_manager.py\n'}
[1.960272] (zenpool_draw_letter) StdoutLine: {'line': b'-- Up-to-date symlink: /home/ros/ws_me462/install/zenpool_draw_letter/lib/zenpool_draw_letter/take_one.py\n'}
[1.961537] (zenpool_draw_letter) StdoutLine: {'line': b'-- Up-to-date symlink: /home/ros/ws_me462/install/zenpool_draw_letter/lib/zenpool_draw_letter/drop_one.py\n'}
[1.963035] (zenpool_draw_letter) StdoutLine: {'line': b'-- Up-to-date symlink: /home/ros/ws_me462/install/zenpool_draw_letter/lib/zenpool_draw_letter/take_two.py\n'}
[1.972491] (zenpool_draw_letter) StdoutLine: {'line': b'-- Up-to-date symlink: /home/ros/ws_me462/install/zenpool_draw_letter/lib/zenpool_draw_letter/drop_two.py\n'}
[1.973572] (zenpool_draw_letter) StdoutLine: {'line': b'-- Up-to-date symlink: /home/ros/ws_me462/install/zenpool_draw_letter/lib/zenpool_draw_letter/take_three.py\n'}
[1.975164] (zenpool_draw_letter) StdoutLine: {'line': b'-- Up-to-date symlink: /home/ros/ws_me462/install/zenpool_draw_letter/lib/zenpool_draw_letter/drop_three.py\n'}
[1.975394] (zenpool_draw_letter) StdoutLine: {'line': b'-- Up-to-date symlink: /home/ros/ws_me462/install/zenpool_draw_letter/lib/zenpool_draw_letter/full_cleaning.py\n'}
[1.975508] (my_robot_cell_moveit_config) StdoutLine: {'line': b'-- Up-to-date symlink: /home/ros/ws_me462/install/my_robot_cell_moveit_config/share/my_robot_cell_moveit_config/.setup_assistant\n'}
[1.975763] (zenpool_draw_letter) StdoutLine: {'line': b'-- Up-to-date symlink: /home/ros/ws_me462/install/zenpool_draw_letter/lib/zenpool_draw_letter/drawing_job_executor.py\n'}
[1.977833] (zenpool_draw_letter) StdoutLine: {'line': b'-- Up-to-date symlink: /home/ros/ws_me462/install/zenpool_draw_letter/share/zenpool_draw_letter/launch/zenpool_draw.launch.py\n'}
[1.978045] (zenpool_draw_letter) StdoutLine: {'line': b'-- Up-to-date symlink: /home/ros/ws_me462/install/zenpool_draw_letter/share/ament_index/resource_index/package_run_dependencies/zenpool_draw_letter\n'}
[1.980349] (zenpool_draw_letter) StdoutLine: {'line': b'-- Up-to-date symlink: /home/ros/ws_me462/install/zenpool_draw_letter/share/ament_index/resource_index/parent_prefix_path/zenpool_draw_letter\n'}
[1.989919] (zenpool_draw_letter) StdoutLine: {'line': b'-- Up-to-date symlink: /home/ros/ws_me462/install/zenpool_draw_letter/share/zenpool_draw_letter/environment/ament_prefix_path.sh\n'}
[1.992919] (zenpool_draw_letter) StdoutLine: {'line': b'-- Up-to-date symlink: /home/ros/ws_me462/install/zenpool_draw_letter/share/zenpool_draw_letter/environment/ament_prefix_path.dsv\n'}
[1.997127] (zenpool_draw_letter) StdoutLine: {'line': b'-- Up-to-date symlink: /home/ros/ws_me462/install/zenpool_draw_letter/share/zenpool_draw_letter/environment/path.sh\n'}
[1.997552] (-) TimerEvent: {}
[2.000129] (zenpool_draw_letter) StdoutLine: {'line': b'-- Up-to-date symlink: /home/ros/ws_me462/install/zenpool_draw_letter/share/zenpool_draw_letter/environment/path.dsv\n'}
[2.011376] (zenpool_draw_letter) StdoutLine: {'line': b'-- Up-to-date symlink: /home/ros/ws_me462/install/zenpool_draw_letter/share/zenpool_draw_letter/local_setup.bash\n'}
[2.023174] (zenpool_draw_letter) StdoutLine: {'line': b'-- Up-to-date symlink: /home/ros/ws_me462/install/zenpool_draw_letter/share/zenpool_draw_letter/local_setup.sh\n'}
[2.035778] (zenpool_draw_letter) StdoutLine: {'line': b'-- Up-to-date symlink: /home/ros/ws_me462/install/zenpool_draw_letter/share/zenpool_draw_letter/local_setup.zsh\n'}
[2.038790] (zenpool_draw_letter) StdoutLine: {'line': b'-- Up-to-date symlink: /home/ros/ws_me462/install/zenpool_draw_letter/share/zenpool_draw_letter/local_setup.dsv\n'}
[2.039363] (zenpool_draw_letter) StdoutLine: {'line': b'-- Symlinking: /home/ros/ws_me462/install/zenpool_draw_letter/share/zenpool_draw_letter/package.dsv\n'}
[2.055971] (my_robot_cell_control) JobEnded: {'identifier': 'my_robot_cell_control', 'rc': 0}
[2.065324] (my_robot_cell_moveit_config) CommandEnded: {'returncode': 0}
[2.090256] (zenpool_draw_letter) StdoutLine: {'line': b'-- Up-to-date symlink: /home/ros/ws_me462/install/zenpool_draw_letter/share/ament_index/resource_index/packages/zenpool_draw_letter\n'}
[2.101928] (-) TimerEvent: {}
[2.103928] (zenpool_draw_letter) StdoutLine: {'line': b'-- Up-to-date symlink: /home/ros/ws_me462/install/zenpool_draw_letter/share/zenpool_draw_letter/cmake/zenpool_draw_letterConfig.cmake\n'}
[2.115200] (zenpool_draw_letter) StdoutLine: {'line': b'-- Up-to-date symlink: /home/ros/ws_me462/install/zenpool_draw_letter/share/zenpool_draw_letter/cmake/zenpool_draw_letterConfig-version.cmake\n'}
[2.122125] (zenpool_draw_letter) StdoutLine: {'line': b'-- Up-to-date symlink: /home/ros/ws_me462/install/zenpool_draw_letter/share/zenpool_draw_letter/package.xml\n'}
[2.203912] (my_robot_cell_moveit_config) JobEnded: {'identifier': 'my_robot_cell_moveit_config', 'rc': 0}
[2.210736] (-) TimerEvent: {}
[2.212287] (zenpool_draw_letter) CommandEnded: {'returncode': 0}
[2.294536] (zenpool_draw_letter) JobEnded: {'identifier': 'zenpool_draw_letter', 'rc': 0}
[2.311212] (-) TimerEvent: {}
[2.413030] (-) TimerEvent: {}
[2.514620] (-) TimerEvent: {}
[2.615294] (-) TimerEvent: {}
[2.715808] (-) TimerEvent: {}
[2.816244] (-) TimerEvent: {}
[2.916747] (-) TimerEvent: {}
[3.017438] (tutan_gripper) Command: {'cmd': ['/usr/bin/python3', '-W', 'ignore:setup.py install is deprecated', '-W', 'ignore:easy_install command is deprecated', 'setup.py', 'develop', '--editable', '--build-directory', '/home/ros/ws_me462/build/tutan_gripper/build', '--no-deps', 'symlink_data'], 'cwd': '/home/ros/ws_me462/build/tutan_gripper', 'env': {'HOSTNAME': 'deniz-pi500', 'SHLVL': '1', 'LD_LIBRARY_PATH': '/opt/ros/humble/opt/rviz_ogre_vendor/lib:/opt/ros/humble/lib/aarch64-linux-gnu:/opt/ros/humble/lib', 'HOME': '/home/ros', 'OLDPWD': '/home/ros/ws_me462', 'ROS_PYTHON_VERSION': '3', 'COLCON_PREFIX_PATH': '/home/ros/ws_me462/install', 'ROS_DISTRO': 'humble', '_': '/usr/bin/colcon', 'ROS_VERSION': '2', 'TERM': 'xterm', 'ROS_LOCALHOST_ONLY': '0', 'PATH': '/opt/ros/humble/bin:/usr/local/sbin:/usr/local/bin:/usr/sbin:/usr/bin:/sbin:/bin', 'DISPLAY': ':0', 'LANG': 'C.UTF-8', 'AMENT_PREFIX_PATH': '/home/ros/ws_me462/install/zenpool_draw_letter:/home/ros/ws_me462/install/tutan_gripper:/home/ros/ws_me462/install/my_robot_cell_moveit_config:/home/ros/ws_me462/install/my_robot_cell_control:/home/ros/ws_me462/install/my_robot_cell_description:/opt/ros/humble', 'PWD': '/home/ros/ws_me462/build/tutan_gripper', 'LC_ALL': 'C.UTF-8', 'PYTHONPATH': '/home/ros/ws_me462/build/tutan_gripper/prefix_override:/usr/lib/python3/dist-packages/colcon_core/task/python/colcon_distutils_commands:/home/ros/ws_me462/install/tutan_gripper/lib/python3.10/site-packages:/home/ros/ws_me462/build/tutan_gripper:/home/ros/ws_me462/install/tutan_gripper/lib/python3.10/site-packages:/opt/ros/humble/lib/python3.10/site-packages:/opt/ros/humble/local/lib/python3.10/dist-packages', 'COLCON': '1', 'CMAKE_PREFIX_PATH': '/home/ros/ws_me462/install/zenpool_draw_letter:/home/ros/ws_me462/install/my_robot_cell_moveit_config:/home/ros/ws_me462/install/my_robot_cell_control:/home/ros/ws_me462/install/my_robot_cell_description'}, 'shell': False}
[3.020740] (-) TimerEvent: {}
[3.121074] (-) TimerEvent: {}
[3.221631] (-) TimerEvent: {}
[3.322163] (-) TimerEvent: {}
[3.422608] (-) TimerEvent: {}
[3.497744] (tutan_gripper) StdoutLine: {'line': b'running develop\n'}
[3.522726] (-) TimerEvent: {}
[3.623166] (-) TimerEvent: {}
[3.702788] (tutan_gripper) StdoutLine: {'line': b'running egg_info\n'}
[3.703083] (tutan_gripper) StdoutLine: {'line': b'writing tutan_gripper.egg-info/PKG-INFO\n'}
[3.703299] (tutan_gripper) StdoutLine: {'line': b'writing dependency_links to tutan_gripper.egg-info/dependency_links.txt\n'}
[3.706404] (tutan_gripper) StdoutLine: {'line': b'writing entry points to tutan_gripper.egg-info/entry_points.txt\n'}
[3.707341] (tutan_gripper) StdoutLine: {'line': b'writing requirements to tutan_gripper.egg-info/requires.txt\n'}
[3.708267] (tutan_gripper) StdoutLine: {'line': b'writing top-level names to tutan_gripper.egg-info/top_level.txt\n'}
[3.711974] (tutan_gripper) StdoutLine: {'line': b"reading manifest file 'tutan_gripper.egg-info/SOURCES.txt'\n"}
[3.713230] (tutan_gripper) StdoutLine: {'line': b"writing manifest file 'tutan_gripper.egg-info/SOURCES.txt'\n"}
[3.715733] (tutan_gripper) StdoutLine: {'line': b'running build_ext\n'}
[3.716134] (tutan_gripper) StdoutLine: {'line': b'Creating /home/ros/ws_me462/install/tutan_gripper/lib/python3.10/site-packages/tutan-gripper.egg-link (link to .)\n'}
[3.717888] (tutan_gripper) StdoutLine: {'line': b'Installing aruco_tracker_node script to /home/ros/ws_me462/install/tutan_gripper/lib/tutan_gripper\n'}
[3.719116] (tutan_gripper) StdoutLine: {'line': b'Installing gripper_driver_node script to /home/ros/ws_me462/install/tutan_gripper/lib/tutan_gripper\n'}
[3.719513] (tutan_gripper) StdoutLine: {'line': b'\n'}
[3.719775] (tutan_gripper) StdoutLine: {'line': b'Installed /home/ros/ws_me462/build/tutan_gripper\n'}
[3.720037] (tutan_gripper) StdoutLine: {'line': b'running symlink_data\n'}
[3.723334] (-) TimerEvent: {}
[3.824260] (-) TimerEvent: {}
[3.900107] (tutan_gripper) CommandEnded: {'returncode': 0}
[3.924580] (-) TimerEvent: {}
[3.929153] (tutan_gripper) JobEnded: {'identifier': 'tutan_gripper', 'rc': 0}
[3.943248] (-) EventReactorShutdown: {}
