[0.974s] Invoking command in '/home/ros/ws_me462/build/zenpool_draw_letter': CMAKE_PREFIX_PATH=${CMAKE_PREFIX_PATH}:/home/ros/ws_me462/install/tutan_gripper:/opt/ros/humble /usr/bin/cmake /home/ros/ws_me462/src/ME462RobotControl/zenpool_draw_letter -DAMENT_CMAKE_SYMLINK_INSTALL=1 -DCMAKE_INSTALL_PREFIX=/home/ros/ws_me462/install/zenpool_draw_letter
[1.055s] -- Found ament_cmake: 1.3.14 (/opt/ros/humble/share/ament_cmake/cmake)
[1.811s] -- Override CMake install command with custom implementation using symlinks instead of copying resources
[1.839s] -- Found moveit_ros_planning_interface: 2.5.9 (/opt/ros/humble/share/moveit_ros_planning_interface/cmake)
[1.855s] -- Found Boost: /usr/lib/aarch64-linux-gnu/cmake/Boost-1.74.0/BoostConfig.cmake (found version "1.74.0") found components: date_time filesystem program_options system thread 
[1.931s] -- Found rosidl_generator_c: 3.1.8 (/opt/ros/humble/share/rosidl_generator_c/cmake)
[1.942s] -- Found rosidl_adapter: 3.1.8 (/opt/ros/humble/share/rosidl_adapter/cmake)
[1.966s] -- Found rosidl_generator_cpp: 3.1.8 (/opt/ros/humble/share/rosidl_generator_cpp/cmake)
[1.989s] -- Using all available rosidl_typesupport_c: rosidl_typesupport_fastrtps_c;rosidl_typesupport_introspection_c
[2.034s] -- Using all available rosidl_typesupport_cpp: rosidl_typesupport_fastrtps_cpp;rosidl_typesupport_introspection_cpp
[2.493s] -- Found Boost: /usr/lib/aarch64-linux-gnu/cmake/Boost-1.74.0/BoostConfig.cmake (found version "1.74.0") found components: chrono date_time filesystem iostreams program_options regex serialization system thread 
[2.560s] -- Found parameter_traits: 0.7.1 (/opt/ros/humble/share/parameter_traits/cmake)
[2.632s] -- Found rmw_implementation_cmake: 6.1.2 (/opt/ros/humble/share/rmw_implementation_cmake/cmake)
[2.635s] -- Found rmw_fastrtps_cpp: 6.2.10 (/opt/ros/humble/share/rmw_fastrtps_cpp/cmake)
[2.889s] -- Using RMW implementation 'rmw_fastrtps_cpp' as default
[2.978s] -- Found rclcpp_lifecycle: 16.0.19 (/opt/ros/humble/share/rclcpp_lifecycle/cmake)
[3.030s] -- Found Boost: /usr/lib/aarch64-linux-gnu/cmake/Boost-1.74.0/BoostConfig.cmake (found version "1.74.0") found components: filesystem 
[3.103s] -- library: /usr/lib/aarch64-linux-gnu/libcurl.so
[3.176s] -- Ensuring Eigen3 include directory is part of orocos-kdl CMake target
[3.444s] -- Found Boost: /usr/lib/aarch64-linux-gnu/cmake/Boost-1.74.0/BoostConfig.cmake (found version "1.74.0") found components: system filesystem date_time program_options thread chrono 
[3.521s] -- Found Boost: /usr/lib/aarch64-linux-gnu/cmake/Boost-1.74.0/BoostConfig.cmake (found version "1.74.0") found components: thread system filesystem regex date_time program_options 
[3.562s] -- Found Boost: /usr/lib/aarch64-linux-gnu/cmake/Boost-1.74.0/BoostConfig.cmake (found version "1.74.0") found components: system filesystem date_time program_options thread 
[3.632s] -- Found moveit_visual_tools: 4.1.2 (/opt/ros/humble/share/moveit_visual_tools/cmake)
[3.721s] -- Setting assimp_DIR to: '/opt/ros/humble/share/rviz_assimp_vendor/cmake/../../../opt/rviz_assimp_vendor/lib/cmake/assimp-4.1'
[3.728s] -- Setting OGRE_DIR to: '/opt/ros/humble/share/rviz_ogre_vendor/cmake/../../../opt/rviz_ogre_vendor/lib/OGRE/cmake'
[3.730s] -- Found OGRE
[3.731s] --   static     : OFF
[3.731s] --   components : HLMS;MeshLodGenerator;Overlay;Paging;Property;RTShaderSystem;Terrain;Volume
[3.731s] --   plugins    : Plugin_BSPSceneManager;Plugin_OctreeSceneManager;Plugin_PCZSceneManager;Plugin_ParticleFX;RenderSystem_GL;RenderSystem_GL3Plus;Codec_STBI
[3.731s] --   media      : /opt/ros/humble/opt/rviz_ogre_vendor/share/OGRE/Media
[3.731s] -- OGRE_LIBRARIES: OgreHLMS;OgreMeshLodGenerator;OgreOverlay;OgrePaging;OgreProperty;OgreRTShaderSystem;OgreTerrain;OgreVolume;OgreMain
[3.731s] -- OGRE_LIBRARY_DIRS: /opt/ros/humble/opt/rviz_ogre_vendor/lib
[3.731s] -- OGRE_PLUGINS: Plugin_BSPSceneManager;Plugin_OctreeSceneManager;Plugin_PCZSceneManager;Plugin_ParticleFX;RenderSystem_GL;RenderSystem_GL3Plus;Codec_STBI
[3.731s] -- OGRE_PLUGIN_DIR: /opt/ros/humble/opt/rviz_ogre_vendor/lib/OGRE
[3.731s] -- rviz_ogre_vendor::OgreOverlay for IMPORTED_LOCATION_RELEASE: /opt/ros/humble/opt/rviz_ogre_vendor/lib/libOgreOverlay.so
[3.732s] -- rviz_ogre_vendor::OgreOverlay for IMPORTED_LOCATION_DEBUG: /opt/ros/humble/opt/rviz_ogre_vendor/lib/libOgreOverlay.so
[3.732s] -- rviz_ogre_vendor::OgreMain for IMPORTED_LOCATION_RELEASE: /opt/ros/humble/opt/rviz_ogre_vendor/lib/libOgreMain.so
[3.732s] -- rviz_ogre_vendor::OgreMain for IMPORTED_LOCATION_DEBUG: /opt/ros/humble/opt/rviz_ogre_vendor/lib/libOgreMain.so
[3.733s] -- Could not find freeimage library
[3.974s] -- Found controller_manager_msgs: 2.54.0 (/opt/ros/humble/share/controller_manager_msgs/cmake)
[3.996s] -- Found control_msgs: 4.9.0 (/opt/ros/humble/share/control_msgs/cmake)
[4.062s] -- Found ament_lint_auto: 0.12.15 (/opt/ros/humble/share/ament_lint_auto/cmake)
[4.257s] -- Added test 'cppcheck' to perform static code analysis on C / C++ code
[4.258s] -- Configured cppcheck include dirs: $<BUILD_INTERFACE:/home/ros/ws_me462/src/ME462RobotControl/zenpool_draw_letter/include>
[4.258s] -- Configured cppcheck exclude dirs and/or files: 
[4.258s] -- Added test 'flake8' to check Python code syntax and style conventions
[4.259s] -- Added test 'lint_cmake' to check CMake code style
[4.260s] -- Added test 'pep257' to check Python code against some of the docstring style conventions in PEP 257
[4.262s] -- Added test 'uncrustify' to check C / C++ code style
[4.262s] -- Configured uncrustify additional arguments: 
[4.262s] -- Added test 'xmllint' to check XML markup files
[4.265s] -- Configuring done
[4.433s] -- Generating done
[4.477s] -- Build files have been written to: /home/ros/ws_me462/build/zenpool_draw_letter
[4.542s] Invoked command in '/home/ros/ws_me462/build/zenpool_draw_letter' returned '0': CMAKE_PREFIX_PATH=${CMAKE_PREFIX_PATH}:/home/ros/ws_me462/install/tutan_gripper:/opt/ros/humble /usr/bin/cmake /home/ros/ws_me462/src/ME462RobotControl/zenpool_draw_letter -DAMENT_CMAKE_SYMLINK_INSTALL=1 -DCMAKE_INSTALL_PREFIX=/home/ros/ws_me462/install/zenpool_draw_letter
[4.545s] Invoking command in '/home/ros/ws_me462/build/zenpool_draw_letter': CMAKE_PREFIX_PATH=${CMAKE_PREFIX_PATH}:/home/ros/ws_me462/install/tutan_gripper:/opt/ros/humble /usr/bin/cmake --build /home/ros/ws_me462/build/zenpool_draw_letter -- -j4 -l4
[4.670s] [35m[1mConsolidate compiler generated dependencies of target zenpool_draw_letter[0m
[4.755s] [ 16%] [32mBuilding CXX object CMakeFiles/zenpool_draw_letter.dir/src/zenpool_draw_letter.cpp.o[0m
[25.277s] [01m[K/home/ros/ws_me462/src/ME462RobotControl/zenpool_draw_letter/src/zenpool_draw_letter.cpp:109:49:[m[K [01;35m[Kwarning: [m[Kuse of ‘[01m[Kauto[m[K’ in parameter declaration only available with ‘[01m[K-std=c++20[m[K’ or ‘[01m[K-fconcepts[m[K’
[25.278s]   109 |                   const rclcpp::Logger& logger, [01;35m[Kauto[m[K& draw_traj, auto& mvt, auto& prompt, const std::string& label) {
[25.278s]       |                                                 [01;35m[K^~~~[m[K
[25.279s] [01m[K/home/ros/ws_me462/src/ME462RobotControl/zenpool_draw_letter/src/zenpool_draw_letter.cpp:109:66:[m[K [01;35m[Kwarning: [m[Kuse of ‘[01m[Kauto[m[K’ in parameter declaration only available with ‘[01m[K-std=c++20[m[K’ or ‘[01m[K-fconcepts[m[K’
[25.280s]   109 |                   const rclcpp::Logger& logger, auto& draw_traj, [01;35m[Kauto[m[K& mvt, auto& prompt, const std::string& label) {
[25.280s]       |                                                                  [01;35m[K^~~~[m[K
[25.280s] [01m[K/home/ros/ws_me462/src/ME462RobotControl/zenpool_draw_letter/src/zenpool_draw_letter.cpp:109:77:[m[K [01;35m[Kwarning: [m[Kuse of ‘[01m[Kauto[m[K’ in parameter declaration only available with ‘[01m[K-std=c++20[m[K’ or ‘[01m[K-fconcepts[m[K’
[25.280s]   109 |                   const rclcpp::Logger& logger, auto& draw_traj, auto& mvt, [01;35m[Kauto[m[K& prompt, const std::string& label) {
[25.280s]       |                                                                             [01;35m[K^~~~[m[K
[25.280s] [01m[K/home/ros/ws_me462/src/ME462RobotControl/zenpool_draw_letter/src/zenpool_draw_letter.cpp:130:62:[m[K [01;35m[Kwarning: [m[Kuse of ‘[01m[Kauto[m[K’ in parameter declaration only available with ‘[01m[K-std=c++20[m[K’ or ‘[01m[K-fconcepts[m[K’
[25.281s]   130 |                                const rclcpp::Logger& logger, [01;35m[Kauto[m[K& draw_traj, auto& mvt, auto& prompt,
[25.281s]       |                                                              [01;35m[K^~~~[m[K
[25.281s] [01m[K/home/ros/ws_me462/src/ME462RobotControl/zenpool_draw_letter/src/zenpool_draw_letter.cpp:130:79:[m[K [01;35m[Kwarning: [m[Kuse of ‘[01m[Kauto[m[K’ in parameter declaration only available with ‘[01m[K-std=c++20[m[K’ or ‘[01m[K-fconcepts[m[K’
[25.282s]   130 |                                const rclcpp::Logger& logger, auto& draw_traj, [01;35m[Kauto[m[K& mvt, auto& prompt,
[25.282s]       |                                                                               [01;35m[K^~~~[m[K
[25.282s] [01m[K/home/ros/ws_me462/src/ME462RobotControl/zenpool_draw_letter/src/zenpool_draw_letter.cpp:130:90:[m[K [01;35m[Kwarning: [m[Kuse of ‘[01m[Kauto[m[K’ in parameter declaration only available with ‘[01m[K-std=c++20[m[K’ or ‘[01m[K-fconcepts[m[K’
[25.283s]   130 |                                const rclcpp::Logger& logger, auto& draw_traj, auto& mvt, [01;35m[Kauto[m[K& prompt,
[25.283s]       |                                                                                          [01;35m[K^~~~[m[K
[25.309s] [01m[K/home/ros/ws_me462/src/ME462RobotControl/zenpool_draw_letter/src/zenpool_draw_letter.cpp:162:53:[m[K [01;35m[Kwarning: [m[Kuse of ‘[01m[Kauto[m[K’ in parameter declaration only available with ‘[01m[K-std=c++20[m[K’ or ‘[01m[K-fconcepts[m[K’
[25.310s]   162 |                       const rclcpp::Logger& logger, [01;35m[Kauto[m[K& draw_traj, auto& mvt, auto& prompt,
[25.310s]       |                                                     [01;35m[K^~~~[m[K
[25.310s] [01m[K/home/ros/ws_me462/src/ME462RobotControl/zenpool_draw_letter/src/zenpool_draw_letter.cpp:162:70:[m[K [01;35m[Kwarning: [m[Kuse of ‘[01m[Kauto[m[K’ in parameter declaration only available with ‘[01m[K-std=c++20[m[K’ or ‘[01m[K-fconcepts[m[K’
[25.310s]   162 |                       const rclcpp::Logger& logger, auto& draw_traj, [01;35m[Kauto[m[K& mvt, auto& prompt,
[25.310s]       |                                                                      [01;35m[K^~~~[m[K
[25.311s] [01m[K/home/ros/ws_me462/src/ME462RobotControl/zenpool_draw_letter/src/zenpool_draw_letter.cpp:162:81:[m[K [01;35m[Kwarning: [m[Kuse of ‘[01m[Kauto[m[K’ in parameter declaration only available with ‘[01m[K-std=c++20[m[K’ or ‘[01m[K-fconcepts[m[K’
[25.311s]   162 |                       const rclcpp::Logger& logger, auto& draw_traj, auto& mvt, [01;35m[Kauto[m[K& prompt,
[25.313s]       |                                                                                 [01;35m[K^~~~[m[K
[25.343s] [01m[K/home/ros/ws_me462/src/ME462RobotControl/zenpool_draw_letter/src/zenpool_draw_letter.cpp:185:49:[m[K [01;35m[Kwarning: [m[Kuse of ‘[01m[Kauto[m[K’ in parameter declaration only available with ‘[01m[K-std=c++20[m[K’ or ‘[01m[K-fconcepts[m[K’
[25.344s]   185 |                   const rclcpp::Logger& logger, [01;35m[Kauto[m[K& draw_traj, auto& mvt, auto& prompt, const std::string& label) {
[25.344s]       |                                                 [01;35m[K^~~~[m[K
[25.347s] [01m[K/home/ros/ws_me462/src/ME462RobotControl/zenpool_draw_letter/src/zenpool_draw_letter.cpp:185:66:[m[K [01;35m[Kwarning: [m[Kuse of ‘[01m[Kauto[m[K’ in parameter declaration only available with ‘[01m[K-std=c++20[m[K’ or ‘[01m[K-fconcepts[m[K’
[25.347s]   185 |                   const rclcpp::Logger& logger, auto& draw_traj, [01;35m[Kauto[m[K& mvt, auto& prompt, const std::string& label) {
[25.348s]       |                                                                  [01;35m[K^~~~[m[K
[25.348s] [01m[K/home/ros/ws_me462/src/ME462RobotControl/zenpool_draw_letter/src/zenpool_draw_letter.cpp:185:77:[m[K [01;35m[Kwarning: [m[Kuse of ‘[01m[Kauto[m[K’ in parameter declaration only available with ‘[01m[K-std=c++20[m[K’ or ‘[01m[K-fconcepts[m[K’
[25.348s]   185 |                   const rclcpp::Logger& logger, auto& draw_traj, auto& mvt, [01;35m[Kauto[m[K& prompt, const std::string& label) {
[25.348s]       |                                                                             [01;35m[K^~~~[m[K
[25.348s] [01m[K/home/ros/ws_me462/src/ME462RobotControl/zenpool_draw_letter/src/zenpool_draw_letter.cpp:205:54:[m[K [01;35m[Kwarning: [m[Kuse of ‘[01m[Kauto[m[K’ in parameter declaration only available with ‘[01m[K-std=c++20[m[K’ or ‘[01m[K-fconcepts[m[K’
[25.348s]   205 |                        const rclcpp::Logger& logger, [01;35m[Kauto[m[K& draw_traj, auto& mvt, auto& prompt,
[25.349s]       |                                                      [01;35m[K^~~~[m[K
[25.349s] [01m[K/home/ros/ws_me462/src/ME462RobotControl/zenpool_draw_letter/src/zenpool_draw_letter.cpp:205:71:[m[K [01;35m[Kwarning: [m[Kuse of ‘[01m[Kauto[m[K’ in parameter declaration only available with ‘[01m[K-std=c++20[m[K’ or ‘[01m[K-fconcepts[m[K’
[25.349s]   205 |                        const rclcpp::Logger& logger, auto& draw_traj, [01;35m[Kauto[m[K& mvt, auto& prompt,
[25.353s]       |                                                                       [01;35m[K^~~~[m[K
[25.356s] [01m[K/home/ros/ws_me462/src/ME462RobotControl/zenpool_draw_letter/src/zenpool_draw_letter.cpp:205:82:[m[K [01;35m[Kwarning: [m[Kuse of ‘[01m[Kauto[m[K’ in parameter declaration only available with ‘[01m[K-std=c++20[m[K’ or ‘[01m[K-fconcepts[m[K’
[25.357s]   205 |                        const rclcpp::Logger& logger, auto& draw_traj, auto& mvt, [01;35m[Kauto[m[K& prompt,
[25.358s]       |                                                                                  [01;35m[K^~~~[m[K
[25.381s] [01m[K/home/ros/ws_me462/src/ME462RobotControl/zenpool_draw_letter/src/zenpool_draw_letter.cpp:267:55:[m[K [01;35m[Kwarning: [m[Kuse of ‘[01m[Kauto[m[K’ in parameter declaration only available with ‘[01m[K-std=c++20[m[K’ or ‘[01m[K-fconcepts[m[K’
[25.382s]   267 |                         const rclcpp::Logger& logger, [01;35m[Kauto[m[K& draw_traj, auto& mvt, auto& prompt,
[25.384s]       |                                                       [01;35m[K^~~~[m[K
[25.385s] [01m[K/home/ros/ws_me462/src/ME462RobotControl/zenpool_draw_letter/src/zenpool_draw_letter.cpp:267:72:[m[K [01;35m[Kwarning: [m[Kuse of ‘[01m[Kauto[m[K’ in parameter declaration only available with ‘[01m[K-std=c++20[m[K’ or ‘[01m[K-fconcepts[m[K’
[25.386s]   267 |                         const rclcpp::Logger& logger, auto& draw_traj, [01;35m[Kauto[m[K& mvt, auto& prompt,
[25.388s]       |                                                                        [01;35m[K^~~~[m[K
[25.390s] [01m[K/home/ros/ws_me462/src/ME462RobotControl/zenpool_draw_letter/src/zenpool_draw_letter.cpp:267:83:[m[K [01;35m[Kwarning: [m[Kuse of ‘[01m[Kauto[m[K’ in parameter declaration only available with ‘[01m[K-std=c++20[m[K’ or ‘[01m[K-fconcepts[m[K’
[25.390s]   267 |                         const rclcpp::Logger& logger, auto& draw_traj, auto& mvt, [01;35m[Kauto[m[K& prompt,
[25.390s]       |                                                                                   [01;35m[K^~~~[m[K
[26.987s] /home/ros/ws_me462/src/ME462RobotControl/zenpool_draw_letter/src/zenpool_draw_letter.cpp: In instantiation of ‘[01m[Kbool executeNamed(moveit::planning_interface::MoveGroupInterface&, const string&, const rclcpp::Logger&, auto:49&, auto:50&, auto:51&, const string&) [with auto:49 = const main(int, char**)::<lambda(auto:59)>; auto:50 = moveit_visual_tools::MoveItVisualTools; auto:51 = const main(int, char**)::<lambda(auto:58)>; std::string = std::__cxx11::basic_string<char>][m[K’:
[26.987s] [01m[K/home/ros/ws_me462/src/ME462RobotControl/zenpool_draw_letter/src/zenpool_draw_letter.cpp:445:15:[m[K   required from here
[26.988s] [01m[K/home/ros/ws_me462/src/ME462RobotControl/zenpool_draw_letter/src/zenpool_draw_letter.cpp:185:41:[m[K [01;35m[Kwarning: [m[Kunused parameter ‘[01m[Klogger[m[K’ [[01;35m[K-Wunused-parameter[m[K]
[26.988s]   185 |                   [01;35m[Kconst rclcpp::Logger& logger[m[K, auto& draw_traj, auto& mvt, auto& prompt, const std::string& label) {
[26.988s]       |                   [01;35m[K~~~~~~~~~~~~~~~~~~~~~~^~~~~~[m[K
[40.919s] [ 33%] [32m[1mLinking CXX executable zenpool_draw_letter[0m
[44.658s] [ 33%] Built target zenpool_draw_letter
[44.694s] [35m[1mConsolidate compiler generated dependencies of target zenpool_teleop_servo[0m
[44.776s] [ 66%] Built target zenpool_teleop_servo
[44.807s] [35m[1mConsolidate compiler generated dependencies of target zenpool_draw_servo[0m
[44.903s] [100%] Built target zenpool_draw_servo
[44.939s] Invoked command in '/home/ros/ws_me462/build/zenpool_draw_letter' returned '0': CMAKE_PREFIX_PATH=${CMAKE_PREFIX_PATH}:/home/ros/ws_me462/install/tutan_gripper:/opt/ros/humble /usr/bin/cmake --build /home/ros/ws_me462/build/zenpool_draw_letter -- -j4 -l4
[44.943s] Invoking command in '/home/ros/ws_me462/build/zenpool_draw_letter': CMAKE_PREFIX_PATH=${CMAKE_PREFIX_PATH}:/home/ros/ws_me462/install/tutan_gripper:/opt/ros/humble /usr/bin/cmake --install /home/ros/ws_me462/build/zenpool_draw_letter
[44.961s] -- Install configuration: ""
[44.962s] -- Execute custom install script
[44.963s] -- Up-to-date symlink: /home/ros/ws_me462/install/zenpool_draw_letter/lib/zenpool_draw_letter/zenpool_draw_letter
[44.963s] -- Up-to-date symlink: /home/ros/ws_me462/install/zenpool_draw_letter/lib/zenpool_draw_letter/zenpool_draw_servo
[44.963s] -- Up-to-date symlink: /home/ros/ws_me462/install/zenpool_draw_letter/lib/zenpool_draw_letter/zenpool_teleop_servo
[44.963s] -- Up-to-date symlink: /home/ros/ws_me462/install/zenpool_draw_letter/lib/zenpool_draw_letter/face_tracker_servo.py
[44.964s] -- Up-to-date symlink: /home/ros/ws_me462/install/zenpool_draw_letter/lib/zenpool_draw_letter/aruco_tracker_servo.py
[44.964s] -- Up-to-date symlink: /home/ros/ws_me462/install/zenpool_draw_letter/share/ament_index/resource_index/package_run_dependencies/zenpool_draw_letter
[44.964s] -- Up-to-date symlink: /home/ros/ws_me462/install/zenpool_draw_letter/share/ament_index/resource_index/parent_prefix_path/zenpool_draw_letter
[44.964s] -- Up-to-date symlink: /home/ros/ws_me462/install/zenpool_draw_letter/share/zenpool_draw_letter/environment/ament_prefix_path.sh
[44.964s] -- Up-to-date symlink: /home/ros/ws_me462/install/zenpool_draw_letter/share/zenpool_draw_letter/environment/ament_prefix_path.dsv
[44.965s] -- Up-to-date symlink: /home/ros/ws_me462/install/zenpool_draw_letter/share/zenpool_draw_letter/environment/path.sh
[44.965s] -- Up-to-date symlink: /home/ros/ws_me462/install/zenpool_draw_letter/share/zenpool_draw_letter/environment/path.dsv
[44.965s] -- Up-to-date symlink: /home/ros/ws_me462/install/zenpool_draw_letter/share/zenpool_draw_letter/local_setup.bash
[44.966s] -- Up-to-date symlink: /home/ros/ws_me462/install/zenpool_draw_letter/share/zenpool_draw_letter/local_setup.sh
[44.966s] -- Up-to-date symlink: /home/ros/ws_me462/install/zenpool_draw_letter/share/zenpool_draw_letter/local_setup.zsh
[44.966s] -- Up-to-date symlink: /home/ros/ws_me462/install/zenpool_draw_letter/share/zenpool_draw_letter/local_setup.dsv
[44.967s] -- Symlinking: /home/ros/ws_me462/install/zenpool_draw_letter/share/zenpool_draw_letter/package.dsv
[45.010s] -- Up-to-date symlink: /home/ros/ws_me462/install/zenpool_draw_letter/share/ament_index/resource_index/packages/zenpool_draw_letter
[45.011s] -- Up-to-date symlink: /home/ros/ws_me462/install/zenpool_draw_letter/share/zenpool_draw_letter/cmake/zenpool_draw_letterConfig.cmake
[45.011s] -- Up-to-date symlink: /home/ros/ws_me462/install/zenpool_draw_letter/share/zenpool_draw_letter/cmake/zenpool_draw_letterConfig-version.cmake
[45.011s] -- Up-to-date symlink: /home/ros/ws_me462/install/zenpool_draw_letter/share/zenpool_draw_letter/package.xml
[45.018s] Invoked command in '/home/ros/ws_me462/build/zenpool_draw_letter' returned '0': CMAKE_PREFIX_PATH=${CMAKE_PREFIX_PATH}:/home/ros/ws_me462/install/tutan_gripper:/opt/ros/humble /usr/bin/cmake --install /home/ros/ws_me462/build/zenpool_draw_letter
