In file included from [01m[K/home/ros/ws_me462/src/ME462RobotControl/zenpool_draw_letter/src/zenpool_teleop_servo.cpp:7[m[K:
[01m[K/opt/ros/humble/include/tf2_geometry_msgs/tf2_geometry_msgs/tf2_geometry_msgs.h:35:2:[m[K [01;35m[Kwarning: [m[K#warning This header is obsolete, please include tf2_geometry_msgs/tf2_geometry_msgs.hpp instead [[01;35m[K-Wcpp[m[K]
   35 | #[01;35m[Kwarning[m[K This header is obsolete, please include tf2_geometry_msgs/tf2_geometry_msgs.hpp instead
      |  [01;35m[K^~~~~~~[m[K
[01m[K/home/ros/ws_me462/src/ME462RobotControl/zenpool_draw_letter/src/zenpool_draw_letter.cpp:109:49:[m[K [01;35m[Kwarning: [m[Kuse of ‘[01m[Kauto[m[K’ in parameter declaration only available with ‘[01m[K-std=c++20[m[K’ or ‘[01m[K-fconcepts[m[K’
  109 |                   const rclcpp::Logger& logger, [01;35m[Kauto[m[K& draw_traj, auto& mvt, auto& prompt, const std::string& label) {
      |                                                 [01;35m[K^~~~[m[K
[01m[K/home/ros/ws_me462/src/ME462RobotControl/zenpool_draw_letter/src/zenpool_draw_letter.cpp:109:66:[m[K [01;35m[Kwarning: [m[Kuse of ‘[01m[Kauto[m[K’ in parameter declaration only available with ‘[01m[K-std=c++20[m[K’ or ‘[01m[K-fconcepts[m[K’
  109 |                   const rclcpp::Logger& logger, auto& draw_traj, [01;35m[Kauto[m[K& mvt, auto& prompt, const std::string& label) {
      |                                                                  [01;35m[K^~~~[m[K
[01m[K/home/ros/ws_me462/src/ME462RobotControl/zenpool_draw_letter/src/zenpool_draw_letter.cpp:109:77:[m[K [01;35m[Kwarning: [m[Kuse of ‘[01m[Kauto[m[K’ in parameter declaration only available with ‘[01m[K-std=c++20[m[K’ or ‘[01m[K-fconcepts[m[K’
  109 |                   const rclcpp::Logger& logger, auto& draw_traj, auto& mvt, [01;35m[Kauto[m[K& prompt, const std::string& label) {
      |                                                                             [01;35m[K^~~~[m[K
[01m[K/home/ros/ws_me462/src/ME462RobotControl/zenpool_draw_letter/src/zenpool_draw_letter.cpp:130:62:[m[K [01;35m[Kwarning: [m[Kuse of ‘[01m[Kauto[m[K’ in parameter declaration only available with ‘[01m[K-std=c++20[m[K’ or ‘[01m[K-fconcepts[m[K’
  130 |                                const rclcpp::Logger& logger, [01;35m[Kauto[m[K& draw_traj, auto& mvt, auto& prompt,
      |                                                              [01;35m[K^~~~[m[K
[01m[K/home/ros/ws_me462/src/ME462RobotControl/zenpool_draw_letter/src/zenpool_draw_letter.cpp:130:79:[m[K [01;35m[Kwarning: [m[Kuse of ‘[01m[Kauto[m[K’ in parameter declaration only available with ‘[01m[K-std=c++20[m[K’ or ‘[01m[K-fconcepts[m[K’
  130 |                                const rclcpp::Logger& logger, auto& draw_traj, [01;35m[Kauto[m[K& mvt, auto& prompt,
      |                                                                               [01;35m[K^~~~[m[K
[01m[K/home/ros/ws_me462/src/ME462RobotControl/zenpool_draw_letter/src/zenpool_draw_letter.cpp:130:90:[m[K [01;35m[Kwarning: [m[Kuse of ‘[01m[Kauto[m[K’ in parameter declaration only available with ‘[01m[K-std=c++20[m[K’ or ‘[01m[K-fconcepts[m[K’
  130 |                                const rclcpp::Logger& logger, auto& draw_traj, auto& mvt, [01;35m[Kauto[m[K& prompt,
      |                                                                                          [01;35m[K^~~~[m[K
[01m[K/home/ros/ws_me462/src/ME462RobotControl/zenpool_draw_letter/src/zenpool_draw_letter.cpp:162:53:[m[K [01;35m[Kwarning: [m[Kuse of ‘[01m[Kauto[m[K’ in parameter declaration only available with ‘[01m[K-std=c++20[m[K’ or ‘[01m[K-fconcepts[m[K’
  162 |                       const rclcpp::Logger& logger, [01;35m[Kauto[m[K& draw_traj, auto& mvt, auto& prompt,
      |                                                     [01;35m[K^~~~[m[K
[01m[K/home/ros/ws_me462/src/ME462RobotControl/zenpool_draw_letter/src/zenpool_draw_letter.cpp:162:70:[m[K [01;35m[Kwarning: [m[Kuse of ‘[01m[Kauto[m[K’ in parameter declaration only available with ‘[01m[K-std=c++20[m[K’ or ‘[01m[K-fconcepts[m[K’
  162 |                       const rclcpp::Logger& logger, auto& draw_traj, [01;35m[Kauto[m[K& mvt, auto& prompt,
      |                                                                      [01;35m[K^~~~[m[K
[01m[K/home/ros/ws_me462/src/ME462RobotControl/zenpool_draw_letter/src/zenpool_draw_letter.cpp:162:81:[m[K [01;35m[Kwarning: [m[Kuse of ‘[01m[Kauto[m[K’ in parameter declaration only available with ‘[01m[K-std=c++20[m[K’ or ‘[01m[K-fconcepts[m[K’
  162 |                       const rclcpp::Logger& logger, auto& draw_traj, auto& mvt, [01;35m[Kauto[m[K& prompt,
      |                                                                                 [01;35m[K^~~~[m[K
[01m[K/home/ros/ws_me462/src/ME462RobotControl/zenpool_draw_letter/src/zenpool_draw_letter.cpp:185:49:[m[K [01;35m[Kwarning: [m[Kuse of ‘[01m[Kauto[m[K’ in parameter declaration only available with ‘[01m[K-std=c++20[m[K’ or ‘[01m[K-fconcepts[m[K’
  185 |                   const rclcpp::Logger& logger, [01;35m[Kauto[m[K& draw_traj, auto& mvt, auto& prompt, const std::string& label) {
      |                                                 [01;35m[K^~~~[m[K
[01m[K/home/ros/ws_me462/src/ME462RobotControl/zenpool_draw_letter/src/zenpool_draw_letter.cpp:185:66:[m[K [01;35m[Kwarning: [m[Kuse of ‘[01m[Kauto[m[K’ in parameter declaration only available with ‘[01m[K-std=c++20[m[K’ or ‘[01m[K-fconcepts[m[K’
  185 |                   const rclcpp::Logger& logger, auto& draw_traj, [01;35m[Kauto[m[K& mvt, auto& prompt, const std::string& label) {
      |                                                                  [01;35m[K^~~~[m[K
[01m[K/home/ros/ws_me462/src/ME462RobotControl/zenpool_draw_letter/src/zenpool_draw_letter.cpp:185:77:[m[K [01;35m[Kwarning: [m[Kuse of ‘[01m[Kauto[m[K’ in parameter declaration only available with ‘[01m[K-std=c++20[m[K’ or ‘[01m[K-fconcepts[m[K’
  185 |                   const rclcpp::Logger& logger, auto& draw_traj, auto& mvt, [01;35m[Kauto[m[K& prompt, const std::string& label) {
      |                                                                             [01;35m[K^~~~[m[K
[01m[K/home/ros/ws_me462/src/ME462RobotControl/zenpool_draw_letter/src/zenpool_draw_letter.cpp:205:54:[m[K [01;35m[Kwarning: [m[Kuse of ‘[01m[Kauto[m[K’ in parameter declaration only available with ‘[01m[K-std=c++20[m[K’ or ‘[01m[K-fconcepts[m[K’
  205 |                        const rclcpp::Logger& logger, [01;35m[Kauto[m[K& draw_traj, auto& mvt, auto& prompt,
      |                                                      [01;35m[K^~~~[m[K
[01m[K/home/ros/ws_me462/src/ME462RobotControl/zenpool_draw_letter/src/zenpool_draw_letter.cpp:205:71:[m[K [01;35m[Kwarning: [m[Kuse of ‘[01m[Kauto[m[K’ in parameter declaration only available with ‘[01m[K-std=c++20[m[K’ or ‘[01m[K-fconcepts[m[K’
  205 |                        const rclcpp::Logger& logger, auto& draw_traj, [01;35m[Kauto[m[K& mvt, auto& prompt,
      |                                                                       [01;35m[K^~~~[m[K
[01m[K/home/ros/ws_me462/src/ME462RobotControl/zenpool_draw_letter/src/zenpool_draw_letter.cpp:205:82:[m[K [01;35m[Kwarning: [m[Kuse of ‘[01m[Kauto[m[K’ in parameter declaration only available with ‘[01m[K-std=c++20[m[K’ or ‘[01m[K-fconcepts[m[K’
  205 |                        const rclcpp::Logger& logger, auto& draw_traj, auto& mvt, [01;35m[Kauto[m[K& prompt,
      |                                                                                  [01;35m[K^~~~[m[K
[01m[K/home/ros/ws_me462/src/ME462RobotControl/zenpool_draw_letter/src/zenpool_draw_letter.cpp:267:55:[m[K [01;35m[Kwarning: [m[Kuse of ‘[01m[Kauto[m[K’ in parameter declaration only available with ‘[01m[K-std=c++20[m[K’ or ‘[01m[K-fconcepts[m[K’
  267 |                         const rclcpp::Logger& logger, [01;35m[Kauto[m[K& draw_traj, auto& mvt, auto& prompt,
      |                                                       [01;35m[K^~~~[m[K
[01m[K/home/ros/ws_me462/src/ME462RobotControl/zenpool_draw_letter/src/zenpool_draw_letter.cpp:267:72:[m[K [01;35m[Kwarning: [m[Kuse of ‘[01m[Kauto[m[K’ in parameter declaration only available with ‘[01m[K-std=c++20[m[K’ or ‘[01m[K-fconcepts[m[K’
  267 |                         const rclcpp::Logger& logger, auto& draw_traj, [01;35m[Kauto[m[K& mvt, auto& prompt,
      |                                                                        [01;35m[K^~~~[m[K
[01m[K/home/ros/ws_me462/src/ME462RobotControl/zenpool_draw_letter/src/zenpool_draw_letter.cpp:267:83:[m[K [01;35m[Kwarning: [m[Kuse of ‘[01m[Kauto[m[K’ in parameter declaration only available with ‘[01m[K-std=c++20[m[K’ or ‘[01m[K-fconcepts[m[K’
  267 |                         const rclcpp::Logger& logger, auto& draw_traj, auto& mvt, [01;35m[Kauto[m[K& prompt,
      |                                                                                   [01;35m[K^~~~[m[K
[01m[K/home/ros/ws_me462/src/ME462RobotControl/zenpool_draw_letter/src/zenpool_draw_servo.cpp:115:49:[m[K [01;35m[Kwarning: [m[Kuse of ‘[01m[Kauto[m[K’ in parameter declaration only available with ‘[01m[K-std=c++20[m[K’ or ‘[01m[K-fconcepts[m[K’
  115 |                   const rclcpp::Logger& logger, [01;35m[Kauto[m[K& prompt, const std::string& label) {
      |                                                 [01;35m[K^~~~[m[K
[01m[K/home/ros/ws_me462/src/ME462RobotControl/zenpool_draw_letter/src/zenpool_draw_servo.cpp:189:181:[m[K [01;35m[Kwarning: [m[Kuse of ‘[01m[Kauto[m[K’ in parameter declaration only available with ‘[01m[K-std=c++20[m[K’ or ‘[01m[K-fconcepts[m[K’
  189 | bool executeTrajectoryServo(rclcpp::Node::SharedPtr node, const moveit_msgs::msg::RobotTrajectory& traj, const std::vector<std::string>& joint_names, const rclcpp::Logger& logger, [01;35m[Kauto[m[K& prompt, const std::string& label) {
      |                                                                                                                                                                                     [01;35m[K^~~~[m[K
[01m[K/home/ros/ws_me462/src/ME462RobotControl/zenpool_draw_letter/src/zenpool_draw_servo.cpp:261:53:[m[K [01;35m[Kwarning: [m[Kuse of ‘[01m[Kauto[m[K’ in parameter declaration only available with ‘[01m[K-std=c++20[m[K’ or ‘[01m[K-fconcepts[m[K’
  261 |                       const rclcpp::Logger& logger, [01;35m[Kauto[m[K& prompt, const std::string& label) {
      |                                                     [01;35m[K^~~~[m[K
[01m[K/home/ros/ws_me462/src/ME462RobotControl/zenpool_draw_letter/src/zenpool_draw_servo.cpp:285:54:[m[K [01;35m[Kwarning: [m[Kuse of ‘[01m[Kauto[m[K’ in parameter declaration only available with ‘[01m[K-std=c++20[m[K’ or ‘[01m[K-fconcepts[m[K’
  285 |                        const rclcpp::Logger& logger, [01;35m[Kauto[m[K& prompt)
      |                                                      [01;35m[K^~~~[m[K
[01m[K/home/ros/ws_me462/src/ME462RobotControl/zenpool_draw_letter/src/zenpool_draw_servo.cpp:321:55:[m[K [01;35m[Kwarning: [m[Kuse of ‘[01m[Kauto[m[K’ in parameter declaration only available with ‘[01m[K-std=c++20[m[K’ or ‘[01m[K-fconcepts[m[K’
  321 |                         const rclcpp::Logger& logger, [01;35m[Kauto[m[K& prompt)
      |                                                       [01;35m[K^~~~[m[K
[01m[K/home/ros/ws_me462/src/ME462RobotControl/zenpool_draw_letter/src/zenpool_draw_servo.cpp:[m[K In function ‘[01m[Kint main(int, char**)[m[K’:
[01m[K/home/ros/ws_me462/src/ME462RobotControl/zenpool_draw_letter/src/zenpool_draw_servo.cpp:419:14:[m[K [01;35m[Kwarning: [m[Kvariable ‘[01m[Kdraw_traj[m[K’ set but not used [[01;35m[K-Wunused-but-set-variable[m[K]
  419 |   auto const [01;35m[Kdraw_traj[m[K = [&moveit_visual_tools, jmg = move_group_interface.getRobotModel()->getJointModelGroup("ur_arm")](auto const traj) {
      |              [01;35m[K^~~~~~~~~[m[K
/home/ros/ws_me462/src/ME462RobotControl/zenpool_draw_letter/src/zenpool_draw_letter.cpp: In instantiation of ‘[01m[Kbool executeNamed(moveit::planning_interface::MoveGroupInterface&, const string&, const rclcpp::Logger&, auto:49&, auto:50&, auto:51&, const string&) [with auto:49 = const main(int, char**)::<lambda(auto:59)>; auto:50 = moveit_visual_tools::MoveItVisualTools; auto:51 = const main(int, char**)::<lambda(auto:58)>; std::string = std::__cxx11::basic_string<char>][m[K’:
[01m[K/home/ros/ws_me462/src/ME462RobotControl/zenpool_draw_letter/src/zenpool_draw_letter.cpp:445:15:[m[K   required from here
[01m[K/home/ros/ws_me462/src/ME462RobotControl/zenpool_draw_letter/src/zenpool_draw_letter.cpp:185:41:[m[K [01;35m[Kwarning: [m[Kunused parameter ‘[01m[Klogger[m[K’ [[01;35m[K-Wunused-parameter[m[K]
  185 |                   [01;35m[Kconst rclcpp::Logger& logger[m[K, auto& draw_traj, auto& mvt, auto& prompt, const std::string& label) {
      |                   [01;35m[K~~~~~~~~~~~~~~~~~~~~~~^~~~~~[m[K
/home/ros/ws_me462/src/ME462RobotControl/zenpool_draw_letter/src/zenpool_draw_servo.cpp: In instantiation of ‘[01m[Kbool executeTrajectoryServo(rclcpp::Node::SharedPtr, const RobotTrajectory&, const std::vector<std::__cxx11::basic_string<char> >&, const rclcpp::Logger&, auto:41&, const string&) [with auto:41 = const main(int, char**)::<lambda(auto:45)>; rclcpp::Node::SharedPtr = std::shared_ptr<rclcpp::Node>; moveit_msgs::msg::RobotTrajectory = moveit_msgs::msg::RobotTrajectory_<std::allocator<void> >; std::string = std::__cxx11::basic_string<char>][m[K’:
[01m[K/home/ros/ws_me462/src/ME462RobotControl/zenpool_draw_letter/src/zenpool_draw_servo.cpp:281:32:[m[K   required from ‘[01m[Kbool executeCartesianServo(rclcpp::Node::SharedPtr, moveit::planning_interface::MoveGroupInterface&, const std::vector<double>&, const rclcpp::Logger&, auto:42&, const string&) [with auto:42 = const main(int, char**)::<lambda(auto:45)>; rclcpp::Node::SharedPtr = std::shared_ptr<rclcpp::Node>; std::string = std::__cxx11::basic_string<char>][m[K’
[01m[K/home/ros/ws_me462/src/ME462RobotControl/zenpool_draw_letter/src/zenpool_draw_servo.cpp:444:24:[m[K   required from here
[01m[K/home/ros/ws_me462/src/ME462RobotControl/zenpool_draw_letter/src/zenpool_draw_servo.cpp:189:173:[m[K [01;35m[Kwarning: [m[Kunused parameter ‘[01m[Klogger[m[K’ [[01;35m[K-Wunused-parameter[m[K]
  189 | bool executeTrajectoryServo(rclcpp::Node::SharedPtr node, const moveit_msgs::msg::RobotTrajectory& traj, const std::vector<std::string>& joint_names, [01;35m[Kconst rclcpp::Logger& logger[m[K, auto& prompt, const std::string& label) {
      |                                                                                                                                                       [01;35m[K~~~~~~~~~~~~~~~~~~~~~~^~~~~~[m[K
