-- The C compiler identification is GNU 11.4.0
-- The CXX compiler identification is GNU 11.4.0
-- Detecting C compiler ABI info
-- Detecting C compiler ABI info - done
-- Check for working C compiler: /usr/bin/cc - skipped
-- Detecting C compile features
-- Detecting C compile features - done
-- Detecting CXX compiler ABI info
-- Detecting CXX compiler ABI info - done
-- Check for working CXX compiler: /usr/bin/c++ - skipped
-- Detecting CXX compile features
-- Detecting CXX compile features - done
-- Found ament_cmake: 1.3.14 (/opt/ros/humble/share/ament_cmake/cmake)
-- Found Python3: /usr/bin/python3 (found version "3.10.12") found components: Interpreter 
-- Override CMake install command with custom implementation using symlinks instead of copying resources
-- Found moveit_ros_planning_interface: 2.5.9 (/opt/ros/humble/share/moveit_ros_planning_interface/cmake)
-- Found Boost: /usr/lib/aarch64-linux-gnu/cmake/Boost-1.74.0/BoostConfig.cmake (found version "1.74.0") found components: date_time filesystem program_options system thread 
-- Found rosidl_generator_c: 3.1.8 (/opt/ros/humble/share/rosidl_generator_c/cmake)
-- Found rosidl_adapter: 3.1.8 (/opt/ros/humble/share/rosidl_adapter/cmake)
-- Found rosidl_generator_cpp: 3.1.8 (/opt/ros/humble/share/rosidl_generator_cpp/cmake)
-- Using all available rosidl_typesupport_c: rosidl_typesupport_fastrtps_c;rosidl_typesupport_introspection_c
-- Using all available rosidl_typesupport_cpp: rosidl_typesupport_fastrtps_cpp;rosidl_typesupport_introspection_cpp
-- Found Boost: /usr/lib/aarch64-linux-gnu/cmake/Boost-1.74.0/BoostConfig.cmake (found version "1.74.0") found components: chrono date_time filesystem iostreams program_options regex serialization system thread 
-- Found parameter_traits: 0.7.1 (/opt/ros/humble/share/parameter_traits/cmake)
-- Found rmw_implementation_cmake: 6.1.2 (/opt/ros/humble/share/rmw_implementation_cmake/cmake)
-- Found rmw_fastrtps_cpp: 6.2.10 (/opt/ros/humble/share/rmw_fastrtps_cpp/cmake)
-- Found OpenSSL: /usr/lib/aarch64-linux-gnu/libcrypto.so (found version "3.0.2")  
-- Found FastRTPS: /opt/ros/humble/include  
-- Using RMW implementation 'rmw_fastrtps_cpp' as default
-- Found Threads: TRUE  
-- Found rclcpp_lifecycle: 16.0.19 (/opt/ros/humble/share/rclcpp_lifecycle/cmake)
-- Found Boost: /usr/lib/aarch64-linux-gnu/cmake/Boost-1.74.0/BoostConfig.cmake (found version "1.74.0") found components: filesystem 
-- library: /usr/lib/aarch64-linux-gnu/libcurl.so
-- Found Eigen3: TRUE (found version "3.4.0") 
-- Ensuring Eigen3 include directory is part of orocos-kdl CMake target
-- Found Boost: /usr/lib/aarch64-linux-gnu/cmake/Boost-1.74.0/BoostConfig.cmake (found version "1.74.0") found components: system filesystem date_time program_options thread chrono 
-- Found Boost: /usr/lib/aarch64-linux-gnu/cmake/Boost-1.74.0/BoostConfig.cmake (found version "1.74.0") found components: thread system filesystem regex date_time program_options 
-- Found Boost: /usr/lib/aarch64-linux-gnu/cmake/Boost-1.74.0/BoostConfig.cmake (found version "1.74.0") found components: system filesystem date_time program_options thread 
-- Found moveit_visual_tools: 4.1.2 (/opt/ros/humble/share/moveit_visual_tools/cmake)
-- Setting assimp_DIR to: '/opt/ros/humble/share/rviz_assimp_vendor/cmake/../../../opt/rviz_assimp_vendor/lib/cmake/assimp-4.1'
-- Setting OGRE_DIR to: '/opt/ros/humble/share/rviz_ogre_vendor/cmake/../../../opt/rviz_ogre_vendor/lib/OGRE/cmake'
-- Found OGRE
--   static     : OFF
--   components : HLMS;MeshLodGenerator;Overlay;Paging;Property;RTShaderSystem;Terrain;Volume
--   plugins    : Plugin_BSPSceneManager;Plugin_OctreeSceneManager;Plugin_PCZSceneManager;Plugin_ParticleFX;RenderSystem_GL;RenderSystem_GL3Plus;Codec_STBI
--   media      : /opt/ros/humble/opt/rviz_ogre_vendor/share/OGRE/Media
-- OGRE_LIBRARIES: OgreHLMS;OgreMeshLodGenerator;OgreOverlay;OgrePaging;OgreProperty;OgreRTShaderSystem;OgreTerrain;OgreVolume;OgreMain
-- OGRE_LIBRARY_DIRS: /opt/ros/humble/opt/rviz_ogre_vendor/lib
-- OGRE_PLUGINS: Plugin_BSPSceneManager;Plugin_OctreeSceneManager;Plugin_PCZSceneManager;Plugin_ParticleFX;RenderSystem_GL;RenderSystem_GL3Plus;Codec_STBI
-- OGRE_PLUGIN_DIR: /opt/ros/humble/opt/rviz_ogre_vendor/lib/OGRE
-- rviz_ogre_vendor::OgreOverlay for IMPORTED_LOCATION_RELEASE: /opt/ros/humble/opt/rviz_ogre_vendor/lib/libOgreOverlay.so
-- rviz_ogre_vendor::OgreOverlay for IMPORTED_LOCATION_DEBUG: /opt/ros/humble/opt/rviz_ogre_vendor/lib/libOgreOverlay.so
-- rviz_ogre_vendor::OgreMain for IMPORTED_LOCATION_RELEASE: /opt/ros/humble/opt/rviz_ogre_vendor/lib/libOgreMain.so
-- rviz_ogre_vendor::OgreMain for IMPORTED_LOCATION_DEBUG: /opt/ros/humble/opt/rviz_ogre_vendor/lib/libOgreMain.so
-- Could not find freeimage library
-- Found ZLIB: /usr/lib/aarch64-linux-gnu/libz.so (found version "1.2.11") 
-- Found OpenGL: /usr/lib/aarch64-linux-gnu/libOpenGL.so   
-- Found X11: /usr/include   
-- Looking for XOpenDisplay in /usr/lib/aarch64-linux-gnu/libX11.so;/usr/lib/aarch64-linux-gnu/libXext.so
-- Looking for XOpenDisplay in /usr/lib/aarch64-linux-gnu/libX11.so;/usr/lib/aarch64-linux-gnu/libXext.so - found
-- Looking for gethostbyname
-- Looking for gethostbyname - found
-- Looking for connect
-- Looking for connect - found
-- Looking for remove
-- Looking for remove - found
-- Looking for shmat
-- Looking for shmat - found
-- Looking for IceConnectionNumber in ICE
-- Looking for IceConnectionNumber in ICE - found
-- Found controller_manager_msgs: 2.54.0 (/opt/ros/humble/share/controller_manager_msgs/cmake)
-- Found control_msgs: 4.9.0 (/opt/ros/humble/share/control_msgs/cmake)
-- Found ament_lint_auto: 0.12.15 (/opt/ros/humble/share/ament_lint_auto/cmake)
-- Added test 'cppcheck' to perform static code analysis on C / C++ code
-- Configured cppcheck include dirs: $<BUILD_INTERFACE:/home/ros/ws_me462/src/ME462RobotControl/zenpool_draw_letter/include>
-- Configured cppcheck exclude dirs and/or files: 
-- Added test 'flake8' to check Python code syntax and style conventions
-- Added test 'lint_cmake' to check CMake code style
-- Added test 'pep257' to check Python code against some of the docstring style conventions in PEP 257
-- Added test 'uncrustify' to check C / C++ code style
-- Configured uncrustify additional arguments: 
-- Added test 'xmllint' to check XML markup files
-- Configuring done
-- Generating done
-- Build files have been written to: /home/ros/ws_me462/build/zenpool_draw_letter
[ 16%] [32mBuilding CXX object CMakeFiles/zenpool_teleop_servo.dir/src/zenpool_teleop_servo.cpp.o[0m
[ 33%] [32mBuilding CXX object CMakeFiles/zenpool_draw_servo.dir/src/zenpool_draw_servo.cpp.o[0m
[ 50%] [32mBuilding CXX object CMakeFiles/zenpool_draw_letter.dir/src/zenpool_draw_letter.cpp.o[0m
In file included from [01m[K/home/ros/ws_me462/src/ME462RobotControl/zenpool_draw_letter/src/zenpool_teleop_servo.cpp:7[m[K:
[01m[K/opt/ros/humble/include/tf2_geometry_msgs/tf2_geometry_msgs/tf2_geometry_msgs.h:35:2:[m[K [01;35m[Kwarning: [m[K#warning This header is obsolete, please include tf2_geometry_msgs/tf2_geometry_msgs.hpp instead [[01;35m[K-Wcpp[m[K]
   35 | #[01;35m[Kwarning[m[K This header is obsolete, please include tf2_geometry_msgs/tf2_geometry_msgs.hpp instead
      |  [01;35m[K^~~~~~~[m[K
[01m[K/home/ros/ws_me462/src/ME462RobotControl/zenpool_draw_letter/src/zenpool_draw_letter.cpp:109:49:[m[K [01;35m[Kwarning: [m[Kuse of ‘[01m[Kauto[m[K’ in parameter declaration only available with ‘[01m[K-std=c++20[m[K’ or ‘[01m[K-fconcepts[m[K’
  109 |                   const rclcpp::Logger& logger, [01;35m[Kauto[m[K& draw_traj, auto& mvt, auto& prompt, const std::string& label) {
      |                                                 [01;35m[K^~~~[m[K
[01m[K/home/ros/ws_me462/src/ME462RobotControl/zenpool_draw_letter/src/zenpool_draw_letter.cpp:109:66:[m[K [01;35m[Kwarning: [m[Kuse of ‘[01m[Kauto[m[K’ in parameter declaration only available with ‘[01m[K-std=c++20[m[K’ or ‘[01m[K-fconcepts[m[K’
  109 |                   const rclcpp::Logger& logger, auto& draw_traj, [01;35m[Kauto[m[K& mvt, auto& prompt, const std::string& label) {
      |                                                                  [01;35m[K^~~~[m[K
[01m[K/home/ros/ws_me462/src/ME462RobotControl/zenpool_draw_letter/src/zenpool_draw_letter.cpp:109:77:[m[K [01;35m[Kwarning: [m[Kuse of ‘[01m[Kauto[m[K’ in parameter declaration only available with ‘[01m[K-std=c++20[m[K’ or ‘[01m[K-fconcepts[m[K’
  109 |                   const rclcpp::Logger& logger, auto& draw_traj, auto& mvt, [01;35m[Kauto[m[K& prompt, const std::string& label) {
      |                                                                             [01;35m[K^~~~[m[K
[01m[K/home/ros/ws_me462/src/ME462RobotControl/zenpool_draw_letter/src/zenpool_draw_letter.cpp:130:62:[m[K [01;35m[Kwarning: [m[Kuse of ‘[01m[Kauto[m[K’ in parameter declaration only available with ‘[01m[K-std=c++20[m[K’ or ‘[01m[K-fconcepts[m[K’
  130 |                                const rclcpp::Logger& logger, [01;35m[Kauto[m[K& draw_traj, auto& mvt, auto& prompt,
      |                                                              [01;35m[K^~~~[m[K
[01m[K/home/ros/ws_me462/src/ME462RobotControl/zenpool_draw_letter/src/zenpool_draw_letter.cpp:130:79:[m[K [01;35m[Kwarning: [m[Kuse of ‘[01m[Kauto[m[K’ in parameter declaration only available with ‘[01m[K-std=c++20[m[K’ or ‘[01m[K-fconcepts[m[K’
  130 |                                const rclcpp::Logger& logger, auto& draw_traj, [01;35m[Kauto[m[K& mvt, auto& prompt,
      |                                                                               [01;35m[K^~~~[m[K
[01m[K/home/ros/ws_me462/src/ME462RobotControl/zenpool_draw_letter/src/zenpool_draw_letter.cpp:130:90:[m[K [01;35m[Kwarning: [m[Kuse of ‘[01m[Kauto[m[K’ in parameter declaration only available with ‘[01m[K-std=c++20[m[K’ or ‘[01m[K-fconcepts[m[K’
  130 |                                const rclcpp::Logger& logger, auto& draw_traj, auto& mvt, [01;35m[Kauto[m[K& prompt,
      |                                                                                          [01;35m[K^~~~[m[K
[01m[K/home/ros/ws_me462/src/ME462RobotControl/zenpool_draw_letter/src/zenpool_draw_letter.cpp:162:53:[m[K [01;35m[Kwarning: [m[Kuse of ‘[01m[Kauto[m[K’ in parameter declaration only available with ‘[01m[K-std=c++20[m[K’ or ‘[01m[K-fconcepts[m[K’
  162 |                       const rclcpp::Logger& logger, [01;35m[Kauto[m[K& draw_traj, auto& mvt, auto& prompt,
      |                                                     [01;35m[K^~~~[m[K
[01m[K/home/ros/ws_me462/src/ME462RobotControl/zenpool_draw_letter/src/zenpool_draw_letter.cpp:162:70:[m[K [01;35m[Kwarning: [m[Kuse of ‘[01m[Kauto[m[K’ in parameter declaration only available with ‘[01m[K-std=c++20[m[K’ or ‘[01m[K-fconcepts[m[K’
  162 |                       const rclcpp::Logger& logger, auto& draw_traj, [01;35m[Kauto[m[K& mvt, auto& prompt,
      |                                                                      [01;35m[K^~~~[m[K
[01m[K/home/ros/ws_me462/src/ME462RobotControl/zenpool_draw_letter/src/zenpool_draw_letter.cpp:162:81:[m[K [01;35m[Kwarning: [m[Kuse of ‘[01m[Kauto[m[K’ in parameter declaration only available with ‘[01m[K-std=c++20[m[K’ or ‘[01m[K-fconcepts[m[K’
  162 |                       const rclcpp::Logger& logger, auto& draw_traj, auto& mvt, [01;35m[Kauto[m[K& prompt,
      |                                                                                 [01;35m[K^~~~[m[K
[01m[K/home/ros/ws_me462/src/ME462RobotControl/zenpool_draw_letter/src/zenpool_draw_letter.cpp:185:49:[m[K [01;35m[Kwarning: [m[Kuse of ‘[01m[Kauto[m[K’ in parameter declaration only available with ‘[01m[K-std=c++20[m[K’ or ‘[01m[K-fconcepts[m[K’
  185 |                   const rclcpp::Logger& logger, [01;35m[Kauto[m[K& draw_traj, auto& mvt, auto& prompt, const std::string& label) {
      |                                                 [01;35m[K^~~~[m[K
[01m[K/home/ros/ws_me462/src/ME462RobotControl/zenpool_draw_letter/src/zenpool_draw_letter.cpp:185:66:[m[K [01;35m[Kwarning: [m[Kuse of ‘[01m[Kauto[m[K’ in parameter declaration only available with ‘[01m[K-std=c++20[m[K’ or ‘[01m[K-fconcepts[m[K’
  185 |                   const rclcpp::Logger& logger, auto& draw_traj, [01;35m[Kauto[m[K& mvt, auto& prompt, const std::string& label) {
      |                                                                  [01;35m[K^~~~[m[K
[01m[K/home/ros/ws_me462/src/ME462RobotControl/zenpool_draw_letter/src/zenpool_draw_letter.cpp:185:77:[m[K [01;35m[Kwarning: [m[Kuse of ‘[01m[Kauto[m[K’ in parameter declaration only available with ‘[01m[K-std=c++20[m[K’ or ‘[01m[K-fconcepts[m[K’
  185 |                   const rclcpp::Logger& logger, auto& draw_traj, auto& mvt, [01;35m[Kauto[m[K& prompt, const std::string& label) {
      |                                                                             [01;35m[K^~~~[m[K
[01m[K/home/ros/ws_me462/src/ME462RobotControl/zenpool_draw_letter/src/zenpool_draw_letter.cpp:205:54:[m[K [01;35m[Kwarning: [m[Kuse of ‘[01m[Kauto[m[K’ in parameter declaration only available with ‘[01m[K-std=c++20[m[K’ or ‘[01m[K-fconcepts[m[K’
  205 |                        const rclcpp::Logger& logger, [01;35m[Kauto[m[K& draw_traj, auto& mvt, auto& prompt,
      |                                                      [01;35m[K^~~~[m[K
[01m[K/home/ros/ws_me462/src/ME462RobotControl/zenpool_draw_letter/src/zenpool_draw_letter.cpp:205:71:[m[K [01;35m[Kwarning: [m[Kuse of ‘[01m[Kauto[m[K’ in parameter declaration only available with ‘[01m[K-std=c++20[m[K’ or ‘[01m[K-fconcepts[m[K’
  205 |                        const rclcpp::Logger& logger, auto& draw_traj, [01;35m[Kauto[m[K& mvt, auto& prompt,
      |                                                                       [01;35m[K^~~~[m[K
[01m[K/home/ros/ws_me462/src/ME462RobotControl/zenpool_draw_letter/src/zenpool_draw_letter.cpp:205:82:[m[K [01;35m[Kwarning: [m[Kuse of ‘[01m[Kauto[m[K’ in parameter declaration only available with ‘[01m[K-std=c++20[m[K’ or ‘[01m[K-fconcepts[m[K’
  205 |                        const rclcpp::Logger& logger, auto& draw_traj, auto& mvt, [01;35m[Kauto[m[K& prompt,
      |                                                                                  [01;35m[K^~~~[m[K
[01m[K/home/ros/ws_me462/src/ME462RobotControl/zenpool_draw_letter/src/zenpool_draw_letter.cpp:267:55:[m[K [01;35m[Kwarning: [m[Kuse of ‘[01m[Kauto[m[K’ in parameter declaration only available with ‘[01m[K-std=c++20[m[K’ or ‘[01m[K-fconcepts[m[K’
  267 |                         const rclcpp::Logger& logger, [01;35m[Kauto[m[K& draw_traj, auto& mvt, auto& prompt,
      |                                                       [01;35m[K^~~~[m[K
[01m[K/home/ros/ws_me462/src/ME462RobotControl/zenpool_draw_letter/src/zenpool_draw_letter.cpp:267:72:[m[K [01;35m[Kwarning: [m[Kuse of ‘[01m[Kauto[m[K’ in parameter declaration only available with ‘[01m[K-std=c++20[m[K’ or ‘[01m[K-fconcepts[m[K’
  267 |                         const rclcpp::Logger& logger, auto& draw_traj, [01;35m[Kauto[m[K& mvt, auto& prompt,
      |                                                                        [01;35m[K^~~~[m[K
[01m[K/home/ros/ws_me462/src/ME462RobotControl/zenpool_draw_letter/src/zenpool_draw_letter.cpp:267:83:[m[K [01;35m[Kwarning: [m[Kuse of ‘[01m[Kauto[m[K’ in parameter declaration only available with ‘[01m[K-std=c++20[m[K’ or ‘[01m[K-fconcepts[m[K’
  267 |                         const rclcpp::Logger& logger, auto& draw_traj, auto& mvt, [01;35m[Kauto[m[K& prompt,
      |                                                                                   [01;35m[K^~~~[m[K
[01m[K/home/ros/ws_me462/src/ME462RobotControl/zenpool_draw_letter/src/zenpool_draw_servo.cpp:115:49:[m[K [01;35m[Kwarning: [m[Kuse of ‘[01m[Kauto[m[K’ in parameter declaration only available with ‘[01m[K-std=c++20[m[K’ or ‘[01m[K-fconcepts[m[K’
  115 |                   const rclcpp::Logger& logger, [01;35m[Kauto[m[K& prompt, const std::string& label) {
      |                                                 [01;35m[K^~~~[m[K
[01m[K/home/ros/ws_me462/src/ME462RobotControl/zenpool_draw_letter/src/zenpool_draw_servo.cpp:189:181:[m[K [01;35m[Kwarning: [m[Kuse of ‘[01m[Kauto[m[K’ in parameter declaration only available with ‘[01m[K-std=c++20[m[K’ or ‘[01m[K-fconcepts[m[K’
  189 | bool executeTrajectoryServo(rclcpp::Node::SharedPtr node, const moveit_msgs::msg::RobotTrajectory& traj, const std::vector<std::string>& joint_names, const rclcpp::Logger& logger, [01;35m[Kauto[m[K& prompt, const std::string& label) {
      |                                                                                                                                                                                     [01;35m[K^~~~[m[K
[01m[K/home/ros/ws_me462/src/ME462RobotControl/zenpool_draw_letter/src/zenpool_draw_servo.cpp:261:53:[m[K [01;35m[Kwarning: [m[Kuse of ‘[01m[Kauto[m[K’ in parameter declaration only available with ‘[01m[K-std=c++20[m[K’ or ‘[01m[K-fconcepts[m[K’
  261 |                       const rclcpp::Logger& logger, [01;35m[Kauto[m[K& prompt, const std::string& label) {
      |                                                     [01;35m[K^~~~[m[K
[01m[K/home/ros/ws_me462/src/ME462RobotControl/zenpool_draw_letter/src/zenpool_draw_servo.cpp:285:54:[m[K [01;35m[Kwarning: [m[Kuse of ‘[01m[Kauto[m[K’ in parameter declaration only available with ‘[01m[K-std=c++20[m[K’ or ‘[01m[K-fconcepts[m[K’
  285 |                        const rclcpp::Logger& logger, [01;35m[Kauto[m[K& prompt)
      |                                                      [01;35m[K^~~~[m[K
[01m[K/home/ros/ws_me462/src/ME462RobotControl/zenpool_draw_letter/src/zenpool_draw_servo.cpp:321:55:[m[K [01;35m[Kwarning: [m[Kuse of ‘[01m[Kauto[m[K’ in parameter declaration only available with ‘[01m[K-std=c++20[m[K’ or ‘[01m[K-fconcepts[m[K’
  321 |                         const rclcpp::Logger& logger, [01;35m[Kauto[m[K& prompt)
      |                                                       [01;35m[K^~~~[m[K
[01m[K/home/ros/ws_me462/src/ME462RobotControl/zenpool_draw_letter/src/zenpool_draw_servo.cpp:[m[K In function ‘[01m[Kint main(int, char**)[m[K’:
[01m[K/home/ros/ws_me462/src/ME462RobotControl/zenpool_draw_letter/src/zenpool_draw_servo.cpp:419:14:[m[K [01;35m[Kwarning: [m[Kvariable ‘[01m[Kdraw_traj[m[K’ set but not used [[01;35m[K-Wunused-but-set-variable[m[K]
  419 |   auto const [01;35m[Kdraw_traj[m[K = [&moveit_visual_tools, jmg = move_group_interface.getRobotModel()->getJointModelGroup("ur_arm")](auto const traj) {
      |              [01;35m[K^~~~~~~~~[m[K
/home/ros/ws_me462/src/ME462RobotControl/zenpool_draw_letter/src/zenpool_draw_letter.cpp: In instantiation of ‘[01m[Kbool executeNamed(moveit::planning_interface::MoveGroupInterface&, const string&, const rclcpp::Logger&, auto:49&, auto:50&, auto:51&, const string&) [with auto:49 = const main(int, char**)::<lambda(auto:59)>; auto:50 = moveit_visual_tools::MoveItVisualTools; auto:51 = const main(int, char**)::<lambda(auto:58)>; std::string = std::__cxx11::basic_string<char>][m[K’:
[01m[K/home/ros/ws_me462/src/ME462RobotControl/zenpool_draw_letter/src/zenpool_draw_letter.cpp:445:15:[m[K   required from here
[01m[K/home/ros/ws_me462/src/ME462RobotControl/zenpool_draw_letter/src/zenpool_draw_letter.cpp:185:41:[m[K [01;35m[Kwarning: [m[Kunused parameter ‘[01m[Klogger[m[K’ [[01;35m[K-Wunused-parameter[m[K]
  185 |                   [01;35m[Kconst rclcpp::Logger& logger[m[K, auto& draw_traj, auto& mvt, auto& prompt, const std::string& label) {
      |                   [01;35m[K~~~~~~~~~~~~~~~~~~~~~~^~~~~~[m[K
/home/ros/ws_me462/src/ME462RobotControl/zenpool_draw_letter/src/zenpool_draw_servo.cpp: In instantiation of ‘[01m[Kbool executeTrajectoryServo(rclcpp::Node::SharedPtr, const RobotTrajectory&, const std::vector<std::__cxx11::basic_string<char> >&, const rclcpp::Logger&, auto:41&, const string&) [with auto:41 = const main(int, char**)::<lambda(auto:45)>; rclcpp::Node::SharedPtr = std::shared_ptr<rclcpp::Node>; moveit_msgs::msg::RobotTrajectory = moveit_msgs::msg::RobotTrajectory_<std::allocator<void> >; std::string = std::__cxx11::basic_string<char>][m[K’:
[01m[K/home/ros/ws_me462/src/ME462RobotControl/zenpool_draw_letter/src/zenpool_draw_servo.cpp:281:32:[m[K   required from ‘[01m[Kbool executeCartesianServo(rclcpp::Node::SharedPtr, moveit::planning_interface::MoveGroupInterface&, const std::vector<double>&, const rclcpp::Logger&, auto:42&, const string&) [with auto:42 = const main(int, char**)::<lambda(auto:45)>; rclcpp::Node::SharedPtr = std::shared_ptr<rclcpp::Node>; std::string = std::__cxx11::basic_string<char>][m[K’
[01m[K/home/ros/ws_me462/src/ME462RobotControl/zenpool_draw_letter/src/zenpool_draw_servo.cpp:444:24:[m[K   required from here
[01m[K/home/ros/ws_me462/src/ME462RobotControl/zenpool_draw_letter/src/zenpool_draw_servo.cpp:189:173:[m[K [01;35m[Kwarning: [m[Kunused parameter ‘[01m[Klogger[m[K’ [[01;35m[K-Wunused-parameter[m[K]
  189 | bool executeTrajectoryServo(rclcpp::Node::SharedPtr node, const moveit_msgs::msg::RobotTrajectory& traj, const std::vector<std::string>& joint_names, [01;35m[Kconst rclcpp::Logger& logger[m[K, auto& prompt, const std::string& label) {
      |                                                                                                                                                       [01;35m[K~~~~~~~~~~~~~~~~~~~~~~^~~~~~[m[K
[ 66%] [32m[1mLinking CXX executable zenpool_teleop_servo[0m
[ 83%] [32m[1mLinking CXX executable zenpool_draw_letter[0m
[ 83%] Built target zenpool_teleop_servo
[ 83%] Built target zenpool_draw_letter
[100%] [32m[1mLinking CXX executable zenpool_draw_servo[0m
[100%] Built target zenpool_draw_servo
-- Install configuration: ""
-- Execute custom install script
-- Symlinking: /home/ros/ws_me462/install/zenpool_draw_letter/lib/zenpool_draw_letter/zenpool_draw_letter
-- Symlinking: /home/ros/ws_me462/install/zenpool_draw_letter/lib/zenpool_draw_letter/zenpool_draw_servo
-- Symlinking: /home/ros/ws_me462/install/zenpool_draw_letter/lib/zenpool_draw_letter/zenpool_teleop_servo
-- Symlinking: /home/ros/ws_me462/install/zenpool_draw_letter/lib/zenpool_draw_letter/face_tracker_servo.py
-- Symlinking: /home/ros/ws_me462/install/zenpool_draw_letter/share/ament_index/resource_index/package_run_dependencies/zenpool_draw_letter
-- Symlinking: /home/ros/ws_me462/install/zenpool_draw_letter/share/ament_index/resource_index/parent_prefix_path/zenpool_draw_letter
-- Symlinking: /home/ros/ws_me462/install/zenpool_draw_letter/share/zenpool_draw_letter/environment/ament_prefix_path.sh
-- Symlinking: /home/ros/ws_me462/install/zenpool_draw_letter/share/zenpool_draw_letter/environment/ament_prefix_path.dsv
-- Symlinking: /home/ros/ws_me462/install/zenpool_draw_letter/share/zenpool_draw_letter/environment/path.sh
-- Symlinking: /home/ros/ws_me462/install/zenpool_draw_letter/share/zenpool_draw_letter/environment/path.dsv
-- Symlinking: /home/ros/ws_me462/install/zenpool_draw_letter/share/zenpool_draw_letter/local_setup.bash
-- Symlinking: /home/ros/ws_me462/install/zenpool_draw_letter/share/zenpool_draw_letter/local_setup.sh
-- Symlinking: /home/ros/ws_me462/install/zenpool_draw_letter/share/zenpool_draw_letter/local_setup.zsh
-- Symlinking: /home/ros/ws_me462/install/zenpool_draw_letter/share/zenpool_draw_letter/local_setup.dsv
-- Symlinking: /home/ros/ws_me462/install/zenpool_draw_letter/share/zenpool_draw_letter/package.dsv
-- Symlinking: /home/ros/ws_me462/install/zenpool_draw_letter/share/ament_index/resource_index/packages/zenpool_draw_letter
-- Symlinking: /home/ros/ws_me462/install/zenpool_draw_letter/share/zenpool_draw_letter/cmake/zenpool_draw_letterConfig.cmake
-- Symlinking: /home/ros/ws_me462/install/zenpool_draw_letter/share/zenpool_draw_letter/cmake/zenpool_draw_letterConfig-version.cmake
-- Symlinking: /home/ros/ws_me462/install/zenpool_draw_letter/share/zenpool_draw_letter/package.xml
