[0.000000] (-) TimerEvent: {}
[0.000532] (-) JobUnselected: {'identifier': 'my_robot_cell_control'}
[0.000600] (-) JobUnselected: {'identifier': 'my_robot_cell_description'}
[0.000631] (-) JobUnselected: {'identifier': 'my_robot_cell_moveit_config'}
[0.000654] (-) JobUnselected: {'identifier': 'tutan_gripper'}
[0.000690] (zenpool_draw_letter) JobQueued: {'identifier': 'zenpool_draw_letter', 'dependencies': OrderedDict()}
[0.001786] (zenpool_draw_letter) JobStarted: {'identifier': 'zenpool_draw_letter'}
[0.064635] (zenpool_draw_letter) JobProgress: {'identifier': 'zenpool_draw_letter', 'progress': 'cmake'}
[0.072935] (zenpool_draw_letter) JobProgress: {'identifier': 'zenpool_draw_letter', 'progress': 'build'}
[0.076466] (zenpool_draw_letter) Command: {'cmd': ['/usr/bin/cmake', '--build', '/home/ros/ws_me462/build/zenpool_draw_letter', '--', '-j4', '-l4'], 'cwd': '/home/ros/ws_me462/build/zenpool_draw_letter', 'env': OrderedDict([('HOSTNAME', 'deniz-pi500'), ('SHLVL', '1'), ('LD_LIBRARY_PATH', '/opt/ros/humble/opt/rviz_ogre_vendor/lib:/opt/ros/humble/lib/aarch64-linux-gnu:/opt/ros/humble/lib'), ('HOME', '/home/ros'), ('OLDPWD', '/home/ros/ws_me462'), ('ROS_PYTHON_VERSION', '3'), ('COLCON_PREFIX_PATH', '/home/ros/ws_me462/install'), ('ROS_DISTRO', 'humble'), ('_', '/usr/bin/colcon'), ('ROS_VERSION', '2'), ('TERM', 'xterm'), ('ROS_LOCALHOST_ONLY', '0'), ('PATH', '/opt/ros/humble/bin:/usr/local/sbin:/usr/local/bin:/usr/sbin:/usr/bin:/sbin:/bin'), ('DISPLAY', ':0'), ('LANG', 'C.UTF-8'), ('AMENT_PREFIX_PATH', '/home/ros/ws_me462/install/zenpool_draw_letter:/home/ros/ws_me462/install/tutan_gripper:/home/ros/ws_me462/install/my_robot_cell_moveit_config:/home/ros/ws_me462/install/my_robot_cell_control:/home/ros/ws_me462/install/my_robot_cell_description:/opt/ros/humble'), ('PWD', '/home/ros/ws_me462/build/zenpool_draw_letter'), ('LC_ALL', 'C.UTF-8'), ('PYTHONPATH', '/home/ros/ws_me462/build/tutan_gripper:/home/ros/ws_me462/install/tutan_gripper/lib/python3.10/site-packages:/opt/ros/humble/lib/python3.10/site-packages:/opt/ros/humble/local/lib/python3.10/dist-packages'), ('COLCON', '1'), ('CMAKE_PREFIX_PATH', '/home/ros/ws_me462/install/zenpool_draw_letter:/home/ros/ws_me462/install/my_robot_cell_moveit_config:/home/ros/ws_me462/install/my_robot_cell_control:/home/ros/ws_me462/install/my_robot_cell_description:/home/ros/ws_me462/install/tutan_gripper:/opt/ros/humble')]), 'shell': False}
[0.099700] (-) TimerEvent: {}
[0.200762] (-) TimerEvent: {}
[0.301209] (-) TimerEvent: {}
[0.304758] (zenpool_draw_letter) StdoutLine: {'line': b'[ 33%] Built target zenpool_draw_letter\n'}
[0.401376] (-) TimerEvent: {}
[0.418426] (zenpool_draw_letter) StdoutLine: {'line': b'[ 66%] Built target zenpool_teleop_servo\n'}
[0.496692] (zenpool_draw_letter) StderrLine: {'line': b'gmake[1]: *** [CMakeFiles/Makefile2:167: CMakeFiles/zenpool_draw_servo.dir/all] Interrupt\n'}
[0.497856] (zenpool_draw_letter) StderrLine: {'line': b'gmake: *** [Makefile:146: all] Interrupt\n'}
[0.502612] (-) TimerEvent: {}
[0.514638] (zenpool_draw_letter) CommandEnded: {'returncode': -2}
[0.600143] (zenpool_draw_letter) JobEnded: {'identifier': 'zenpool_draw_letter', 'rc': 'SIGINT'}
[0.602641] (-) TimerEvent: {}
[0.612031] (-) EventReactorShutdown: {}
