[0.000000] (-) TimerEvent: {}
[0.001596] (my_robot_cell_description) JobQueued: {'identifier': 'my_robot_cell_description', 'dependencies': OrderedDict()}
[0.002085] (robot_head_ros) JobQueued: {'identifier': 'robot_head_ros', 'dependencies': OrderedDict()}
[0.002127] (tutan_gripper) JobQueued: {'identifier': 'tutan_gripper', 'dependencies': OrderedDict()}
[0.002683] (zenpool_draw_letter) JobQueued: {'identifier': 'zenpool_draw_letter', 'dependencies': OrderedDict()}
[0.002861] (my_robot_cell_control) JobQueued: {'identifier': 'my_robot_cell_control', 'dependencies': OrderedDict([('my_robot_cell_description', '/home/ros/ws_me462/install/my_robot_cell_description')])}
[0.003444] (my_robot_cell_moveit_config) JobQueued: {'identifier': 'my_robot_cell_moveit_config', 'dependencies': OrderedDict([('my_robot_cell_description', '/home/ros/ws_me462/install/my_robot_cell_description')])}
[0.003700] (my_robot_cell_description) JobStarted: {'identifier': 'my_robot_cell_description'}
[0.068703] (robot_head_ros) JobStarted: {'identifier': 'robot_head_ros'}
[0.100413] (-) TimerEvent: {}
[0.108844] (tutan_gripper) JobStarted: {'identifier': 'tutan_gripper'}
[0.135434] (zenpool_draw_letter) JobStarted: {'identifier': 'zenpool_draw_letter'}
[0.230779] (-) TimerEvent: {}
[0.233312] (my_robot_cell_description) JobProgress: {'identifier': 'my_robot_cell_description', 'progress': 'cmake'}
[0.237557] (my_robot_cell_description) JobProgress: {'identifier': 'my_robot_cell_description', 'progress': 'build'}
[0.239076] (my_robot_cell_description) Command: {'cmd': ['/usr/bin/cmake', '--build', '/home/ros/ws_me462/build/my_robot_cell_description', '--', '-j4', '-l4'], 'cwd': '/home/ros/ws_me462/build/my_robot_cell_description', 'env': OrderedDict([('HOSTNAME', 'deniz-pi500'), ('SHLVL', '1'), ('LD_LIBRARY_PATH', '/opt/ros/humble/opt/rviz_ogre_vendor/lib:/opt/ros/humble/lib/aarch64-linux-gnu:/opt/ros/humble/lib'), ('HOME', '/home/ros'), ('OLDPWD', '/home/ros'), ('ROS_PYTHON_VERSION', '3'), ('COLCON_PREFIX_PATH', '/home/ros/ws_me462/install'), ('ROS_DISTRO', 'humble'), ('_', '/usr/bin/colcon'), ('ROS_VERSION', '2'), ('TERM', 'xterm'), ('ROS_LOCALHOST_ONLY', '0'), ('PATH', '/opt/ros/humble/bin:/usr/local/sbin:/usr/local/bin:/usr/sbin:/usr/bin:/sbin:/bin'), ('DISPLAY', ':0'), ('LANG', 'C.UTF-8'), ('AMENT_PREFIX_PATH', '/home/ros/ws_me462/install/zenpool_draw_letter:/home/ros/ws_me462/install/tutan_gripper:/home/ros/ws_me462/install/robot_head_ros:/home/ros/ws_me462/install/my_robot_cell_moveit_config:/home/ros/ws_me462/install/my_robot_cell_control:/home/ros/ws_me462/install/my_robot_cell_description:/opt/ros/humble'), ('PWD', '/home/ros/ws_me462/build/my_robot_cell_description'), ('LC_ALL', 'C.UTF-8'), ('PYTHONPATH', '/home/ros/ws_me462/build/tutan_gripper:/home/ros/ws_me462/install/tutan_gripper/lib/python3.10/site-packages:/home/ros/ws_me462/build/robot_head_ros:/home/ros/ws_me462/install/robot_head_ros/lib/python3.10/site-packages:/opt/ros/humble/lib/python3.10/site-packages:/opt/ros/humble/local/lib/python3.10/dist-packages'), ('COLCON', '1'), ('CMAKE_PREFIX_PATH', '/home/ros/ws_me462/install/zenpool_draw_letter:/home/ros/ws_me462/install/my_robot_cell_moveit_config:/home/ros/ws_me462/install/my_robot_cell_control:/home/ros/ws_me462/install/my_robot_cell_description:/home/ros/ws_me462/install/tutan_gripper:/home/ros/ws_me462/install/robot_head_ros:/opt/ros/humble')]), 'shell': False}
[0.331048] (-) TimerEvent: {}
[0.432131] (-) TimerEvent: {}
[0.533539] (-) TimerEvent: {}
[0.634676] (-) TimerEvent: {}
[0.737406] (-) TimerEvent: {}
[0.844991] (-) TimerEvent: {}
[0.945917] (-) TimerEvent: {}
[1.047700] (-) TimerEvent: {}
[1.159284] (-) TimerEvent: {}
[1.261243] (-) TimerEvent: {}
[1.362062] (-) TimerEvent: {}
[1.463938] (-) TimerEvent: {}
[1.568964] (-) TimerEvent: {}
[1.671296] (-) TimerEvent: {}
[1.773338] (-) TimerEvent: {}
[1.874690] (-) TimerEvent: {}
[1.906539] (zenpool_draw_letter) JobProgress: {'identifier': 'zenpool_draw_letter', 'progress': 'cmake'}
[1.909955] (zenpool_draw_letter) JobProgress: {'identifier': 'zenpool_draw_letter', 'progress': 'build'}
[1.911456] (zenpool_draw_letter) Command: {'cmd': ['/usr/bin/cmake', '--build', '/home/ros/ws_me462/build/zenpool_draw_letter', '--', '-j4', '-l4'], 'cwd': '/home/ros/ws_me462/build/zenpool_draw_letter', 'env': OrderedDict([('HOSTNAME', 'deniz-pi500'), ('SHLVL', '1'), ('LD_LIBRARY_PATH', '/opt/ros/humble/opt/rviz_ogre_vendor/lib:/opt/ros/humble/lib/aarch64-linux-gnu:/opt/ros/humble/lib'), ('HOME', '/home/ros'), ('OLDPWD', '/home/ros'), ('ROS_PYTHON_VERSION', '3'), ('COLCON_PREFIX_PATH', '/home/ros/ws_me462/install'), ('ROS_DISTRO', 'humble'), ('_', '/usr/bin/colcon'), ('ROS_VERSION', '2'), ('TERM', 'xterm'), ('ROS_LOCALHOST_ONLY', '0'), ('PATH', '/opt/ros/humble/bin:/usr/local/sbin:/usr/local/bin:/usr/sbin:/usr/bin:/sbin:/bin'), ('DISPLAY', ':0'), ('LANG', 'C.UTF-8'), ('AMENT_PREFIX_PATH', '/home/ros/ws_me462/install/zenpool_draw_letter:/home/ros/ws_me462/install/tutan_gripper:/home/ros/ws_me462/install/robot_head_ros:/home/ros/ws_me462/install/my_robot_cell_moveit_config:/home/ros/ws_me462/install/my_robot_cell_control:/home/ros/ws_me462/install/my_robot_cell_description:/opt/ros/humble'), ('PWD', '/home/ros/ws_me462/build/zenpool_draw_letter'), ('LC_ALL', 'C.UTF-8'), ('PYTHONPATH', '/home/ros/ws_me462/build/tutan_gripper:/home/ros/ws_me462/install/tutan_gripper/lib/python3.10/site-packages:/home/ros/ws_me462/build/robot_head_ros:/home/ros/ws_me462/install/robot_head_ros/lib/python3.10/site-packages:/opt/ros/humble/lib/python3.10/site-packages:/opt/ros/humble/local/lib/python3.10/dist-packages'), ('COLCON', '1'), ('CMAKE_PREFIX_PATH', '/home/ros/ws_me462/install/zenpool_draw_letter:/home/ros/ws_me462/install/my_robot_cell_moveit_config:/home/ros/ws_me462/install/my_robot_cell_control:/home/ros/ws_me462/install/my_robot_cell_description:/home/ros/ws_me462/install/tutan_gripper:/home/ros/ws_me462/install/robot_head_ros:/opt/ros/humble')]), 'shell': False}
[1.922025] (my_robot_cell_description) CommandEnded: {'returncode': 0}
[1.924858] (my_robot_cell_description) JobProgress: {'identifier': 'my_robot_cell_description', 'progress': 'install'}
[1.976777] (-) TimerEvent: {}
[1.979216] (my_robot_cell_description) Command: {'cmd': ['/usr/bin/cmake', '--install', '/home/ros/ws_me462/build/my_robot_cell_description'], 'cwd': '/home/ros/ws_me462/build/my_robot_cell_description', 'env': OrderedDict([('HOSTNAME', 'deniz-pi500'), ('SHLVL', '1'), ('LD_LIBRARY_PATH', '/opt/ros/humble/opt/rviz_ogre_vendor/lib:/opt/ros/humble/lib/aarch64-linux-gnu:/opt/ros/humble/lib'), ('HOME', '/home/ros'), ('OLDPWD', '/home/ros'), ('ROS_PYTHON_VERSION', '3'), ('COLCON_PREFIX_PATH', '/home/ros/ws_me462/install'), ('ROS_DISTRO', 'humble'), ('_', '/usr/bin/colcon'), ('ROS_VERSION', '2'), ('TERM', 'xterm'), ('ROS_LOCALHOST_ONLY', '0'), ('PATH', '/opt/ros/humble/bin:/usr/local/sbin:/usr/local/bin:/usr/sbin:/usr/bin:/sbin:/bin'), ('DISPLAY', ':0'), ('LANG', 'C.UTF-8'), ('AMENT_PREFIX_PATH', '/home/ros/ws_me462/install/zenpool_draw_letter:/home/ros/ws_me462/install/tutan_gripper:/home/ros/ws_me462/install/robot_head_ros:/home/ros/ws_me462/install/my_robot_cell_moveit_config:/home/ros/ws_me462/install/my_robot_cell_control:/home/ros/ws_me462/install/my_robot_cell_description:/opt/ros/humble'), ('PWD', '/home/ros/ws_me462/build/my_robot_cell_description'), ('LC_ALL', 'C.UTF-8'), ('PYTHONPATH', '/home/ros/ws_me462/build/tutan_gripper:/home/ros/ws_me462/install/tutan_gripper/lib/python3.10/site-packages:/home/ros/ws_me462/build/robot_head_ros:/home/ros/ws_me462/install/robot_head_ros/lib/python3.10/site-packages:/opt/ros/humble/lib/python3.10/site-packages:/opt/ros/humble/local/lib/python3.10/dist-packages'), ('COLCON', '1'), ('CMAKE_PREFIX_PATH', '/home/ros/ws_me462/install/zenpool_draw_letter:/home/ros/ws_me462/install/my_robot_cell_moveit_config:/home/ros/ws_me462/install/my_robot_cell_control:/home/ros/ws_me462/install/my_robot_cell_description:/home/ros/ws_me462/install/tutan_gripper:/home/ros/ws_me462/install/robot_head_ros:/opt/ros/humble')]), 'shell': False}
[2.029327] (my_robot_cell_description) StdoutLine: {'line': b'-- Install configuration: ""\n'}
[2.029902] (my_robot_cell_description) StdoutLine: {'line': b'-- Execute custom install script\n'}
[2.037307] (my_robot_cell_description) StdoutLine: {'line': b'-- Up-to-date symlink: /home/ros/ws_me462/install/my_robot_cell_description/share/my_robot_cell_description/launch/view_robot.launch.py\n'}
[2.039317] (my_robot_cell_description) StdoutLine: {'line': b'-- Up-to-date symlink: /home/ros/ws_me462/install/my_robot_cell_description/share/my_robot_cell_description/meshes/end_effectors/CleanerTool.stl\n'}
[2.040588] (my_robot_cell_description) StdoutLine: {'line': b'-- Up-to-date symlink: /home/ros/ws_me462/install/my_robot_cell_description/share/my_robot_cell_description/meshes/end_effectors/PenTool.stl\n'}
[2.040754] (my_robot_cell_description) StdoutLine: {'line': b'-- Up-to-date symlink: /home/ros/ws_me462/install/my_robot_cell_description/share/my_robot_cell_description/meshes/end_effectors/tutan-khamun.stl\n'}
[2.040878] (my_robot_cell_description) StdoutLine: {'line': b'-- Up-to-date symlink: /home/ros/ws_me462/install/my_robot_cell_description/share/my_robot_cell_description/meshes/environment/ZenPoolWithToolBox.stl\n'}
[2.040996] (my_robot_cell_description) StdoutLine: {'line': b'-- Up-to-date symlink: /home/ros/ws_me462/install/my_robot_cell_description/share/my_robot_cell_description/meshes/environment/ZenPoolWithToolBoxCollision.stl\n'}
[2.041095] (my_robot_cell_description) StdoutLine: {'line': b'-- Up-to-date symlink: /home/ros/ws_me462/install/my_robot_cell_description/share/my_robot_cell_description/meshes/tool_changer/ToolChangerArmSide.stl\n'}
[2.042870] (my_robot_cell_description) StdoutLine: {'line': b'-- Up-to-date symlink: /home/ros/ws_me462/install/my_robot_cell_description/share/my_robot_cell_description/rviz/urdf.rviz\n'}
[2.043804] (my_robot_cell_description) StdoutLine: {'line': b'-- Up-to-date symlink: /home/ros/ws_me462/install/my_robot_cell_description/share/my_robot_cell_description/urdf/my_robot_cell.urdf.xacro\n'}
[2.043923] (my_robot_cell_description) StdoutLine: {'line': b'-- Up-to-date symlink: /home/ros/ws_me462/install/my_robot_cell_description/share/my_robot_cell_description/urdf/my_robot_cell_macro.xacro\n'}
[2.044007] (my_robot_cell_description) StdoutLine: {'line': b'-- Up-to-date symlink: /home/ros/ws_me462/install/my_robot_cell_description/share/ament_index/resource_index/package_run_dependencies/my_robot_cell_description\n'}
[2.044093] (my_robot_cell_description) StdoutLine: {'line': b'-- Up-to-date symlink: /home/ros/ws_me462/install/my_robot_cell_description/share/ament_index/resource_index/parent_prefix_path/my_robot_cell_description\n'}
[2.049589] (my_robot_cell_description) StdoutLine: {'line': b'-- Up-to-date symlink: /home/ros/ws_me462/install/my_robot_cell_description/share/my_robot_cell_description/environment/ament_prefix_path.sh\n'}
[2.050131] (my_robot_cell_description) StdoutLine: {'line': b'-- Up-to-date symlink: /home/ros/ws_me462/install/my_robot_cell_description/share/my_robot_cell_description/environment/ament_prefix_path.dsv\n'}
[2.052458] (my_robot_cell_description) StdoutLine: {'line': b'-- Up-to-date symlink: /home/ros/ws_me462/install/my_robot_cell_description/share/my_robot_cell_description/environment/path.sh\n'}
[2.058759] (my_robot_cell_description) StdoutLine: {'line': b'-- Up-to-date symlink: /home/ros/ws_me462/install/my_robot_cell_description/share/my_robot_cell_description/environment/path.dsv\n'}
[2.068931] (my_robot_cell_description) StdoutLine: {'line': b'-- Up-to-date symlink: /home/ros/ws_me462/install/my_robot_cell_description/share/my_robot_cell_description/local_setup.bash\n'}
[2.075759] (my_robot_cell_description) StdoutLine: {'line': b'-- Up-to-date symlink: /home/ros/ws_me462/install/my_robot_cell_description/share/my_robot_cell_description/local_setup.sh\n'}
[2.077826] (-) TimerEvent: {}
[2.083149] (my_robot_cell_description) StdoutLine: {'line': b'-- Up-to-date symlink: /home/ros/ws_me462/install/my_robot_cell_description/share/my_robot_cell_description/local_setup.zsh\n'}
[2.087433] (my_robot_cell_description) StdoutLine: {'line': b'-- Up-to-date symlink: /home/ros/ws_me462/install/my_robot_cell_description/share/my_robot_cell_description/local_setup.dsv\n'}
[2.088612] (my_robot_cell_description) StdoutLine: {'line': b'-- Symlinking: /home/ros/ws_me462/install/my_robot_cell_description/share/my_robot_cell_description/package.dsv\n'}
[2.174457] (my_robot_cell_description) StdoutLine: {'line': b'-- Up-to-date symlink: /home/ros/ws_me462/install/my_robot_cell_description/share/ament_index/resource_index/packages/my_robot_cell_description\n'}
[2.176730] (my_robot_cell_description) StdoutLine: {'line': b'-- Up-to-date symlink: /home/ros/ws_me462/install/my_robot_cell_description/share/my_robot_cell_description/cmake/my_robot_cell_descriptionConfig.cmake\n'}
[2.177076] (my_robot_cell_description) StdoutLine: {'line': b'-- Up-to-date symlink: /home/ros/ws_me462/install/my_robot_cell_description/share/my_robot_cell_description/cmake/my_robot_cell_descriptionConfig-version.cmake\n'}
[2.178568] (-) TimerEvent: {}
[2.179925] (my_robot_cell_description) StdoutLine: {'line': b'-- Up-to-date symlink: /home/ros/ws_me462/install/my_robot_cell_description/share/my_robot_cell_description/package.xml\n'}
[2.194713] (my_robot_cell_description) CommandEnded: {'returncode': 0}
[2.284438] (-) TimerEvent: {}
[2.303917] (zenpool_draw_letter) StdoutLine: {'line': b'[ 33%] Built target zenpool_draw_letter\n'}
[2.387541] (-) TimerEvent: {}
[2.465670] (my_robot_cell_description) JobEnded: {'identifier': 'my_robot_cell_description', 'rc': 0}
[2.477497] (my_robot_cell_control) JobStarted: {'identifier': 'my_robot_cell_control'}
[2.488947] (-) TimerEvent: {}
[2.502674] (zenpool_draw_letter) StdoutLine: {'line': b'[ 66%] Built target zenpool_teleop_servo\n'}
[2.563512] (my_robot_cell_control) JobProgress: {'identifier': 'my_robot_cell_control', 'progress': 'cmake'}
[2.569704] (my_robot_cell_control) JobProgress: {'identifier': 'my_robot_cell_control', 'progress': 'build'}
[2.572772] (my_robot_cell_control) Command: {'cmd': ['/usr/bin/cmake', '--build', '/home/ros/ws_me462/build/my_robot_cell_control', '--', '-j4', '-l4'], 'cwd': '/home/ros/ws_me462/build/my_robot_cell_control', 'env': OrderedDict([('HOSTNAME', 'deniz-pi500'), ('SHLVL', '1'), ('LD_LIBRARY_PATH', '/opt/ros/humble/opt/rviz_ogre_vendor/lib:/opt/ros/humble/lib/aarch64-linux-gnu:/opt/ros/humble/lib'), ('HOME', '/home/ros'), ('OLDPWD', '/home/ros'), ('ROS_PYTHON_VERSION', '3'), ('COLCON_PREFIX_PATH', '/home/ros/ws_me462/install'), ('ROS_DISTRO', 'humble'), ('_', '/usr/bin/colcon'), ('ROS_VERSION', '2'), ('TERM', 'xterm'), ('ROS_LOCALHOST_ONLY', '0'), ('PATH', '/opt/ros/humble/bin:/usr/local/sbin:/usr/local/bin:/usr/sbin:/usr/bin:/sbin:/bin'), ('DISPLAY', ':0'), ('LANG', 'C.UTF-8'), ('AMENT_PREFIX_PATH', '/home/ros/ws_me462/install/zenpool_draw_letter:/home/ros/ws_me462/install/tutan_gripper:/home/ros/ws_me462/install/robot_head_ros:/home/ros/ws_me462/install/my_robot_cell_moveit_config:/home/ros/ws_me462/install/my_robot_cell_control:/home/ros/ws_me462/install/my_robot_cell_description:/opt/ros/humble'), ('PWD', '/home/ros/ws_me462/build/my_robot_cell_control'), ('LC_ALL', 'C.UTF-8'), ('PYTHONPATH', '/home/ros/ws_me462/build/tutan_gripper:/home/ros/ws_me462/install/tutan_gripper/lib/python3.10/site-packages:/home/ros/ws_me462/build/robot_head_ros:/home/ros/ws_me462/install/robot_head_ros/lib/python3.10/site-packages:/opt/ros/humble/lib/python3.10/site-packages:/opt/ros/humble/local/lib/python3.10/dist-packages'), ('COLCON', '1'), ('CMAKE_PREFIX_PATH', '/home/ros/ws_me462/install/my_robot_cell_description:/home/ros/ws_me462/install/zenpool_draw_letter:/home/ros/ws_me462/install/my_robot_cell_moveit_config:/home/ros/ws_me462/install/my_robot_cell_control:/home/ros/ws_me462/install/tutan_gripper:/home/ros/ws_me462/install/robot_head_ros:/opt/ros/humble')]), 'shell': False}
[2.590073] (-) TimerEvent: {}
[2.702174] (-) TimerEvent: {}
[2.806327] (-) TimerEvent: {}
[2.860278] (zenpool_draw_letter) StdoutLine: {'line': b'[100%] Built target zenpool_draw_servo\n'}
[2.906605] (-) TimerEvent: {}
[2.923713] (my_robot_cell_control) CommandEnded: {'returncode': 0}
[2.926971] (my_robot_cell_control) JobProgress: {'identifier': 'my_robot_cell_control', 'progress': 'install'}
[2.927058] (my_robot_cell_control) Command: {'cmd': ['/usr/bin/cmake', '--install', '/home/ros/ws_me462/build/my_robot_cell_control'], 'cwd': '/home/ros/ws_me462/build/my_robot_cell_control', 'env': OrderedDict([('HOSTNAME', 'deniz-pi500'), ('SHLVL', '1'), ('LD_LIBRARY_PATH', '/opt/ros/humble/opt/rviz_ogre_vendor/lib:/opt/ros/humble/lib/aarch64-linux-gnu:/opt/ros/humble/lib'), ('HOME', '/home/ros'), ('OLDPWD', '/home/ros'), ('ROS_PYTHON_VERSION', '3'), ('COLCON_PREFIX_PATH', '/home/ros/ws_me462/install'), ('ROS_DISTRO', 'humble'), ('_', '/usr/bin/colcon'), ('ROS_VERSION', '2'), ('TERM', 'xterm'), ('ROS_LOCALHOST_ONLY', '0'), ('PATH', '/opt/ros/humble/bin:/usr/local/sbin:/usr/local/bin:/usr/sbin:/usr/bin:/sbin:/bin'), ('DISPLAY', ':0'), ('LANG', 'C.UTF-8'), ('AMENT_PREFIX_PATH', '/home/ros/ws_me462/install/zenpool_draw_letter:/home/ros/ws_me462/install/tutan_gripper:/home/ros/ws_me462/install/robot_head_ros:/home/ros/ws_me462/install/my_robot_cell_moveit_config:/home/ros/ws_me462/install/my_robot_cell_control:/home/ros/ws_me462/install/my_robot_cell_description:/opt/ros/humble'), ('PWD', '/home/ros/ws_me462/build/my_robot_cell_control'), ('LC_ALL', 'C.UTF-8'), ('PYTHONPATH', '/home/ros/ws_me462/build/tutan_gripper:/home/ros/ws_me462/install/tutan_gripper/lib/python3.10/site-packages:/home/ros/ws_me462/build/robot_head_ros:/home/ros/ws_me462/install/robot_head_ros/lib/python3.10/site-packages:/opt/ros/humble/lib/python3.10/site-packages:/opt/ros/humble/local/lib/python3.10/dist-packages'), ('COLCON', '1'), ('CMAKE_PREFIX_PATH', '/home/ros/ws_me462/install/my_robot_cell_description:/home/ros/ws_me462/install/zenpool_draw_letter:/home/ros/ws_me462/install/my_robot_cell_moveit_config:/home/ros/ws_me462/install/my_robot_cell_control:/home/ros/ws_me462/install/tutan_gripper:/home/ros/ws_me462/install/robot_head_ros:/opt/ros/humble')]), 'shell': False}
[2.970357] (my_robot_cell_control) StdoutLine: {'line': b'-- Install configuration: ""\n'}
[2.970958] (my_robot_cell_control) StdoutLine: {'line': b'-- Execute custom install script\n'}
[2.974131] (my_robot_cell_control) StdoutLine: {'line': b'-- Up-to-date symlink: /home/ros/ws_me462/install/my_robot_cell_control/share/my_robot_cell_control/launch/start_robot.launch.py\n'}
[2.979311] (my_robot_cell_control) StdoutLine: {'line': b'-- Up-to-date symlink: /home/ros/ws_me462/install/my_robot_cell_control/share/my_robot_cell_control/config/my_robot_calibration.yaml\n'}
[2.984188] (my_robot_cell_control) StdoutLine: {'line': b'-- Up-to-date symlink: /home/ros/ws_me462/install/my_robot_cell_control/share/my_robot_cell_control/config/ur5e/joint_limits.yaml\n'}
[2.989452] (my_robot_cell_control) StdoutLine: {'line': b'-- Up-to-date symlink: /home/ros/ws_me462/install/my_robot_cell_control/share/my_robot_cell_control/config/ur5e/physical_parameters.yaml\n'}
[2.990022] (my_robot_cell_control) StdoutLine: {'line': b'-- Up-to-date symlink: /home/ros/ws_me462/install/my_robot_cell_control/share/my_robot_cell_control/config/ur5e/visual_parameters.yaml\n'}
[2.993336] (my_robot_cell_control) StdoutLine: {'line': b'-- Up-to-date symlink: /home/ros/ws_me462/install/my_robot_cell_control/share/my_robot_cell_control/urdf/my_robot_cell_controlled.urdf.xacro\n'}
[2.996463] (my_robot_cell_control) StdoutLine: {'line': b'-- Up-to-date symlink: /home/ros/ws_me462/install/my_robot_cell_control/share/my_robot_cell_control/rviz/view_robot.rviz\n'}
[3.001148] (my_robot_cell_control) StdoutLine: {'line': b'-- Up-to-date symlink: /home/ros/ws_me462/install/my_robot_cell_control/share/ament_index/resource_index/package_run_dependencies/my_robot_cell_control\n'}
[3.005227] (my_robot_cell_control) StdoutLine: {'line': b'-- Up-to-date symlink: /home/ros/ws_me462/install/my_robot_cell_control/share/ament_index/resource_index/parent_prefix_path/my_robot_cell_control\n'}
[3.006016] (zenpool_draw_letter) CommandEnded: {'returncode': 0}
[3.008126] (-) TimerEvent: {}
[3.012626] (zenpool_draw_letter) JobProgress: {'identifier': 'zenpool_draw_letter', 'progress': 'install'}
[3.014289] (my_robot_cell_control) StdoutLine: {'line': b'-- Up-to-date symlink: /home/ros/ws_me462/install/my_robot_cell_control/share/my_robot_cell_control/environment/ament_prefix_path.sh\n'}
[3.014881] (my_robot_cell_control) StdoutLine: {'line': b'-- Up-to-date symlink: /home/ros/ws_me462/install/my_robot_cell_control/share/my_robot_cell_control/environment/ament_prefix_path.dsv\n'}
[3.015026] (my_robot_cell_control) StdoutLine: {'line': b'-- Up-to-date symlink: /home/ros/ws_me462/install/my_robot_cell_control/share/my_robot_cell_control/environment/path.sh\n'}
[3.015134] (my_robot_cell_control) StdoutLine: {'line': b'-- Up-to-date symlink: /home/ros/ws_me462/install/my_robot_cell_control/share/my_robot_cell_control/environment/path.dsv\n'}
[3.016350] (my_robot_cell_control) StdoutLine: {'line': b'-- Up-to-date symlink: /home/ros/ws_me462/install/my_robot_cell_control/share/my_robot_cell_control/local_setup.bash\n'}
[3.020916] (my_robot_cell_control) StdoutLine: {'line': b'-- Up-to-date symlink: /home/ros/ws_me462/install/my_robot_cell_control/share/my_robot_cell_control/local_setup.sh\n'}
[3.024044] (my_robot_cell_control) StdoutLine: {'line': b'-- Up-to-date symlink: /home/ros/ws_me462/install/my_robot_cell_control/share/my_robot_cell_control/local_setup.zsh\n'}
[3.027125] (my_robot_cell_control) StdoutLine: {'line': b'-- Up-to-date symlink: /home/ros/ws_me462/install/my_robot_cell_control/share/my_robot_cell_control/local_setup.dsv\n'}
[3.027622] (my_robot_cell_control) StdoutLine: {'line': b'-- Symlinking: /home/ros/ws_me462/install/my_robot_cell_control/share/my_robot_cell_control/package.dsv\n'}
[3.027990] (zenpool_draw_letter) Command: {'cmd': ['/usr/bin/cmake', '--install', '/home/ros/ws_me462/build/zenpool_draw_letter'], 'cwd': '/home/ros/ws_me462/build/zenpool_draw_letter', 'env': OrderedDict([('HOSTNAME', 'deniz-pi500'), ('SHLVL', '1'), ('LD_LIBRARY_PATH', '/opt/ros/humble/opt/rviz_ogre_vendor/lib:/opt/ros/humble/lib/aarch64-linux-gnu:/opt/ros/humble/lib'), ('HOME', '/home/ros'), ('OLDPWD', '/home/ros'), ('ROS_PYTHON_VERSION', '3'), ('COLCON_PREFIX_PATH', '/home/ros/ws_me462/install'), ('ROS_DISTRO', 'humble'), ('_', '/usr/bin/colcon'), ('ROS_VERSION', '2'), ('TERM', 'xterm'), ('ROS_LOCALHOST_ONLY', '0'), ('PATH', '/opt/ros/humble/bin:/usr/local/sbin:/usr/local/bin:/usr/sbin:/usr/bin:/sbin:/bin'), ('DISPLAY', ':0'), ('LANG', 'C.UTF-8'), ('AMENT_PREFIX_PATH', '/home/ros/ws_me462/install/zenpool_draw_letter:/home/ros/ws_me462/install/tutan_gripper:/home/ros/ws_me462/install/robot_head_ros:/home/ros/ws_me462/install/my_robot_cell_moveit_config:/home/ros/ws_me462/install/my_robot_cell_control:/home/ros/ws_me462/install/my_robot_cell_description:/opt/ros/humble'), ('PWD', '/home/ros/ws_me462/build/zenpool_draw_letter'), ('LC_ALL', 'C.UTF-8'), ('PYTHONPATH', '/home/ros/ws_me462/build/tutan_gripper:/home/ros/ws_me462/install/tutan_gripper/lib/python3.10/site-packages:/home/ros/ws_me462/build/robot_head_ros:/home/ros/ws_me462/install/robot_head_ros/lib/python3.10/site-packages:/opt/ros/humble/lib/python3.10/site-packages:/opt/ros/humble/local/lib/python3.10/dist-packages'), ('COLCON', '1'), ('CMAKE_PREFIX_PATH', '/home/ros/ws_me462/install/zenpool_draw_letter:/home/ros/ws_me462/install/my_robot_cell_moveit_config:/home/ros/ws_me462/install/my_robot_cell_control:/home/ros/ws_me462/install/my_robot_cell_description:/home/ros/ws_me462/install/tutan_gripper:/home/ros/ws_me462/install/robot_head_ros:/opt/ros/humble')]), 'shell': False}
[3.072297] (zenpool_draw_letter) StdoutLine: {'line': b'-- Install configuration: ""\n'}
[3.079075] (zenpool_draw_letter) StdoutLine: {'line': b'-- Execute custom install script\n'}
[3.086712] (zenpool_draw_letter) StdoutLine: {'line': b'-- Up-to-date symlink: /home/ros/ws_me462/install/zenpool_draw_letter/lib/zenpool_draw_letter/zenpool_draw_letter\n'}
[3.088681] (my_robot_cell_control) StdoutLine: {'line': b'-- Up-to-date symlink: /home/ros/ws_me462/install/my_robot_cell_control/share/ament_index/resource_index/packages/my_robot_cell_control\n'}
[3.089002] (my_robot_cell_control) StdoutLine: {'line': b'-- Up-to-date symlink: /home/ros/ws_me462/install/my_robot_cell_control/share/my_robot_cell_control/cmake/my_robot_cell_controlConfig.cmake\n'}
[3.089115] (my_robot_cell_control) StdoutLine: {'line': b'-- Up-to-date symlink: /home/ros/ws_me462/install/my_robot_cell_control/share/my_robot_cell_control/cmake/my_robot_cell_controlConfig-version.cmake\n'}
[3.095327] (zenpool_draw_letter) StdoutLine: {'line': b'-- Up-to-date symlink: /home/ros/ws_me462/install/zenpool_draw_letter/lib/zenpool_draw_letter/zenpool_draw_servo\n'}
[3.095923] (zenpool_draw_letter) StdoutLine: {'line': b'-- Up-to-date symlink: /home/ros/ws_me462/install/zenpool_draw_letter/lib/zenpool_draw_letter/zenpool_teleop_servo\n'}
[3.096076] (my_robot_cell_control) StdoutLine: {'line': b'-- Up-to-date symlink: /home/ros/ws_me462/install/my_robot_cell_control/share/my_robot_cell_control/package.xml\n'}
[3.097952] (zenpool_draw_letter) StdoutLine: {'line': b'-- Up-to-date symlink: /home/ros/ws_me462/install/zenpool_draw_letter/lib/zenpool_draw_letter/face_tracker_servo.py\n'}
[3.098415] (zenpool_draw_letter) StdoutLine: {'line': b'-- Up-to-date symlink: /home/ros/ws_me462/install/zenpool_draw_letter/lib/zenpool_draw_letter/aruco_tracker_servo.py\n'}
[3.098609] (zenpool_draw_letter) StdoutLine: {'line': b'-- Up-to-date symlink: /home/ros/ws_me462/install/zenpool_draw_letter/lib/zenpool_draw_letter/custom_dashboard.py\n'}
[3.100035] (zenpool_draw_letter) StdoutLine: {'line': b'-- Up-to-date symlink: /home/ros/ws_me462/install/zenpool_draw_letter/lib/zenpool_draw_letter/tool_manager.py\n'}
[3.101715] (zenpool_draw_letter) StdoutLine: {'line': b'-- Up-to-date symlink: /home/ros/ws_me462/install/zenpool_draw_letter/lib/zenpool_draw_letter/take_one.py\n'}
[3.102848] (zenpool_draw_letter) StdoutLine: {'line': b'-- Up-to-date symlink: /home/ros/ws_me462/install/zenpool_draw_letter/lib/zenpool_draw_letter/drop_one.py\n'}
[3.103301] (zenpool_draw_letter) StdoutLine: {'line': b'-- Up-to-date symlink: /home/ros/ws_me462/install/zenpool_draw_letter/lib/zenpool_draw_letter/take_two.py\n'}
[3.104325] (zenpool_draw_letter) StdoutLine: {'line': b'-- Up-to-date symlink: /home/ros/ws_me462/install/zenpool_draw_letter/lib/zenpool_draw_letter/drop_two.py\n'}
[3.105775] (zenpool_draw_letter) StdoutLine: {'line': b'-- Up-to-date symlink: /home/ros/ws_me462/install/zenpool_draw_letter/lib/zenpool_draw_letter/take_three.py\n'}
[3.108317] (zenpool_draw_letter) StdoutLine: {'line': b'-- Up-to-date symlink: /home/ros/ws_me462/install/zenpool_draw_letter/lib/zenpool_draw_letter/drop_three.py\n'}
[3.108776] (-) TimerEvent: {}
[3.116048] (zenpool_draw_letter) StdoutLine: {'line': b'-- Up-to-date symlink: /home/ros/ws_me462/install/zenpool_draw_letter/lib/zenpool_draw_letter/full_cleaning.py\n'}
[3.121865] (zenpool_draw_letter) StdoutLine: {'line': b'-- Up-to-date symlink: /home/ros/ws_me462/install/zenpool_draw_letter/lib/zenpool_draw_letter/drawing_job_executor.py\n'}
[3.125316] (zenpool_draw_letter) StdoutLine: {'line': b'-- Up-to-date symlink: /home/ros/ws_me462/install/zenpool_draw_letter/lib/zenpool_draw_letter/active_grippering_sequence.py\n'}
[3.125556] (zenpool_draw_letter) StdoutLine: {'line': b'-- Up-to-date symlink: /home/ros/ws_me462/install/zenpool_draw_letter/lib/zenpool_draw_letter/take_papis.py\n'}
[3.125701] (my_robot_cell_control) CommandEnded: {'returncode': 0}
[3.131302] (zenpool_draw_letter) StdoutLine: {'line': b'-- Up-to-date symlink: /home/ros/ws_me462/install/zenpool_draw_letter/lib/zenpool_draw_letter/drop_papis.py\n'}
[3.131680] (zenpool_draw_letter) StdoutLine: {'line': b'-- Up-to-date symlink: /home/ros/ws_me462/install/zenpool_draw_letter/share/zenpool_draw_letter/launch/zenpool_draw.launch.py\n'}
[3.131806] (zenpool_draw_letter) StdoutLine: {'line': b'-- Up-to-date symlink: /home/ros/ws_me462/install/zenpool_draw_letter/share/ament_index/resource_index/package_run_dependencies/zenpool_draw_letter\n'}
[3.131915] (zenpool_draw_letter) StdoutLine: {'line': b'-- Up-to-date symlink: /home/ros/ws_me462/install/zenpool_draw_letter/share/ament_index/resource_index/parent_prefix_path/zenpool_draw_letter\n'}
[3.132065] (zenpool_draw_letter) StdoutLine: {'line': b'-- Up-to-date symlink: /home/ros/ws_me462/install/zenpool_draw_letter/share/zenpool_draw_letter/environment/ament_prefix_path.sh\n'}
[3.135459] (zenpool_draw_letter) StdoutLine: {'line': b'-- Up-to-date symlink: /home/ros/ws_me462/install/zenpool_draw_letter/share/zenpool_draw_letter/environment/ament_prefix_path.dsv\n'}
[3.140703] (zenpool_draw_letter) StdoutLine: {'line': b'-- Up-to-date symlink: /home/ros/ws_me462/install/zenpool_draw_letter/share/zenpool_draw_letter/environment/path.sh\n'}
[3.141097] (zenpool_draw_letter) StdoutLine: {'line': b'-- Up-to-date symlink: /home/ros/ws_me462/install/zenpool_draw_letter/share/zenpool_draw_letter/environment/path.dsv\n'}
[3.151616] (zenpool_draw_letter) StdoutLine: {'line': b'-- Up-to-date symlink: /home/ros/ws_me462/install/zenpool_draw_letter/share/zenpool_draw_letter/local_setup.bash\n'}
[3.151843] (zenpool_draw_letter) StdoutLine: {'line': b'-- Up-to-date symlink: /home/ros/ws_me462/install/zenpool_draw_letter/share/zenpool_draw_letter/local_setup.sh\n'}
[3.151948] (zenpool_draw_letter) StdoutLine: {'line': b'-- Up-to-date symlink: /home/ros/ws_me462/install/zenpool_draw_letter/share/zenpool_draw_letter/local_setup.zsh\n'}
[3.152029] (zenpool_draw_letter) StdoutLine: {'line': b'-- Up-to-date symlink: /home/ros/ws_me462/install/zenpool_draw_letter/share/zenpool_draw_letter/local_setup.dsv\n'}
[3.152111] (zenpool_draw_letter) StdoutLine: {'line': b'-- Symlinking: /home/ros/ws_me462/install/zenpool_draw_letter/share/zenpool_draw_letter/package.dsv\n'}
[3.210395] (zenpool_draw_letter) StdoutLine: {'line': b'-- Up-to-date symlink: /home/ros/ws_me462/install/zenpool_draw_letter/share/ament_index/resource_index/packages/zenpool_draw_letter\n'}
[3.210855] (-) TimerEvent: {}
[3.213276] (zenpool_draw_letter) StdoutLine: {'line': b'-- Up-to-date symlink: /home/ros/ws_me462/install/zenpool_draw_letter/share/zenpool_draw_letter/cmake/zenpool_draw_letterConfig.cmake\n'}
[3.216386] (zenpool_draw_letter) StdoutLine: {'line': b'-- Up-to-date symlink: /home/ros/ws_me462/install/zenpool_draw_letter/share/zenpool_draw_letter/cmake/zenpool_draw_letterConfig-version.cmake\n'}
[3.217410] (zenpool_draw_letter) StdoutLine: {'line': b'-- Up-to-date symlink: /home/ros/ws_me462/install/zenpool_draw_letter/share/zenpool_draw_letter/package.xml\n'}
[3.238792] (my_robot_cell_control) JobEnded: {'identifier': 'my_robot_cell_control', 'rc': 0}
[3.242487] (my_robot_cell_moveit_config) JobStarted: {'identifier': 'my_robot_cell_moveit_config'}
[3.270965] (zenpool_draw_letter) CommandEnded: {'returncode': 0}
[3.311014] (-) TimerEvent: {}
[3.399347] (zenpool_draw_letter) JobEnded: {'identifier': 'zenpool_draw_letter', 'rc': 0}
[3.405367] (my_robot_cell_moveit_config) JobProgress: {'identifier': 'my_robot_cell_moveit_config', 'progress': 'cmake'}
[3.412457] (-) TimerEvent: {}
[3.426447] (my_robot_cell_moveit_config) JobProgress: {'identifier': 'my_robot_cell_moveit_config', 'progress': 'build'}
[3.426795] (my_robot_cell_moveit_config) Command: {'cmd': ['/usr/bin/cmake', '--build', '/home/ros/ws_me462/build/my_robot_cell_moveit_config', '--', '-j4', '-l4'], 'cwd': '/home/ros/ws_me462/build/my_robot_cell_moveit_config', 'env': OrderedDict([('HOSTNAME', 'deniz-pi500'), ('SHLVL', '1'), ('LD_LIBRARY_PATH', '/opt/ros/humble/opt/rviz_ogre_vendor/lib:/opt/ros/humble/lib/aarch64-linux-gnu:/opt/ros/humble/lib'), ('HOME', '/home/ros'), ('OLDPWD', '/home/ros'), ('ROS_PYTHON_VERSION', '3'), ('COLCON_PREFIX_PATH', '/home/ros/ws_me462/install'), ('ROS_DISTRO', 'humble'), ('_', '/usr/bin/colcon'), ('ROS_VERSION', '2'), ('TERM', 'xterm'), ('ROS_LOCALHOST_ONLY', '0'), ('PATH', '/opt/ros/humble/bin:/usr/local/sbin:/usr/local/bin:/usr/sbin:/usr/bin:/sbin:/bin'), ('DISPLAY', ':0'), ('LANG', 'C.UTF-8'), ('AMENT_PREFIX_PATH', '/home/ros/ws_me462/install/zenpool_draw_letter:/home/ros/ws_me462/install/tutan_gripper:/home/ros/ws_me462/install/robot_head_ros:/home/ros/ws_me462/install/my_robot_cell_moveit_config:/home/ros/ws_me462/install/my_robot_cell_control:/home/ros/ws_me462/install/my_robot_cell_description:/opt/ros/humble'), ('PWD', '/home/ros/ws_me462/build/my_robot_cell_moveit_config'), ('LC_ALL', 'C.UTF-8'), ('PYTHONPATH', '/home/ros/ws_me462/build/tutan_gripper:/home/ros/ws_me462/install/tutan_gripper/lib/python3.10/site-packages:/home/ros/ws_me462/build/robot_head_ros:/home/ros/ws_me462/install/robot_head_ros/lib/python3.10/site-packages:/opt/ros/humble/lib/python3.10/site-packages:/opt/ros/humble/local/lib/python3.10/dist-packages'), ('COLCON', '1'), ('CMAKE_PREFIX_PATH', '/home/ros/ws_me462/install/my_robot_cell_description:/home/ros/ws_me462/install/zenpool_draw_letter:/home/ros/ws_me462/install/my_robot_cell_moveit_config:/home/ros/ws_me462/install/my_robot_cell_control:/home/ros/ws_me462/install/tutan_gripper:/home/ros/ws_me462/install/robot_head_ros:/opt/ros/humble')]), 'shell': False}
[3.513641] (-) TimerEvent: {}
[3.618366] (-) TimerEvent: {}
[3.687852] (my_robot_cell_moveit_config) CommandEnded: {'returncode': 0}
[3.695436] (my_robot_cell_moveit_config) JobProgress: {'identifier': 'my_robot_cell_moveit_config', 'progress': 'install'}
[3.696402] (my_robot_cell_moveit_config) Command: {'cmd': ['/usr/bin/cmake', '--install', '/home/ros/ws_me462/build/my_robot_cell_moveit_config'], 'cwd': '/home/ros/ws_me462/build/my_robot_cell_moveit_config', 'env': OrderedDict([('HOSTNAME', 'deniz-pi500'), ('SHLVL', '1'), ('LD_LIBRARY_PATH', '/opt/ros/humble/opt/rviz_ogre_vendor/lib:/opt/ros/humble/lib/aarch64-linux-gnu:/opt/ros/humble/lib'), ('HOME', '/home/ros'), ('OLDPWD', '/home/ros'), ('ROS_PYTHON_VERSION', '3'), ('COLCON_PREFIX_PATH', '/home/ros/ws_me462/install'), ('ROS_DISTRO', 'humble'), ('_', '/usr/bin/colcon'), ('ROS_VERSION', '2'), ('TERM', 'xterm'), ('ROS_LOCALHOST_ONLY', '0'), ('PATH', '/opt/ros/humble/bin:/usr/local/sbin:/usr/local/bin:/usr/sbin:/usr/bin:/sbin:/bin'), ('DISPLAY', ':0'), ('LANG', 'C.UTF-8'), ('AMENT_PREFIX_PATH', '/home/ros/ws_me462/install/zenpool_draw_letter:/home/ros/ws_me462/install/tutan_gripper:/home/ros/ws_me462/install/robot_head_ros:/home/ros/ws_me462/install/my_robot_cell_moveit_config:/home/ros/ws_me462/install/my_robot_cell_control:/home/ros/ws_me462/install/my_robot_cell_description:/opt/ros/humble'), ('PWD', '/home/ros/ws_me462/build/my_robot_cell_moveit_config'), ('LC_ALL', 'C.UTF-8'), ('PYTHONPATH', '/home/ros/ws_me462/build/tutan_gripper:/home/ros/ws_me462/install/tutan_gripper/lib/python3.10/site-packages:/home/ros/ws_me462/build/robot_head_ros:/home/ros/ws_me462/install/robot_head_ros/lib/python3.10/site-packages:/opt/ros/humble/lib/python3.10/site-packages:/opt/ros/humble/local/lib/python3.10/dist-packages'), ('COLCON', '1'), ('CMAKE_PREFIX_PATH', '/home/ros/ws_me462/install/my_robot_cell_description:/home/ros/ws_me462/install/zenpool_draw_letter:/home/ros/ws_me462/install/my_robot_cell_moveit_config:/home/ros/ws_me462/install/my_robot_cell_control:/home/ros/ws_me462/install/tutan_gripper:/home/ros/ws_me462/install/robot_head_ros:/opt/ros/humble')]), 'shell': False}
[3.719036] (-) TimerEvent: {}
[3.757676] (my_robot_cell_moveit_config) StdoutLine: {'line': b'-- Install configuration: ""\n'}
[3.764927] (my_robot_cell_moveit_config) StdoutLine: {'line': b'-- Execute custom install script\n'}
[3.765874] (my_robot_cell_moveit_config) StdoutLine: {'line': b'-- Up-to-date symlink: /home/ros/ws_me462/install/my_robot_cell_moveit_config/share/ament_index/resource_index/package_run_dependencies/my_robot_cell_moveit_config\n'}
[3.772820] (my_robot_cell_moveit_config) StdoutLine: {'line': b'-- Up-to-date symlink: /home/ros/ws_me462/install/my_robot_cell_moveit_config/share/ament_index/resource_index/parent_prefix_path/my_robot_cell_moveit_config\n'}
[3.778771] (my_robot_cell_moveit_config) StdoutLine: {'line': b'-- Up-to-date symlink: /home/ros/ws_me462/install/my_robot_cell_moveit_config/share/my_robot_cell_moveit_config/environment/ament_prefix_path.sh\n'}
[3.784902] (my_robot_cell_moveit_config) StdoutLine: {'line': b'-- Up-to-date symlink: /home/ros/ws_me462/install/my_robot_cell_moveit_config/share/my_robot_cell_moveit_config/environment/ament_prefix_path.dsv\n'}
[3.787751] (my_robot_cell_moveit_config) StdoutLine: {'line': b'-- Up-to-date symlink: /home/ros/ws_me462/install/my_robot_cell_moveit_config/share/my_robot_cell_moveit_config/environment/path.sh\n'}
[3.795257] (my_robot_cell_moveit_config) StdoutLine: {'line': b'-- Up-to-date symlink: /home/ros/ws_me462/install/my_robot_cell_moveit_config/share/my_robot_cell_moveit_config/environment/path.dsv\n'}
[3.800468] (my_robot_cell_moveit_config) StdoutLine: {'line': b'-- Up-to-date symlink: /home/ros/ws_me462/install/my_robot_cell_moveit_config/share/my_robot_cell_moveit_config/local_setup.bash\n'}
[3.810125] (my_robot_cell_moveit_config) StdoutLine: {'line': b'-- Up-to-date symlink: /home/ros/ws_me462/install/my_robot_cell_moveit_config/share/my_robot_cell_moveit_config/local_setup.sh\n'}
[3.810781] (my_robot_cell_moveit_config) StdoutLine: {'line': b'-- Up-to-date symlink: /home/ros/ws_me462/install/my_robot_cell_moveit_config/share/my_robot_cell_moveit_config/local_setup.zsh\n'}
[3.815341] (my_robot_cell_moveit_config) StdoutLine: {'line': b'-- Up-to-date symlink: /home/ros/ws_me462/install/my_robot_cell_moveit_config/share/my_robot_cell_moveit_config/local_setup.dsv\n'}
[3.817723] (my_robot_cell_moveit_config) StdoutLine: {'line': b'-- Symlinking: /home/ros/ws_me462/install/my_robot_cell_moveit_config/share/my_robot_cell_moveit_config/package.dsv\n'}
[3.819346] (-) TimerEvent: {}
[3.855658] (my_robot_cell_moveit_config) StdoutLine: {'line': b'-- Up-to-date symlink: /home/ros/ws_me462/install/my_robot_cell_moveit_config/share/ament_index/resource_index/packages/my_robot_cell_moveit_config\n'}
[3.860356] (my_robot_cell_moveit_config) StdoutLine: {'line': b'-- Up-to-date symlink: /home/ros/ws_me462/install/my_robot_cell_moveit_config/share/my_robot_cell_moveit_config/cmake/my_robot_cell_moveit_configConfig.cmake\n'}
[3.861911] (my_robot_cell_moveit_config) StdoutLine: {'line': b'-- Up-to-date symlink: /home/ros/ws_me462/install/my_robot_cell_moveit_config/share/my_robot_cell_moveit_config/cmake/my_robot_cell_moveit_configConfig-version.cmake\n'}
[3.862142] (my_robot_cell_moveit_config) StdoutLine: {'line': b'-- Up-to-date symlink: /home/ros/ws_me462/install/my_robot_cell_moveit_config/share/my_robot_cell_moveit_config/package.xml\n'}
[3.874436] (my_robot_cell_moveit_config) StdoutLine: {'line': b'-- Up-to-date symlink: /home/ros/ws_me462/install/my_robot_cell_moveit_config/share/my_robot_cell_moveit_config/launch/demo.launch.py\n'}
[3.875116] (my_robot_cell_moveit_config) StdoutLine: {'line': b'-- Up-to-date symlink: /home/ros/ws_me462/install/my_robot_cell_moveit_config/share/my_robot_cell_moveit_config/launch/move_group.launch.py\n'}
[3.876728] (my_robot_cell_moveit_config) StdoutLine: {'line': b'-- Up-to-date symlink: /home/ros/ws_me462/install/my_robot_cell_moveit_config/share/my_robot_cell_moveit_config/launch/moveit_rviz.launch.py\n'}
[3.877380] (my_robot_cell_moveit_config) StdoutLine: {'line': b'-- Up-to-date symlink: /home/ros/ws_me462/install/my_robot_cell_moveit_config/share/my_robot_cell_moveit_config/launch/rsp.launch.py\n'}
[3.883054] (my_robot_cell_moveit_config) StdoutLine: {'line': b'-- Up-to-date symlink: /home/ros/ws_me462/install/my_robot_cell_moveit_config/share/my_robot_cell_moveit_config/launch/servo.launch.py\n'}
[3.883917] (my_robot_cell_moveit_config) StdoutLine: {'line': b'-- Up-to-date symlink: /home/ros/ws_me462/install/my_robot_cell_moveit_config/share/my_robot_cell_moveit_config/launch/setup_assistant.launch.py\n'}
[3.891334] (my_robot_cell_moveit_config) StdoutLine: {'line': b'-- Up-to-date symlink: /home/ros/ws_me462/install/my_robot_cell_moveit_config/share/my_robot_cell_moveit_config/launch/spawn_controllers.launch.py\n'}
[3.891539] (my_robot_cell_moveit_config) StdoutLine: {'line': b'-- Up-to-date symlink: /home/ros/ws_me462/install/my_robot_cell_moveit_config/share/my_robot_cell_moveit_config/launch/static_virtual_joint_tfs.launch.py\n'}
[3.891702] (my_robot_cell_moveit_config) StdoutLine: {'line': b'-- Up-to-date symlink: /home/ros/ws_me462/install/my_robot_cell_moveit_config/share/my_robot_cell_moveit_config/launch/warehouse_db.launch.py\n'}
[3.891796] (my_robot_cell_moveit_config) StdoutLine: {'line': b'-- Up-to-date symlink: /home/ros/ws_me462/install/my_robot_cell_moveit_config/share/my_robot_cell_moveit_config/config/initial_positions.yaml\n'}
[3.891893] (my_robot_cell_moveit_config) StdoutLine: {'line': b'-- Up-to-date symlink: /home/ros/ws_me462/install/my_robot_cell_moveit_config/share/my_robot_cell_moveit_config/config/joint_limits.yaml\n'}
[3.891980] (my_robot_cell_moveit_config) StdoutLine: {'line': b'-- Up-to-date symlink: /home/ros/ws_me462/install/my_robot_cell_moveit_config/share/my_robot_cell_moveit_config/config/kinematics.yaml\n'}
[3.892057] (my_robot_cell_moveit_config) StdoutLine: {'line': b'-- Up-to-date symlink: /home/ros/ws_me462/install/my_robot_cell_moveit_config/share/my_robot_cell_moveit_config/config/moveit.rviz\n'}
[3.892145] (my_robot_cell_moveit_config) StdoutLine: {'line': b'-- Up-to-date symlink: /home/ros/ws_me462/install/my_robot_cell_moveit_config/share/my_robot_cell_moveit_config/config/moveit_controllers.yaml\n'}
[3.892328] (my_robot_cell_moveit_config) StdoutLine: {'line': b'-- Up-to-date symlink: /home/ros/ws_me462/install/my_robot_cell_moveit_config/share/my_robot_cell_moveit_config/config/my_robot_cell.ros2_control.xacro\n'}
[3.902070] (my_robot_cell_moveit_config) StdoutLine: {'line': b'-- Up-to-date symlink: /home/ros/ws_me462/install/my_robot_cell_moveit_config/share/my_robot_cell_moveit_config/config/my_robot_cell.srdf\n'}
[3.902901] (my_robot_cell_moveit_config) StdoutLine: {'line': b'-- Up-to-date symlink: /home/ros/ws_me462/install/my_robot_cell_moveit_config/share/my_robot_cell_moveit_config/config/my_robot_cell.urdf.xacro\n'}
[3.903109] (my_robot_cell_moveit_config) StdoutLine: {'line': b'-- Up-to-date symlink: /home/ros/ws_me462/install/my_robot_cell_moveit_config/share/my_robot_cell_moveit_config/config/ompl_planning.yaml\n'}
[3.903294] (my_robot_cell_moveit_config) StdoutLine: {'line': b'-- Up-to-date symlink: /home/ros/ws_me462/install/my_robot_cell_moveit_config/share/my_robot_cell_moveit_config/config/pilz_cartesian_limits.yaml\n'}
[3.903437] (my_robot_cell_moveit_config) StdoutLine: {'line': b'-- Up-to-date symlink: /home/ros/ws_me462/install/my_robot_cell_moveit_config/share/my_robot_cell_moveit_config/config/ros2_controllers.yaml\n'}
[3.903562] (my_robot_cell_moveit_config) StdoutLine: {'line': b'-- Up-to-date symlink: /home/ros/ws_me462/install/my_robot_cell_moveit_config/share/my_robot_cell_moveit_config/config/sensors_3d.yaml\n'}
[3.903683] (my_robot_cell_moveit_config) StdoutLine: {'line': b'-- Up-to-date symlink: /home/ros/ws_me462/install/my_robot_cell_moveit_config/share/my_robot_cell_moveit_config/config/servo.yaml\n'}
[3.903798] (my_robot_cell_moveit_config) StdoutLine: {'line': b'-- Up-to-date symlink: /home/ros/ws_me462/install/my_robot_cell_moveit_config/share/my_robot_cell_moveit_config/srdf/my_robot_cell.srdf\n'}
[3.908307] (my_robot_cell_moveit_config) StdoutLine: {'line': b'-- Up-to-date symlink: /home/ros/ws_me462/install/my_robot_cell_moveit_config/share/my_robot_cell_moveit_config/.setup_assistant\n'}
[3.919382] (my_robot_cell_moveit_config) CommandEnded: {'returncode': 0}
[3.924024] (-) TimerEvent: {}
[4.001886] (my_robot_cell_moveit_config) JobEnded: {'identifier': 'my_robot_cell_moveit_config', 'rc': 0}
[4.016327] (tutan_gripper) Command: {'cmd': ['/usr/bin/python3', '-W', 'ignore:setup.py install is deprecated', '-W', 'ignore:easy_install command is deprecated', 'setup.py', 'develop', '--editable', '--build-directory', '/home/ros/ws_me462/build/tutan_gripper/build', '--no-deps', 'symlink_data'], 'cwd': '/home/ros/ws_me462/build/tutan_gripper', 'env': {'HOSTNAME': 'deniz-pi500', 'SHLVL': '1', 'LD_LIBRARY_PATH': '/opt/ros/humble/opt/rviz_ogre_vendor/lib:/opt/ros/humble/lib/aarch64-linux-gnu:/opt/ros/humble/lib', 'HOME': '/home/ros', 'OLDPWD': '/home/ros', 'ROS_PYTHON_VERSION': '3', 'COLCON_PREFIX_PATH': '/home/ros/ws_me462/install', 'ROS_DISTRO': 'humble', '_': '/usr/bin/colcon', 'ROS_VERSION': '2', 'TERM': 'xterm', 'ROS_LOCALHOST_ONLY': '0', 'PATH': '/opt/ros/humble/bin:/usr/local/sbin:/usr/local/bin:/usr/sbin:/usr/bin:/sbin:/bin', 'DISPLAY': ':0', 'LANG': 'C.UTF-8', 'AMENT_PREFIX_PATH': '/home/ros/ws_me462/install/zenpool_draw_letter:/home/ros/ws_me462/install/tutan_gripper:/home/ros/ws_me462/install/robot_head_ros:/home/ros/ws_me462/install/my_robot_cell_moveit_config:/home/ros/ws_me462/install/my_robot_cell_control:/home/ros/ws_me462/install/my_robot_cell_description:/opt/ros/humble', 'PWD': '/home/ros/ws_me462/build/tutan_gripper', 'LC_ALL': 'C.UTF-8', 'PYTHONPATH': '/home/ros/ws_me462/build/tutan_gripper/prefix_override:/usr/lib/python3/dist-packages/colcon_core/task/python/colcon_distutils_commands:/home/ros/ws_me462/install/tutan_gripper/lib/python3.10/site-packages:/home/ros/ws_me462/build/tutan_gripper:/home/ros/ws_me462/install/tutan_gripper/lib/python3.10/site-packages:/home/ros/ws_me462/build/robot_head_ros:/home/ros/ws_me462/install/robot_head_ros/lib/python3.10/site-packages:/opt/ros/humble/lib/python3.10/site-packages:/opt/ros/humble/local/lib/python3.10/dist-packages', 'COLCON': '1', 'CMAKE_PREFIX_PATH': '/home/ros/ws_me462/install/zenpool_draw_letter:/home/ros/ws_me462/install/my_robot_cell_moveit_config:/home/ros/ws_me462/install/my_robot_cell_control:/home/ros/ws_me462/install/my_robot_cell_description'}, 'shell': False}
[4.027323] (-) TimerEvent: {}
[4.129704] (-) TimerEvent: {}
[4.233570] (-) TimerEvent: {}
[4.285563] (robot_head_ros) Command: {'cmd': ['/usr/bin/python3', '-W', 'ignore:setup.py install is deprecated', '-W', 'ignore:easy_install command is deprecated', 'setup.py', 'develop', '--editable', '--build-directory', '/home/ros/ws_me462/build/robot_head_ros/build', '--no-deps', 'symlink_data'], 'cwd': '/home/ros/ws_me462/build/robot_head_ros', 'env': {'HOSTNAME': 'deniz-pi500', 'SHLVL': '1', 'LD_LIBRARY_PATH': '/opt/ros/humble/opt/rviz_ogre_vendor/lib:/opt/ros/humble/lib/aarch64-linux-gnu:/opt/ros/humble/lib', 'HOME': '/home/ros', 'OLDPWD': '/home/ros', 'ROS_PYTHON_VERSION': '3', 'COLCON_PREFIX_PATH': '/home/ros/ws_me462/install', 'ROS_DISTRO': 'humble', '_': '/usr/bin/colcon', 'ROS_VERSION': '2', 'TERM': 'xterm', 'ROS_LOCALHOST_ONLY': '0', 'PATH': '/opt/ros/humble/bin:/usr/local/sbin:/usr/local/bin:/usr/sbin:/usr/bin:/sbin:/bin', 'DISPLAY': ':0', 'LANG': 'C.UTF-8', 'AMENT_PREFIX_PATH': '/home/ros/ws_me462/install/zenpool_draw_letter:/home/ros/ws_me462/install/tutan_gripper:/home/ros/ws_me462/install/robot_head_ros:/home/ros/ws_me462/install/my_robot_cell_moveit_config:/home/ros/ws_me462/install/my_robot_cell_control:/home/ros/ws_me462/install/my_robot_cell_description:/opt/ros/humble', 'PWD': '/home/ros/ws_me462/build/robot_head_ros', 'LC_ALL': 'C.UTF-8', 'PYTHONPATH': '/home/ros/ws_me462/build/robot_head_ros/prefix_override:/usr/lib/python3/dist-packages/colcon_core/task/python/colcon_distutils_commands:/home/ros/ws_me462/install/robot_head_ros/lib/python3.10/site-packages:/home/ros/ws_me462/build/tutan_gripper:/home/ros/ws_me462/install/tutan_gripper/lib/python3.10/site-packages:/home/ros/ws_me462/build/robot_head_ros:/home/ros/ws_me462/install/robot_head_ros/lib/python3.10/site-packages:/opt/ros/humble/lib/python3.10/site-packages:/opt/ros/humble/local/lib/python3.10/dist-packages', 'COLCON': '1', 'CMAKE_PREFIX_PATH': '/home/ros/ws_me462/install/zenpool_draw_letter:/home/ros/ws_me462/install/my_robot_cell_moveit_config:/home/ros/ws_me462/install/my_robot_cell_control:/home/ros/ws_me462/install/my_robot_cell_description'}, 'shell': False}
[4.333669] (-) TimerEvent: {}
[4.437459] (-) TimerEvent: {}
[4.539979] (-) TimerEvent: {}
[4.644062] (-) TimerEvent: {}
[4.746641] (-) TimerEvent: {}
[4.847321] (-) TimerEvent: {}
[4.951342] (-) TimerEvent: {}
[4.971947] (tutan_gripper) StdoutLine: {'line': b'running develop\n'}
[5.053777] (-) TimerEvent: {}
[5.070497] (robot_head_ros) StdoutLine: {'line': b'running develop\n'}
[5.155700] (-) TimerEvent: {}
[5.265876] (-) TimerEvent: {}
[5.342647] (tutan_gripper) StdoutLine: {'line': b'running egg_info\n'}
[5.343438] (tutan_gripper) StdoutLine: {'line': b'writing tutan_gripper.egg-info/PKG-INFO\n'}
[5.344794] (tutan_gripper) StdoutLine: {'line': b'writing dependency_links to tutan_gripper.egg-info/dependency_links.txt\n'}
[5.345070] (tutan_gripper) StdoutLine: {'line': b'writing entry points to tutan_gripper.egg-info/entry_points.txt\n'}
[5.346569] (tutan_gripper) StdoutLine: {'line': b'writing requirements to tutan_gripper.egg-info/requires.txt\n'}
[5.346745] (tutan_gripper) StdoutLine: {'line': b'writing top-level names to tutan_gripper.egg-info/top_level.txt\n'}
[5.352275] (tutan_gripper) StdoutLine: {'line': b"reading manifest file 'tutan_gripper.egg-info/SOURCES.txt'\n"}
[5.354988] (tutan_gripper) StdoutLine: {'line': b"writing manifest file 'tutan_gripper.egg-info/SOURCES.txt'\n"}
[5.359392] (tutan_gripper) StdoutLine: {'line': b'running build_ext\n'}
[5.359912] (tutan_gripper) StdoutLine: {'line': b'Creating /home/ros/ws_me462/install/tutan_gripper/lib/python3.10/site-packages/tutan-gripper.egg-link (link to .)\n'}
[5.360060] (tutan_gripper) StdoutLine: {'line': b'Installing aruco_tracker_node script to /home/ros/ws_me462/install/tutan_gripper/lib/tutan_gripper\n'}
[5.360762] (tutan_gripper) StdoutLine: {'line': b'Installing gripper_driver_node script to /home/ros/ws_me462/install/tutan_gripper/lib/tutan_gripper\n'}
[5.360969] (tutan_gripper) StdoutLine: {'line': b'\n'}
[5.361130] (tutan_gripper) StdoutLine: {'line': b'Installed /home/ros/ws_me462/build/tutan_gripper\n'}
[5.361400] (tutan_gripper) StdoutLine: {'line': b'running symlink_data\n'}
[5.366074] (-) TimerEvent: {}
[5.436887] (robot_head_ros) StdoutLine: {'line': b'running egg_info\n'}
[5.438355] (robot_head_ros) StdoutLine: {'line': b'writing robot_head_ros.egg-info/PKG-INFO\n'}
[5.439126] (robot_head_ros) StdoutLine: {'line': b'writing dependency_links to robot_head_ros.egg-info/dependency_links.txt\n'}
[5.444186] (robot_head_ros) StdoutLine: {'line': b'writing entry points to robot_head_ros.egg-info/entry_points.txt\n'}
[5.444660] (robot_head_ros) StdoutLine: {'line': b'writing requirements to robot_head_ros.egg-info/requires.txt\n'}
[5.446055] (robot_head_ros) StdoutLine: {'line': b'writing top-level names to robot_head_ros.egg-info/top_level.txt\n'}
[5.451728] (robot_head_ros) StdoutLine: {'line': b"reading manifest file 'robot_head_ros.egg-info/SOURCES.txt'\n"}
[5.454902] (robot_head_ros) StdoutLine: {'line': b"writing manifest file 'robot_head_ros.egg-info/SOURCES.txt'\n"}
[5.458808] (robot_head_ros) StdoutLine: {'line': b'running build_ext\n'}
[5.460144] (robot_head_ros) StdoutLine: {'line': b'Creating /home/ros/ws_me462/install/robot_head_ros/lib/python3.10/site-packages/robot-head-ros.egg-link (link to .)\n'}
[5.468390] (-) TimerEvent: {}
[5.473351] (robot_head_ros) StdoutLine: {'line': b'Installing robot_head_node script to /home/ros/ws_me462/install/robot_head_ros/lib/robot_head_ros\n'}
[5.485056] (robot_head_ros) StdoutLine: {'line': b'\n'}
[5.496918] (robot_head_ros) StdoutLine: {'line': b'Installed /home/ros/ws_me462/build/robot_head_ros\n'}
[5.504843] (robot_head_ros) StdoutLine: {'line': b'running symlink_data\n'}
[5.568732] (-) TimerEvent: {}
[5.584850] (tutan_gripper) CommandEnded: {'returncode': 0}
[5.654099] (tutan_gripper) JobEnded: {'identifier': 'tutan_gripper', 'rc': 0}
[5.668968] (-) TimerEvent: {}
[5.692575] (robot_head_ros) CommandEnded: {'returncode': 0}
[5.725807] (robot_head_ros) JobEnded: {'identifier': 'robot_head_ros', 'rc': 0}
[5.744673] (-) EventReactorShutdown: {}
